{"/home/traning/Pictures/Personalized-Emailer/projectPmMailer /server/express/index.js":{"path":"/home/traning/Pictures/Personalized-Emailer/projectPmMailer /server/express/index.js","statementMap":{"0":{"start":{"line":1,"column":16},"end":{"line":1,"column":34}},"1":{"start":{"line":2,"column":12},"end":{"line":2,"column":21}},"2":{"start":{"line":3,"column":17},"end":{"line":3,"column":36}},"3":{"start":{"line":5,"column":15},"end":{"line":5,"column":40}},"4":{"start":{"line":6,"column":13},"end":{"line":6,"column":28}},"5":{"start":{"line":7,"column":19},"end":{"line":7,"column":41}},"6":{"start":{"line":8,"column":17},"end":{"line":8,"column":36}},"7":{"start":{"line":9,"column":16},"end":{"line":9,"column":42}},"8":{"start":{"line":10,"column":15},"end":{"line":10,"column":43}},"9":{"start":{"line":11,"column":15},"end":{"line":11,"column":47}},"10":{"start":{"line":12,"column":18},"end":{"line":12,"column":47}},"11":{"start":{"line":14,"column":20},"end":{"line":14,"column":54}},"12":{"start":{"line":15,"column":13},"end":{"line":15,"column":37}},"13":{"start":{"line":16,"column":12},"end":{"line":16,"column":28}},"14":{"start":{"line":17,"column":13},"end":{"line":17,"column":30}},"15":{"start":{"line":18,"column":12},"end":{"line":18,"column":36}},"16":{"start":{"line":20,"column":19},"end":{"line":20,"column":43}},"17":{"start":{"line":22,"column":16},"end":{"line":22,"column":49}},"18":{"start":{"line":24,"column":0},"end":{"line":29,"column":3}},"19":{"start":{"line":25,"column":4},"end":{"line":25,"column":54}},"20":{"start":{"line":26,"column":4},"end":{"line":26,"column":63}},"21":{"start":{"line":27,"column":4},"end":{"line":27,"column":99}},"22":{"start":{"line":28,"column":4},"end":{"line":28,"column":11}},"23":{"start":{"line":31,"column":0},"end":{"line":35,"column":4}},"24":{"start":{"line":36,"column":0},"end":{"line":36,"column":31}},"25":{"start":{"line":37,"column":0},"end":{"line":37,"column":28}},"26":{"start":{"line":39,"column":0},"end":{"line":39,"column":27}},"27":{"start":{"line":40,"column":0},"end":{"line":40,"column":52}},"28":{"start":{"line":41,"column":0},"end":{"line":41,"column":47}},"29":{"start":{"line":43,"column":0},"end":{"line":43,"column":51}},"30":{"start":{"line":44,"column":0},"end":{"line":44,"column":17}},"31":{"start":{"line":45,"column":0},"end":{"line":45,"column":24}},"32":{"start":{"line":46,"column":0},"end":{"line":46,"column":21}},"33":{"start":{"line":50,"column":0},"end":{"line":55,"column":3}},"34":{"start":{"line":53,"column":4},"end":{"line":53,"column":59}},"35":{"start":{"line":57,"column":0},"end":{"line":57,"column":21}}},"fnMap":{"0":{"name":"(anonymous_0)","decl":{"start":{"line":24,"column":8},"end":{"line":24,"column":9}},"loc":{"start":{"line":24,"column":33},"end":{"line":29,"column":1}},"line":24},"1":{"name":"(anonymous_1)","decl":{"start":{"line":50,"column":24},"end":{"line":50,"column":25}},"loc":{"start":{"line":50,"column":30},"end":{"line":55,"column":1}},"line":50}},"branchMap":{},"s":{"0":1,"1":1,"2":1,"3":1,"4":1,"5":1,"6":1,"7":1,"8":1,"9":1,"10":1,"11":1,"12":1,"13":1,"14":1,"15":1,"16":1,"17":1,"18":1,"19":8,"20":8,"21":8,"22":8,"23":1,"24":1,"25":1,"26":1,"27":1,"28":1,"29":1,"30":1,"31":1,"32":1,"33":1,"34":0,"35":1},"f":{"0":8,"1":0},"b":{},"_coverageSchema":"332fd63041d2c1bcb487cc26dd0d5f7d97098a6c","hash":"b0401232c60c8a065abc4058d554c95e18101543","contentHash":"9ab6bb6da14e91dd381a52d847f93a8e_11.2.1"},"/home/traning/Pictures/Personalized-Emailer/projectPmMailer /server/express/routes/route.js":{"path":"/home/traning/Pictures/Personalized-Emailer/projectPmMailer /server/express/routes/route.js","statementMap":{"0":{"start":{"line":1,"column":15},"end":{"line":1,"column":44}},"1":{"start":{"line":2,"column":18},"end":{"line":2,"column":48}},"2":{"start":{"line":3,"column":22},"end":{"line":3,"column":56}},"3":{"start":{"line":4,"column":15},"end":{"line":4,"column":39}},"4":{"start":{"line":5,"column":14},"end":{"line":5,"column":30}},"5":{"start":{"line":6,"column":15},"end":{"line":6,"column":32}},"6":{"start":{"line":7,"column":14},"end":{"line":7,"column":38}},"7":{"start":{"line":8,"column":15},"end":{"line":8,"column":48}},"8":{"start":{"line":9,"column":21},"end":{"line":9,"column":45}},"9":{"start":{"line":10,"column":16},"end":{"line":10,"column":34}},"10":{"start":{"line":11,"column":12},"end":{"line":11,"column":21}},"11":{"start":{"line":12,"column":15},"end":{"line":12,"column":31}},"12":{"start":{"line":13,"column":23},"end":{"line":13,"column":48}},"13":{"start":{"line":14,"column":22},"end":{"line":14,"column":55}},"14":{"start":{"line":15,"column":25},"end":{"line":15,"column":52}},"15":{"start":{"line":16,"column":15},"end":{"line":16,"column":34}},"16":{"start":{"line":17,"column":14},"end":{"line":17,"column":32}},"17":{"start":{"line":18,"column":22},"end":{"line":18,"column":48}},"18":{"start":{"line":19,"column":15},"end":{"line":19,"column":34}},"19":{"start":{"line":20,"column":19},"end":{"line":20,"column":42}},"20":{"start":{"line":21,"column":21},"end":{"line":21,"column":46}},"21":{"start":{"line":22,"column":15},"end":{"line":22,"column":34}},"22":{"start":{"line":24,"column":19},"end":{"line":24,"column":42}},"23":{"start":{"line":25,"column":14},"end":{"line":25,"column":32}},"24":{"start":{"line":26,"column":14},"end":{"line":26,"column":32}},"25":{"start":{"line":27,"column":15},"end":{"line":27,"column":34}},"26":{"start":{"line":28,"column":19},"end":{"line":28,"column":42}},"27":{"start":{"line":29,"column":0},"end":{"line":29,"column":27}},"28":{"start":{"line":30,"column":0},"end":{"line":30,"column":25}},"29":{"start":{"line":31,"column":0},"end":{"line":31,"column":36}},"30":{"start":{"line":32,"column":0},"end":{"line":32,"column":27}},"31":{"start":{"line":33,"column":0},"end":{"line":33,"column":28}},"32":{"start":{"line":35,"column":0},"end":{"line":35,"column":35}},"33":{"start":{"line":36,"column":0},"end":{"line":36,"column":39}},"34":{"start":{"line":37,"column":0},"end":{"line":37,"column":26}},"35":{"start":{"line":38,"column":0},"end":{"line":38,"column":36}},"36":{"start":{"line":39,"column":0},"end":{"line":39,"column":20}},"37":{"start":{"line":40,"column":0},"end":{"line":40,"column":27}},"38":{"start":{"line":42,"column":0},"end":{"line":42,"column":21}}},"fnMap":{},"branchMap":{},"s":{"0":1,"1":1,"2":1,"3":1,"4":1,"5":1,"6":1,"7":1,"8":1,"9":1,"10":1,"11":1,"12":1,"13":1,"14":1,"15":1,"16":1,"17":1,"18":1,"19":1,"20":1,"21":1,"22":1,"23":1,"24":1,"25":1,"26":1,"27":1,"28":1,"29":1,"30":1,"31":1,"32":1,"33":1,"34":1,"35":1,"36":1,"37":1,"38":1},"f":{},"b":{},"_coverageSchema":"332fd63041d2c1bcb487cc26dd0d5f7d97098a6c","hash":"e300ab3b509e73964e2ea10a735efe7cc0de8f93","contentHash":"a02a6c88887a63c40000b89bc12468a4_11.2.1"},"/home/traning/Pictures/Personalized-Emailer/projectPmMailer /server/express/config/database.js":{"path":"/home/traning/Pictures/Personalized-Emailer/projectPmMailer /server/express/config/database.js","statementMap":{"0":{"start":{"line":1,"column":0},"end":{"line":5,"column":1}}},"fnMap":{},"branchMap":{},"s":{"0":1},"f":{},"b":{},"_coverageSchema":"332fd63041d2c1bcb487cc26dd0d5f7d97098a6c","hash":"9303f05b580315dd10aa868402aa5a612b1e7f84","contentHash":"9721f1f3c2dbbfc69026061a85bc0511_11.2.1"},"/home/traning/Pictures/Personalized-Emailer/projectPmMailer /server/express/config/configure.js":{"path":"/home/traning/Pictures/Personalized-Emailer/projectPmMailer /server/express/config/configure.js","statementMap":{"0":{"start":{"line":2,"column":0},"end":{"line":10,"column":1}}},"fnMap":{},"branchMap":{},"s":{"0":1},"f":{},"b":{},"_coverageSchema":"332fd63041d2c1bcb487cc26dd0d5f7d97098a6c","hash":"d8b225214ad9ab3633c521ffa392f85f1174eba8","contentHash":"a0b3b8afa273323fd5c0109c59954297_11.2.1"},"/home/traning/Pictures/Personalized-Emailer/projectPmMailer /server/express/services/app.logger.js":{"path":"/home/traning/Pictures/Personalized-Emailer/projectPmMailer /server/express/services/app.logger.js","statementMap":{"0":{"start":{"line":2,"column":15},"end":{"line":2,"column":32}},"1":{"start":{"line":5,"column":21},"end":{"line":5,"column":48}},"2":{"start":{"line":8,"column":0},"end":{"line":8,"column":31}},"3":{"start":{"line":11,"column":15},"end":{"line":11,"column":33}},"4":{"start":{"line":14,"column":0},"end":{"line":14,"column":24}}},"fnMap":{},"branchMap":{},"s":{"0":1,"1":1,"2":1,"3":1,"4":1},"f":{},"b":{},"_coverageSchema":"332fd63041d2c1bcb487cc26dd0d5f7d97098a6c","hash":"39ea7bd6f40bf17b2be2c4605d56c690677bf4f3","contentHash":"e0c575e3254054d8ce0e86a628b12b94_11.2.1"},"/home/traning/Pictures/Personalized-Emailer/projectPmMailer /server/express/config/logger.js":{"path":"/home/traning/Pictures/Personalized-Emailer/projectPmMailer /server/express/config/logger.js","statementMap":{"0":{"start":{"line":1,"column":0},"end":{"line":20,"column":2}}},"fnMap":{},"branchMap":{},"s":{"0":1},"f":{},"b":{},"_coverageSchema":"332fd63041d2c1bcb487cc26dd0d5f7d97098a6c","hash":"54e62c936badcae970abb57c3146c11df6ad76d3","contentHash":"b45fda19524c8acf2b469077119c5315_11.2.1"},"/home/traning/Pictures/Personalized-Emailer/projectPmMailer /server/express/auth/google.js":{"path":"/home/traning/Pictures/Personalized-Emailer/projectPmMailer /server/express/auth/google.js","statementMap":{"0":{"start":{"line":1,"column":17},"end":{"line":1,"column":36}},"1":{"start":{"line":2,"column":13},"end":{"line":2,"column":43}},"2":{"start":{"line":3,"column":23},"end":{"line":3,"column":65}},"3":{"start":{"line":4,"column":15},"end":{"line":4,"column":46}},"4":{"start":{"line":6,"column":0},"end":{"line":39,"column":3}},"5":{"start":{"line":13,"column":8},"end":{"line":37,"column":11}},"6":{"start":{"line":16,"column":12},"end":{"line":18,"column":13}},"7":{"start":{"line":17,"column":16},"end":{"line":17,"column":33}},"8":{"start":{"line":20,"column":12},"end":{"line":36,"column":13}},"9":{"start":{"line":21,"column":16},"end":{"line":28,"column":19}},"10":{"start":{"line":29,"column":16},"end":{"line":32,"column":19}},"11":{"start":{"line":30,"column":20},"end":{"line":30,"column":46}},"12":{"start":{"line":30,"column":29},"end":{"line":30,"column":46}},"13":{"start":{"line":31,"column":20},"end":{"line":31,"column":43}},"14":{"start":{"line":35,"column":16},"end":{"line":35,"column":39}},"15":{"start":{"line":40,"column":0},"end":{"line":40,"column":26}}},"fnMap":{"0":{"name":"(anonymous_0)","decl":{"start":{"line":11,"column":4},"end":{"line":11,"column":5}},"loc":{"start":{"line":11,"column":55},"end":{"line":38,"column":5}},"line":11},"1":{"name":"(anonymous_1)","decl":{"start":{"line":15,"column":11},"end":{"line":15,"column":12}},"loc":{"start":{"line":15,"column":31},"end":{"line":37,"column":9}},"line":15},"2":{"name":"(anonymous_2)","decl":{"start":{"line":29,"column":26},"end":{"line":29,"column":27}},"loc":{"start":{"line":29,"column":40},"end":{"line":32,"column":17}},"line":29}},"branchMap":{"0":{"loc":{"start":{"line":16,"column":12},"end":{"line":18,"column":13}},"type":"if","locations":[{"start":{"line":16,"column":12},"end":{"line":18,"column":13}},{"start":{"line":16,"column":12},"end":{"line":18,"column":13}}],"line":16},"1":{"loc":{"start":{"line":20,"column":12},"end":{"line":36,"column":13}},"type":"if","locations":[{"start":{"line":20,"column":12},"end":{"line":36,"column":13}},{"start":{"line":20,"column":12},"end":{"line":36,"column":13}}],"line":20},"2":{"loc":{"start":{"line":30,"column":20},"end":{"line":30,"column":46}},"type":"if","locations":[{"start":{"line":30,"column":20},"end":{"line":30,"column":46}},{"start":{"line":30,"column":20},"end":{"line":30,"column":46}}],"line":30}},"s":{"0":1,"1":1,"2":1,"3":1,"4":1,"5":0,"6":0,"7":0,"8":0,"9":0,"10":0,"11":0,"12":0,"13":0,"14":0,"15":1},"f":{"0":0,"1":0,"2":0},"b":{"0":[0,0],"1":[0,0],"2":[0,0]},"_coverageSchema":"332fd63041d2c1bcb487cc26dd0d5f7d97098a6c","hash":"4ed371a13499d9b6b895858c8fc55bfaea750195","contentHash":"6ac2aaa82ea5a189a674e49006ad9f9c_11.2.1"},"/home/traning/Pictures/Personalized-Emailer/projectPmMailer /server/express/models/userModel.js":{"path":"/home/traning/Pictures/Personalized-Emailer/projectPmMailer /server/express/models/userModel.js","statementMap":{"0":{"start":{"line":1,"column":17},"end":{"line":1,"column":36}},"1":{"start":{"line":2,"column":15},"end":{"line":2,"column":30}},"2":{"start":{"line":3,"column":15},"end":{"line":3,"column":39}},"3":{"start":{"line":4,"column":16},"end":{"line":4,"column":46}},"4":{"start":{"line":5,"column":17},"end":{"line":5,"column":46}},"5":{"start":{"line":8,"column":17},"end":{"line":21,"column":2}},"6":{"start":{"line":23,"column":0},"end":{"line":32,"column":3}},"7":{"start":{"line":24,"column":14},"end":{"line":27,"column":5}},"8":{"start":{"line":28,"column":4},"end":{"line":29,"column":35}},"9":{"start":{"line":29,"column":8},"end":{"line":29,"column":35}},"10":{"start":{"line":31,"column":4},"end":{"line":31,"column":11}},"11":{"start":{"line":34,"column":0},"end":{"line":43,"column":2}},"12":{"start":{"line":35,"column":15},"end":{"line":35,"column":19}},"13":{"start":{"line":36,"column":4},"end":{"line":41,"column":7}},"14":{"start":{"line":37,"column":8},"end":{"line":37,"column":55}},"15":{"start":{"line":37,"column":17},"end":{"line":37,"column":55}},"16":{"start":{"line":38,"column":8},"end":{"line":38,"column":29}},"17":{"start":{"line":39,"column":8},"end":{"line":39,"column":34}},"18":{"start":{"line":40,"column":8},"end":{"line":40,"column":15}},"19":{"start":{"line":45,"column":0},"end":{"line":48,"column":3}},"20":{"start":{"line":50,"column":0},"end":{"line":57,"column":2}},"21":{"start":{"line":51,"column":4},"end":{"line":56,"column":7}},"22":{"start":{"line":52,"column":8},"end":{"line":54,"column":9}},"23":{"start":{"line":53,"column":12},"end":{"line":53,"column":27}},"24":{"start":{"line":55,"column":8},"end":{"line":55,"column":26}},"25":{"start":{"line":60,"column":0},"end":{"line":60,"column":52}}},"fnMap":{"0":{"name":"(anonymous_0)","decl":{"start":{"line":23,"column":23},"end":{"line":23,"column":24}},"loc":{"start":{"line":23,"column":38},"end":{"line":32,"column":1}},"line":23},"1":{"name":"(anonymous_1)","decl":{"start":{"line":34,"column":23},"end":{"line":34,"column":24}},"loc":{"start":{"line":34,"column":38},"end":{"line":43,"column":1}},"line":34},"2":{"name":"(anonymous_2)","decl":{"start":{"line":36,"column":43},"end":{"line":36,"column":44}},"loc":{"start":{"line":36,"column":58},"end":{"line":41,"column":5}},"line":36},"3":{"name":"(anonymous_3)","decl":{"start":{"line":50,"column":37},"end":{"line":50,"column":38}},"loc":{"start":{"line":50,"column":57},"end":{"line":57,"column":1}},"line":50},"4":{"name":"(anonymous_4)","decl":{"start":{"line":51,"column":41},"end":{"line":51,"column":42}},"loc":{"start":{"line":51,"column":64},"end":{"line":56,"column":5}},"line":51}},"branchMap":{"0":{"loc":{"start":{"line":28,"column":4},"end":{"line":29,"column":35}},"type":"if","locations":[{"start":{"line":28,"column":4},"end":{"line":29,"column":35}},{"start":{"line":28,"column":4},"end":{"line":29,"column":35}}],"line":28},"1":{"loc":{"start":{"line":37,"column":8},"end":{"line":37,"column":55}},"type":"if","locations":[{"start":{"line":37,"column":8},"end":{"line":37,"column":55}},{"start":{"line":37,"column":8},"end":{"line":37,"column":55}}],"line":37},"2":{"loc":{"start":{"line":52,"column":8},"end":{"line":54,"column":9}},"type":"if","locations":[{"start":{"line":52,"column":8},"end":{"line":54,"column":9}},{"start":{"line":52,"column":8},"end":{"line":54,"column":9}}],"line":52}},"s":{"0":1,"1":1,"2":1,"3":1,"4":1,"5":1,"6":1,"7":0,"8":0,"9":0,"10":0,"11":1,"12":0,"13":0,"14":0,"15":0,"16":0,"17":0,"18":0,"19":1,"20":1,"21":0,"22":0,"23":0,"24":0,"25":1},"f":{"0":0,"1":0,"2":0,"3":0,"4":0},"b":{"0":[0,0],"1":[0,0],"2":[0,0]},"_coverageSchema":"332fd63041d2c1bcb487cc26dd0d5f7d97098a6c","hash":"30d021355559b49ff4b401bf7607c301d6de05ec","contentHash":"fba8c74b68fc4955dd61956dbb5f1940_11.2.1"},"/home/traning/Pictures/Personalized-Emailer/projectPmMailer /server/express/config/googleAuth.js":{"path":"/home/traning/Pictures/Personalized-Emailer/projectPmMailer /server/express/config/googleAuth.js","statementMap":{"0":{"start":{"line":1,"column":0},"end":{"line":7,"column":1}}},"fnMap":{},"branchMap":{},"s":{"0":1},"f":{},"b":{},"_coverageSchema":"332fd63041d2c1bcb487cc26dd0d5f7d97098a6c","hash":"18bd7edfab7361ce4a29989fefc7ba1c2022a40b","contentHash":"fa3b1223ccdae5ac76a626bf8eecbb1c_11.2.1"},"/home/traning/Pictures/Personalized-Emailer/projectPmMailer /server/express/auth/facebook.js":{"path":"/home/traning/Pictures/Personalized-Emailer/projectPmMailer /server/express/auth/facebook.js","statementMap":{"0":{"start":{"line":1,"column":18},"end":{"line":1,"column":37}},"1":{"start":{"line":2,"column":26},"end":{"line":2,"column":63}},"2":{"start":{"line":3,"column":14},"end":{"line":3,"column":44}},"3":{"start":{"line":4,"column":18},"end":{"line":4,"column":51}},"4":{"start":{"line":6,"column":3},"end":{"line":52,"column":11}},"5":{"start":{"line":19,"column":11},"end":{"line":50,"column":14}},"6":{"start":{"line":22,"column":15},"end":{"line":49,"column":18}},"7":{"start":{"line":26,"column":19},"end":{"line":27,"column":40}},"8":{"start":{"line":27,"column":23},"end":{"line":27,"column":40}},"9":{"start":{"line":30,"column":19},"end":{"line":47,"column":20}},"10":{"start":{"line":31,"column":23},"end":{"line":31,"column":47}},"11":{"start":{"line":34,"column":35},"end":{"line":36,"column":59}},"12":{"start":{"line":40,"column":23},"end":{"line":46,"column":26}},"13":{"start":{"line":41,"column":27},"end":{"line":42,"column":41}},"14":{"start":{"line":42,"column":31},"end":{"line":42,"column":41}},"15":{"start":{"line":45,"column":27},"end":{"line":45,"column":51}},"16":{"start":{"line":56,"column":3},"end":{"line":56,"column":29}}},"fnMap":{"0":{"name":"(anonymous_0)","decl":{"start":{"line":16,"column":4},"end":{"line":16,"column":5}},"loc":{"start":{"line":16,"column":49},"end":{"line":52,"column":8}},"line":16},"1":{"name":"(anonymous_1)","decl":{"start":{"line":19,"column":28},"end":{"line":19,"column":29}},"loc":{"start":{"line":19,"column":39},"end":{"line":50,"column":12}},"line":19},"2":{"name":"(anonymous_2)","decl":{"start":{"line":22,"column":60},"end":{"line":22,"column":61}},"loc":{"start":{"line":22,"column":80},"end":{"line":49,"column":16}},"line":22},"3":{"name":"(anonymous_3)","decl":{"start":{"line":40,"column":33},"end":{"line":40,"column":34}},"loc":{"start":{"line":40,"column":47},"end":{"line":46,"column":24}},"line":40}},"branchMap":{"0":{"loc":{"start":{"line":26,"column":19},"end":{"line":27,"column":40}},"type":"if","locations":[{"start":{"line":26,"column":19},"end":{"line":27,"column":40}},{"start":{"line":26,"column":19},"end":{"line":27,"column":40}}],"line":26},"1":{"loc":{"start":{"line":30,"column":19},"end":{"line":47,"column":20}},"type":"if","locations":[{"start":{"line":30,"column":19},"end":{"line":47,"column":20}},{"start":{"line":30,"column":19},"end":{"line":47,"column":20}}],"line":30},"2":{"loc":{"start":{"line":41,"column":27},"end":{"line":42,"column":41}},"type":"if","locations":[{"start":{"line":41,"column":27},"end":{"line":42,"column":41}},{"start":{"line":41,"column":27},"end":{"line":42,"column":41}}],"line":41}},"s":{"0":1,"1":1,"2":1,"3":1,"4":1,"5":0,"6":0,"7":0,"8":0,"9":0,"10":0,"11":0,"12":0,"13":0,"14":0,"15":0,"16":1},"f":{"0":0,"1":0,"2":0,"3":0},"b":{"0":[0,0],"1":[0,0],"2":[0,0]},"_coverageSchema":"332fd63041d2c1bcb487cc26dd0d5f7d97098a6c","hash":"9f82e901b1d10f2ce47d3c294fe0364d837b7735","contentHash":"cb8f8eade08d3f0cb64839d2227eabe4_11.2.1"},"/home/traning/Pictures/Personalized-Emailer/projectPmMailer /server/express/config/facebookAuth.js":{"path":"/home/traning/Pictures/Personalized-Emailer/projectPmMailer /server/express/config/facebookAuth.js","statementMap":{"0":{"start":{"line":1,"column":0},"end":{"line":8,"column":1}}},"fnMap":{},"branchMap":{},"s":{"0":1},"f":{},"b":{},"_coverageSchema":"332fd63041d2c1bcb487cc26dd0d5f7d97098a6c","hash":"cd0dad8fbc08a9035e876ec6bd9d44f75855a246","contentHash":"4e9c5384fa8d198c692f1875c0c6f885_11.2.1"},"/home/traning/Pictures/Personalized-Emailer/projectPmMailer /server/express/routes/signup.js":{"path":"/home/traning/Pictures/Personalized-Emailer/projectPmMailer /server/express/routes/signup.js","statementMap":{"0":{"start":{"line":1,"column":13},"end":{"line":1,"column":43}},"1":{"start":{"line":2,"column":13},"end":{"line":2,"column":28}},"2":{"start":{"line":3,"column":12},"end":{"line":3,"column":35}},"3":{"start":{"line":4,"column":15},"end":{"line":4,"column":44}},"4":{"start":{"line":5,"column":18},"end":{"line":5,"column":48}},"5":{"start":{"line":6,"column":19},"end":{"line":6,"column":40}},"6":{"start":{"line":7,"column":15},"end":{"line":7,"column":48}},"7":{"start":{"line":8,"column":16},"end":{"line":8,"column":34}},"8":{"start":{"line":9,"column":15},"end":{"line":9,"column":31}},"9":{"start":{"line":14,"column":0},"end":{"line":67,"column":3}},"10":{"start":{"line":16,"column":15},"end":{"line":16,"column":25}},"11":{"start":{"line":17,"column":4},"end":{"line":17,"column":30}},"12":{"start":{"line":18,"column":4},"end":{"line":18,"column":38}},"13":{"start":{"line":19,"column":4},"end":{"line":19,"column":32}},"14":{"start":{"line":20,"column":4},"end":{"line":20,"column":34}},"15":{"start":{"line":21,"column":4},"end":{"line":21,"column":16}},"16":{"start":{"line":23,"column":4},"end":{"line":66,"column":5}},"17":{"start":{"line":24,"column":8},"end":{"line":24,"column":101}},"18":{"start":{"line":25,"column":8},"end":{"line":25,"column":52}},"19":{"start":{"line":29,"column":8},"end":{"line":65,"column":10}},"20":{"start":{"line":31,"column":12},"end":{"line":64,"column":13}},"21":{"start":{"line":33,"column":16},"end":{"line":36,"column":17}},"22":{"start":{"line":34,"column":20},"end":{"line":34,"column":102}},"23":{"start":{"line":35,"column":20},"end":{"line":35,"column":64}},"24":{"start":{"line":39,"column":34},"end":{"line":45,"column":18}},"25":{"start":{"line":47,"column":34},"end":{"line":54,"column":17}},"26":{"start":{"line":56,"column":16},"end":{"line":62,"column":19}},"27":{"start":{"line":57,"column":20},"end":{"line":61,"column":21}},"28":{"start":{"line":58,"column":24},"end":{"line":58,"column":56}},"29":{"start":{"line":60,"column":24},"end":{"line":60,"column":81}},"30":{"start":{"line":63,"column":16},"end":{"line":63,"column":88}},"31":{"start":{"line":69,"column":0},"end":{"line":69,"column":24}}},"fnMap":{"0":{"name":"(anonymous_0)","decl":{"start":{"line":14,"column":22},"end":{"line":14,"column":23}},"loc":{"start":{"line":14,"column":36},"end":{"line":67,"column":1}},"line":14},"1":{"name":"(anonymous_1)","decl":{"start":{"line":29,"column":18},"end":{"line":29,"column":19}},"loc":{"start":{"line":29,"column":27},"end":{"line":65,"column":9}},"line":29},"2":{"name":"(anonymous_2)","decl":{"start":{"line":56,"column":50},"end":{"line":56,"column":51}},"loc":{"start":{"line":56,"column":72},"end":{"line":62,"column":17}},"line":56}},"branchMap":{"0":{"loc":{"start":{"line":23,"column":4},"end":{"line":66,"column":5}},"type":"if","locations":[{"start":{"line":23,"column":4},"end":{"line":66,"column":5}},{"start":{"line":23,"column":4},"end":{"line":66,"column":5}}],"line":23},"1":{"loc":{"start":{"line":23,"column":8},"end":{"line":23,"column":111}},"type":"binary-expr","locations":[{"start":{"line":23,"column":8},"end":{"line":23,"column":29}},{"start":{"line":23,"column":33},"end":{"line":23,"column":58}},{"start":{"line":23,"column":62},"end":{"line":23,"column":84}},{"start":{"line":23,"column":88},"end":{"line":23,"column":111}}],"line":23},"2":{"loc":{"start":{"line":31,"column":12},"end":{"line":64,"column":13}},"type":"if","locations":[{"start":{"line":31,"column":12},"end":{"line":64,"column":13}},{"start":{"line":31,"column":12},"end":{"line":64,"column":13}}],"line":31},"3":{"loc":{"start":{"line":33,"column":16},"end":{"line":36,"column":17}},"type":"if","locations":[{"start":{"line":33,"column":16},"end":{"line":36,"column":17}},{"start":{"line":33,"column":16},"end":{"line":36,"column":17}}],"line":33},"4":{"loc":{"start":{"line":57,"column":20},"end":{"line":61,"column":21}},"type":"if","locations":[{"start":{"line":57,"column":20},"end":{"line":61,"column":21}},{"start":{"line":57,"column":20},"end":{"line":61,"column":21}}],"line":57}},"s":{"0":1,"1":1,"2":1,"3":1,"4":1,"5":1,"6":1,"7":1,"8":1,"9":1,"10":0,"11":0,"12":0,"13":0,"14":0,"15":0,"16":0,"17":0,"18":0,"19":0,"20":0,"21":0,"22":0,"23":0,"24":0,"25":0,"26":0,"27":0,"28":0,"29":0,"30":0,"31":1},"f":{"0":0,"1":0,"2":0},"b":{"0":[0,0],"1":[0,0,0,0],"2":[0,0],"3":[0,0],"4":[0,0]},"_coverageSchema":"332fd63041d2c1bcb487cc26dd0d5f7d97098a6c","hash":"a012c19e2bbe59b26326a2dd09cef08d98a819c4","contentHash":"1140de21913767f0db166ed98f0f2bfa_11.2.1"},"/home/traning/Pictures/Personalized-Emailer/projectPmMailer /server/express/routes/login.js":{"path":"/home/traning/Pictures/Personalized-Emailer/projectPmMailer /server/express/routes/login.js","statementMap":{"0":{"start":{"line":1,"column":13},"end":{"line":1,"column":43}},"1":{"start":{"line":2,"column":13},"end":{"line":2,"column":28}},"2":{"start":{"line":3,"column":12},"end":{"line":3,"column":35}},"3":{"start":{"line":4,"column":15},"end":{"line":4,"column":44}},"4":{"start":{"line":5,"column":15},"end":{"line":5,"column":48}},"5":{"start":{"line":6,"column":16},"end":{"line":6,"column":34}},"6":{"start":{"line":7,"column":15},"end":{"line":7,"column":31}},"7":{"start":{"line":10,"column":0},"end":{"line":44,"column":3}},"8":{"start":{"line":11,"column":4},"end":{"line":43,"column":7}},"9":{"start":{"line":14,"column":8},"end":{"line":17,"column":9}},"10":{"start":{"line":15,"column":12},"end":{"line":15,"column":97}},"11":{"start":{"line":16,"column":12},"end":{"line":16,"column":33}},"12":{"start":{"line":18,"column":8},"end":{"line":42,"column":9}},"13":{"start":{"line":20,"column":12},"end":{"line":20,"column":106}},"14":{"start":{"line":21,"column":12},"end":{"line":21,"column":65}},"15":{"start":{"line":25,"column":12},"end":{"line":41,"column":15}},"16":{"start":{"line":27,"column":16},"end":{"line":40,"column":17}},"17":{"start":{"line":29,"column":32},"end":{"line":29,"column":65}},"18":{"start":{"line":32,"column":20},"end":{"line":32,"column":179}},"19":{"start":{"line":33,"column":20},"end":{"line":33,"column":64}},"20":{"start":{"line":38,"column":20},"end":{"line":38,"column":115}},"21":{"start":{"line":39,"column":20},"end":{"line":39,"column":74}},"22":{"start":{"line":48,"column":3},"end":{"line":58,"column":8}},"23":{"start":{"line":49,"column":10},"end":{"line":57,"column":12}},"24":{"start":{"line":50,"column":14},"end":{"line":56,"column":15}},"25":{"start":{"line":51,"column":18},"end":{"line":51,"column":75}},"26":{"start":{"line":52,"column":18},"end":{"line":52,"column":39}},"27":{"start":{"line":54,"column":18},"end":{"line":54,"column":32}},"28":{"start":{"line":55,"column":18},"end":{"line":55,"column":59}},"29":{"start":{"line":60,"column":0},"end":{"line":60,"column":24}}},"fnMap":{"0":{"name":"(anonymous_0)","decl":{"start":{"line":10,"column":39},"end":{"line":10,"column":40}},"loc":{"start":{"line":10,"column":58},"end":{"line":44,"column":1}},"line":10},"1":{"name":"(anonymous_1)","decl":{"start":{"line":13,"column":7},"end":{"line":13,"column":8}},"loc":{"start":{"line":13,"column":27},"end":{"line":43,"column":5}},"line":13},"2":{"name":"(anonymous_2)","decl":{"start":{"line":25,"column":54},"end":{"line":25,"column":55}},"loc":{"start":{"line":25,"column":77},"end":{"line":41,"column":13}},"line":25},"3":{"name":"(anonymous_3)","decl":{"start":{"line":48,"column":19},"end":{"line":48,"column":20}},"loc":{"start":{"line":48,"column":38},"end":{"line":58,"column":7}},"line":48},"4":{"name":"(anonymous_4)","decl":{"start":{"line":49,"column":20},"end":{"line":49,"column":21}},"loc":{"start":{"line":49,"column":35},"end":{"line":57,"column":11}},"line":49}},"branchMap":{"0":{"loc":{"start":{"line":14,"column":8},"end":{"line":17,"column":9}},"type":"if","locations":[{"start":{"line":14,"column":8},"end":{"line":17,"column":9}},{"start":{"line":14,"column":8},"end":{"line":17,"column":9}}],"line":14},"1":{"loc":{"start":{"line":18,"column":8},"end":{"line":42,"column":9}},"type":"if","locations":[{"start":{"line":18,"column":8},"end":{"line":42,"column":9}},{"start":{"line":18,"column":8},"end":{"line":42,"column":9}}],"line":18},"2":{"loc":{"start":{"line":27,"column":16},"end":{"line":40,"column":17}},"type":"if","locations":[{"start":{"line":27,"column":16},"end":{"line":40,"column":17}},{"start":{"line":27,"column":16},"end":{"line":40,"column":17}}],"line":27},"3":{"loc":{"start":{"line":27,"column":20},"end":{"line":27,"column":35}},"type":"binary-expr","locations":[{"start":{"line":27,"column":20},"end":{"line":27,"column":27}},{"start":{"line":27,"column":31},"end":{"line":27,"column":35}}],"line":27},"4":{"loc":{"start":{"line":50,"column":14},"end":{"line":56,"column":15}},"type":"if","locations":[{"start":{"line":50,"column":14},"end":{"line":56,"column":15}},{"start":{"line":50,"column":14},"end":{"line":56,"column":15}}],"line":50}},"s":{"0":1,"1":1,"2":1,"3":1,"4":1,"5":1,"6":1,"7":1,"8":0,"9":0,"10":0,"11":0,"12":0,"13":0,"14":0,"15":0,"16":0,"17":0,"18":0,"19":0,"20":0,"21":0,"22":1,"23":0,"24":0,"25":0,"26":0,"27":0,"28":0,"29":1},"f":{"0":0,"1":0,"2":0,"3":0,"4":0},"b":{"0":[0,0],"1":[0,0],"2":[0,0],"3":[0,0],"4":[0,0]},"_coverageSchema":"332fd63041d2c1bcb487cc26dd0d5f7d97098a6c","hash":"28c991408e06b5e6de0f11c162478bed6587bfb0","contentHash":"dc8d4d3e1adb91af12996247433565b5_11.2.1"},"/home/traning/Pictures/Personalized-Emailer/projectPmMailer /server/express/routes/resetPassword.js":{"path":"/home/traning/Pictures/Personalized-Emailer/projectPmMailer /server/express/routes/resetPassword.js","statementMap":{"0":{"start":{"line":1,"column":13},"end":{"line":1,"column":43}},"1":{"start":{"line":2,"column":18},"end":{"line":2,"column":48}},"2":{"start":{"line":3,"column":19},"end":{"line":3,"column":40}},"3":{"start":{"line":4,"column":16},"end":{"line":4,"column":34}},"4":{"start":{"line":5,"column":14},"end":{"line":5,"column":30}},"5":{"start":{"line":6,"column":15},"end":{"line":6,"column":31}},"6":{"start":{"line":7,"column":17},"end":{"line":7,"column":36}},"7":{"start":{"line":8,"column":22},"end":{"line":8,"column":56}},"8":{"start":{"line":9,"column":15},"end":{"line":9,"column":48}},"9":{"start":{"line":10,"column":15},"end":{"line":10,"column":32}},"10":{"start":{"line":13,"column":0},"end":{"line":25,"column":4}},"11":{"start":{"line":14,"column":4},"end":{"line":24,"column":7}},"12":{"start":{"line":15,"column":8},"end":{"line":15,"column":34}},"13":{"start":{"line":15,"column":17},"end":{"line":15,"column":34}},"14":{"start":{"line":16,"column":8},"end":{"line":16,"column":77}},"15":{"start":{"line":16,"column":19},"end":{"line":16,"column":77}},"16":{"start":{"line":17,"column":8},"end":{"line":23,"column":11}},"17":{"start":{"line":18,"column":12},"end":{"line":22,"column":13}},"18":{"start":{"line":19,"column":16},"end":{"line":19,"column":40}},"19":{"start":{"line":21,"column":16},"end":{"line":21,"column":77}},"20":{"start":{"line":27,"column":0},"end":{"line":29,"column":3}},"21":{"start":{"line":28,"column":4},"end":{"line":28,"column":24}},"22":{"start":{"line":31,"column":0},"end":{"line":35,"column":3}},"23":{"start":{"line":32,"column":4},"end":{"line":34,"column":7}},"24":{"start":{"line":33,"column":8},"end":{"line":33,"column":24}},"25":{"start":{"line":37,"column":0},"end":{"line":102,"column":3}},"26":{"start":{"line":38,"column":4},"end":{"line":101,"column":7}},"27":{"start":{"line":40,"column":12},"end":{"line":43,"column":15}},"28":{"start":{"line":41,"column":28},"end":{"line":41,"column":47}},"29":{"start":{"line":42,"column":16},"end":{"line":42,"column":33}},"30":{"start":{"line":47,"column":12},"end":{"line":47,"column":29}},"31":{"start":{"line":48,"column":12},"end":{"line":61,"column":15}},"32":{"start":{"line":49,"column":16},"end":{"line":54,"column":17}},"33":{"start":{"line":50,"column":20},"end":{"line":50,"column":44}},"34":{"start":{"line":51,"column":20},"end":{"line":51,"column":78}},"35":{"start":{"line":52,"column":20},"end":{"line":52,"column":122}},"36":{"start":{"line":55,"column":16},"end":{"line":55,"column":37}},"37":{"start":{"line":56,"column":16},"end":{"line":56,"column":48}},"38":{"start":{"line":57,"column":16},"end":{"line":57,"column":81}},"39":{"start":{"line":58,"column":16},"end":{"line":60,"column":19}},"40":{"start":{"line":59,"column":20},"end":{"line":59,"column":43}},"41":{"start":{"line":68,"column":29},"end":{"line":68,"column":50}},"42":{"start":{"line":70,"column":30},"end":{"line":76,"column":14}},"43":{"start":{"line":78,"column":30},"end":{"line":87,"column":13}},"44":{"start":{"line":89,"column":12},"end":{"line":95,"column":15}},"45":{"start":{"line":90,"column":16},"end":{"line":94,"column":17}},"46":{"start":{"line":91,"column":20},"end":{"line":91,"column":49}},"47":{"start":{"line":93,"column":20},"end":{"line":93,"column":72}},"48":{"start":{"line":98,"column":8},"end":{"line":98,"column":34}},"49":{"start":{"line":98,"column":17},"end":{"line":98,"column":34}},"50":{"start":{"line":99,"column":8},"end":{"line":99,"column":32}},"51":{"start":{"line":100,"column":8},"end":{"line":100,"column":41}},"52":{"start":{"line":104,"column":0},"end":{"line":116,"column":3}},"53":{"start":{"line":105,"column":19},"end":{"line":105,"column":35}},"54":{"start":{"line":107,"column":4},"end":{"line":115,"column":7}},"55":{"start":{"line":108,"column":8},"end":{"line":111,"column":9}},"56":{"start":{"line":109,"column":12},"end":{"line":109,"column":75}},"57":{"start":{"line":110,"column":12},"end":{"line":110,"column":108}},"58":{"start":{"line":112,"column":8},"end":{"line":112,"column":61}},"59":{"start":{"line":113,"column":8},"end":{"line":113,"column":55}},"60":{"start":{"line":118,"column":0},"end":{"line":144,"column":3}},"61":{"start":{"line":119,"column":4},"end":{"line":143,"column":7}},"62":{"start":{"line":121,"column":12},"end":{"line":135,"column":15}},"63":{"start":{"line":122,"column":16},"end":{"line":125,"column":17}},"64":{"start":{"line":123,"column":20},"end":{"line":123,"column":83}},"65":{"start":{"line":124,"column":20},"end":{"line":124,"column":116}},"66":{"start":{"line":126,"column":16},"end":{"line":126,"column":50}},"67":{"start":{"line":127,"column":16},"end":{"line":127,"column":52}},"68":{"start":{"line":128,"column":16},"end":{"line":128,"column":54}},"69":{"start":{"line":130,"column":16},"end":{"line":134,"column":19}},"70":{"start":{"line":131,"column":20},"end":{"line":133,"column":23}},"71":{"start":{"line":132,"column":24},"end":{"line":132,"column":40}},"72":{"start":{"line":139,"column":8},"end":{"line":139,"column":34}},"73":{"start":{"line":139,"column":17},"end":{"line":139,"column":34}},"74":{"start":{"line":140,"column":8},"end":{"line":140,"column":52}},"75":{"start":{"line":141,"column":8},"end":{"line":141,"column":36}},"76":{"start":{"line":146,"column":0},"end":{"line":146,"column":24}}},"fnMap":{"0":{"name":"(anonymous_0)","decl":{"start":{"line":13,"column":31},"end":{"line":13,"column":32}},"loc":{"start":{"line":13,"column":63},"end":{"line":25,"column":1}},"line":13},"1":{"name":"(anonymous_1)","decl":{"start":{"line":14,"column":35},"end":{"line":14,"column":36}},"loc":{"start":{"line":14,"column":55},"end":{"line":24,"column":5}},"line":14},"2":{"name":"(anonymous_2)","decl":{"start":{"line":17,"column":39},"end":{"line":17,"column":40}},"loc":{"start":{"line":17,"column":62},"end":{"line":23,"column":9}},"line":17},"3":{"name":"(anonymous_3)","decl":{"start":{"line":27,"column":23},"end":{"line":27,"column":24}},"loc":{"start":{"line":27,"column":44},"end":{"line":29,"column":1}},"line":27},"4":{"name":"(anonymous_4)","decl":{"start":{"line":31,"column":25},"end":{"line":31,"column":26}},"loc":{"start":{"line":31,"column":44},"end":{"line":35,"column":1}},"line":31},"5":{"name":"(anonymous_5)","decl":{"start":{"line":32,"column":22},"end":{"line":32,"column":23}},"loc":{"start":{"line":32,"column":42},"end":{"line":34,"column":5}},"line":32},"6":{"name":"(anonymous_6)","decl":{"start":{"line":37,"column":29},"end":{"line":37,"column":30}},"loc":{"start":{"line":37,"column":54},"end":{"line":102,"column":1}},"line":37},"7":{"name":"(anonymous_7)","decl":{"start":{"line":39,"column":8},"end":{"line":39,"column":9}},"loc":{"start":{"line":39,"column":23},"end":{"line":44,"column":9}},"line":39},"8":{"name":"(anonymous_8)","decl":{"start":{"line":40,"column":35},"end":{"line":40,"column":36}},"loc":{"start":{"line":40,"column":54},"end":{"line":43,"column":13}},"line":40},"9":{"name":"(anonymous_9)","decl":{"start":{"line":46,"column":8},"end":{"line":46,"column":9}},"loc":{"start":{"line":46,"column":30},"end":{"line":62,"column":9}},"line":46},"10":{"name":"(anonymous_10)","decl":{"start":{"line":48,"column":54},"end":{"line":48,"column":55}},"loc":{"start":{"line":48,"column":74},"end":{"line":61,"column":13}},"line":48},"11":{"name":"(anonymous_11)","decl":{"start":{"line":58,"column":26},"end":{"line":58,"column":27}},"loc":{"start":{"line":58,"column":40},"end":{"line":60,"column":17}},"line":58},"12":{"name":"(anonymous_12)","decl":{"start":{"line":64,"column":8},"end":{"line":64,"column":9}},"loc":{"start":{"line":64,"column":36},"end":{"line":96,"column":9}},"line":64},"13":{"name":"(anonymous_13)","decl":{"start":{"line":89,"column":46},"end":{"line":89,"column":47}},"loc":{"start":{"line":89,"column":68},"end":{"line":95,"column":13}},"line":89},"14":{"name":"(anonymous_14)","decl":{"start":{"line":97,"column":7},"end":{"line":97,"column":8}},"loc":{"start":{"line":97,"column":21},"end":{"line":101,"column":5}},"line":97},"15":{"name":"(anonymous_15)","decl":{"start":{"line":104,"column":28},"end":{"line":104,"column":29}},"loc":{"start":{"line":104,"column":47},"end":{"line":116,"column":1}},"line":104},"16":{"name":"(anonymous_16)","decl":{"start":{"line":107,"column":102},"end":{"line":107,"column":103}},"loc":{"start":{"line":107,"column":122},"end":{"line":115,"column":5}},"line":107},"17":{"name":"(anonymous_17)","decl":{"start":{"line":118,"column":29},"end":{"line":118,"column":30}},"loc":{"start":{"line":118,"column":48},"end":{"line":144,"column":1}},"line":118},"18":{"name":"(anonymous_18)","decl":{"start":{"line":120,"column":8},"end":{"line":120,"column":9}},"loc":{"start":{"line":120,"column":23},"end":{"line":136,"column":9}},"line":120},"19":{"name":"(anonymous_19)","decl":{"start":{"line":121,"column":110},"end":{"line":121,"column":111}},"loc":{"start":{"line":121,"column":130},"end":{"line":135,"column":13}},"line":121},"20":{"name":"(anonymous_20)","decl":{"start":{"line":130,"column":26},"end":{"line":130,"column":27}},"loc":{"start":{"line":130,"column":40},"end":{"line":134,"column":17}},"line":130},"21":{"name":"(anonymous_21)","decl":{"start":{"line":131,"column":36},"end":{"line":131,"column":37}},"loc":{"start":{"line":131,"column":50},"end":{"line":133,"column":21}},"line":131},"22":{"name":"(anonymous_22)","decl":{"start":{"line":138,"column":7},"end":{"line":138,"column":8}},"loc":{"start":{"line":138,"column":21},"end":{"line":143,"column":5}},"line":138}},"branchMap":{"0":{"loc":{"start":{"line":15,"column":8},"end":{"line":15,"column":34}},"type":"if","locations":[{"start":{"line":15,"column":8},"end":{"line":15,"column":34}},{"start":{"line":15,"column":8},"end":{"line":15,"column":34}}],"line":15},"1":{"loc":{"start":{"line":16,"column":8},"end":{"line":16,"column":77}},"type":"if","locations":[{"start":{"line":16,"column":8},"end":{"line":16,"column":77}},{"start":{"line":16,"column":8},"end":{"line":16,"column":77}}],"line":16},"2":{"loc":{"start":{"line":18,"column":12},"end":{"line":22,"column":13}},"type":"if","locations":[{"start":{"line":18,"column":12},"end":{"line":22,"column":13}},{"start":{"line":18,"column":12},"end":{"line":22,"column":13}}],"line":18},"3":{"loc":{"start":{"line":49,"column":16},"end":{"line":54,"column":17}},"type":"if","locations":[{"start":{"line":49,"column":16},"end":{"line":54,"column":17}},{"start":{"line":49,"column":16},"end":{"line":54,"column":17}}],"line":49},"4":{"loc":{"start":{"line":90,"column":16},"end":{"line":94,"column":17}},"type":"if","locations":[{"start":{"line":90,"column":16},"end":{"line":94,"column":17}},{"start":{"line":90,"column":16},"end":{"line":94,"column":17}}],"line":90},"5":{"loc":{"start":{"line":98,"column":8},"end":{"line":98,"column":34}},"type":"if","locations":[{"start":{"line":98,"column":8},"end":{"line":98,"column":34}},{"start":{"line":98,"column":8},"end":{"line":98,"column":34}}],"line":98},"6":{"loc":{"start":{"line":108,"column":8},"end":{"line":111,"column":9}},"type":"if","locations":[{"start":{"line":108,"column":8},"end":{"line":111,"column":9}},{"start":{"line":108,"column":8},"end":{"line":111,"column":9}}],"line":108},"7":{"loc":{"start":{"line":122,"column":16},"end":{"line":125,"column":17}},"type":"if","locations":[{"start":{"line":122,"column":16},"end":{"line":125,"column":17}},{"start":{"line":122,"column":16},"end":{"line":125,"column":17}}],"line":122},"8":{"loc":{"start":{"line":139,"column":8},"end":{"line":139,"column":34}},"type":"if","locations":[{"start":{"line":139,"column":8},"end":{"line":139,"column":34}},{"start":{"line":139,"column":8},"end":{"line":139,"column":34}}],"line":139}},"s":{"0":1,"1":1,"2":1,"3":1,"4":1,"5":1,"6":1,"7":1,"8":1,"9":1,"10":1,"11":0,"12":0,"13":0,"14":0,"15":0,"16":0,"17":0,"18":0,"19":0,"20":1,"21":0,"22":1,"23":0,"24":0,"25":1,"26":0,"27":0,"28":0,"29":0,"30":0,"31":0,"32":0,"33":0,"34":0,"35":0,"36":0,"37":0,"38":0,"39":0,"40":0,"41":0,"42":0,"43":0,"44":0,"45":0,"46":0,"47":0,"48":0,"49":0,"50":0,"51":0,"52":1,"53":0,"54":0,"55":0,"56":0,"57":0,"58":0,"59":0,"60":1,"61":0,"62":0,"63":0,"64":0,"65":0,"66":0,"67":0,"68":0,"69":0,"70":0,"71":0,"72":0,"73":0,"74":0,"75":0,"76":1},"f":{"0":0,"1":0,"2":0,"3":0,"4":0,"5":0,"6":0,"7":0,"8":0,"9":0,"10":0,"11":0,"12":0,"13":0,"14":0,"15":0,"16":0,"17":0,"18":0,"19":0,"20":0,"21":0,"22":0},"b":{"0":[0,0],"1":[0,0],"2":[0,0],"3":[0,0],"4":[0,0],"5":[0,0],"6":[0,0],"7":[0,0],"8":[0,0]},"_coverageSchema":"332fd63041d2c1bcb487cc26dd0d5f7d97098a6c","hash":"68351e3de1054f0f3fd690802f681384b1a8a394","contentHash":"2060b3c4ff690cea166a6e8a5a9c84b7_11.2.1"},"/home/traning/Pictures/Personalized-Emailer/projectPmMailer /server/express/routes/logout.js":{"path":"/home/traning/Pictures/Personalized-Emailer/projectPmMailer /server/express/routes/logout.js","statementMap":{"0":{"start":{"line":1,"column":16},"end":{"line":1,"column":34}},"1":{"start":{"line":2,"column":15},"end":{"line":2,"column":31}},"2":{"start":{"line":3,"column":15},"end":{"line":3,"column":48}},"3":{"start":{"line":6,"column":4},"end":{"line":9,"column":7}},"4":{"start":{"line":7,"column":8},"end":{"line":7,"column":48}},"5":{"start":{"line":8,"column":8},"end":{"line":8,"column":46}},"6":{"start":{"line":11,"column":4},"end":{"line":11,"column":28}}},"fnMap":{"0":{"name":"(anonymous_0)","decl":{"start":{"line":6,"column":26},"end":{"line":6,"column":27}},"loc":{"start":{"line":6,"column":45},"end":{"line":9,"column":5}},"line":6}},"branchMap":{},"s":{"0":1,"1":1,"2":1,"3":1,"4":0,"5":0,"6":1},"f":{"0":0},"b":{},"_coverageSchema":"332fd63041d2c1bcb487cc26dd0d5f7d97098a6c","hash":"492d06ead66b28a5f32fc5798873e0a09a9cc750","contentHash":"8197e3d5429fb440f69cfa72a73e8a11_11.2.1"},"/home/traning/Pictures/Personalized-Emailer/projectPmMailer /server/express/routes/googleAuth.js":{"path":"/home/traning/Pictures/Personalized-Emailer/projectPmMailer /server/express/routes/googleAuth.js","statementMap":{"0":{"start":{"line":1,"column":22},"end":{"line":1,"column":55}},"1":{"start":{"line":2,"column":16},"end":{"line":2,"column":34}},"2":{"start":{"line":3,"column":15},"end":{"line":3,"column":31}},"3":{"start":{"line":4,"column":17},"end":{"line":4,"column":36}},"4":{"start":{"line":7,"column":0},"end":{"line":11,"column":2}},"5":{"start":{"line":13,"column":0},"end":{"line":18,"column":2}},"6":{"start":{"line":20,"column":0},"end":{"line":20,"column":24}}},"fnMap":{},"branchMap":{},"s":{"0":1,"1":1,"2":1,"3":1,"4":1,"5":1,"6":1},"f":{},"b":{},"_coverageSchema":"332fd63041d2c1bcb487cc26dd0d5f7d97098a6c","hash":"4ca6ebf1f4e1937508063f80b34b53f8768f3b9c","contentHash":"31533f451714b8f00f3a31cbc2d71737_11.2.1"},"/home/traning/Pictures/Personalized-Emailer/projectPmMailer /server/express/routes/facebookAuth.js":{"path":"/home/traning/Pictures/Personalized-Emailer/projectPmMailer /server/express/routes/facebookAuth.js","statementMap":{"0":{"start":{"line":1,"column":24},"end":{"line":1,"column":59}},"1":{"start":{"line":2,"column":16},"end":{"line":2,"column":34}},"2":{"start":{"line":3,"column":15},"end":{"line":3,"column":31}},"3":{"start":{"line":4,"column":17},"end":{"line":4,"column":36}},"4":{"start":{"line":8,"column":0},"end":{"line":10,"column":2}},"5":{"start":{"line":12,"column":0},"end":{"line":17,"column":2}},"6":{"start":{"line":19,"column":0},"end":{"line":19,"column":24}}},"fnMap":{},"branchMap":{},"s":{"0":1,"1":1,"2":1,"3":1,"4":1,"5":1,"6":1},"f":{},"b":{},"_coverageSchema":"332fd63041d2c1bcb487cc26dd0d5f7d97098a6c","hash":"bbc72184fc2018598e0786560ea043a4b540aa2f","contentHash":"3d76f4a665407d9f6bebd9d04d9f609f_11.2.1"},"/home/traning/Pictures/Personalized-Emailer/projectPmMailer /server/express/routes/update.js":{"path":"/home/traning/Pictures/Personalized-Emailer/projectPmMailer /server/express/routes/update.js","statementMap":{"0":{"start":{"line":1,"column":16},"end":{"line":1,"column":34}},"1":{"start":{"line":2,"column":15},"end":{"line":2,"column":31}},"2":{"start":{"line":3,"column":17},"end":{"line":3,"column":36}},"3":{"start":{"line":5,"column":13},"end":{"line":5,"column":43}},"4":{"start":{"line":6,"column":15},"end":{"line":6,"column":44}},"5":{"start":{"line":7,"column":18},"end":{"line":7,"column":48}},"6":{"start":{"line":8,"column":15},"end":{"line":8,"column":48}},"7":{"start":{"line":12,"column":0},"end":{"line":24,"column":3}},"8":{"start":{"line":13,"column":2},"end":{"line":23,"column":5}},"9":{"start":{"line":18,"column":4},"end":{"line":22,"column":5}},"10":{"start":{"line":19,"column":6},"end":{"line":19,"column":19}},"11":{"start":{"line":21,"column":6},"end":{"line":21,"column":22}},"12":{"start":{"line":29,"column":0},"end":{"line":41,"column":3}},"13":{"start":{"line":30,"column":2},"end":{"line":40,"column":5}},"14":{"start":{"line":35,"column":4},"end":{"line":39,"column":5}},"15":{"start":{"line":36,"column":6},"end":{"line":36,"column":19}},"16":{"start":{"line":38,"column":6},"end":{"line":38,"column":22}},"17":{"start":{"line":46,"column":0},"end":{"line":58,"column":3}},"18":{"start":{"line":47,"column":2},"end":{"line":57,"column":5}},"19":{"start":{"line":52,"column":4},"end":{"line":56,"column":5}},"20":{"start":{"line":53,"column":6},"end":{"line":53,"column":19}},"21":{"start":{"line":55,"column":6},"end":{"line":55,"column":22}},"22":{"start":{"line":63,"column":0},"end":{"line":75,"column":3}},"23":{"start":{"line":64,"column":2},"end":{"line":74,"column":4}},"24":{"start":{"line":68,"column":6},"end":{"line":72,"column":7}},"25":{"start":{"line":69,"column":8},"end":{"line":69,"column":21}},"26":{"start":{"line":71,"column":8},"end":{"line":71,"column":41}},"27":{"start":{"line":79,"column":0},"end":{"line":99,"column":2}},"28":{"start":{"line":80,"column":6},"end":{"line":98,"column":4}},"29":{"start":{"line":81,"column":12},"end":{"line":97,"column":5}},"30":{"start":{"line":82,"column":14},"end":{"line":82,"column":89}},"31":{"start":{"line":84,"column":14},"end":{"line":96,"column":8}},"32":{"start":{"line":85,"column":20},"end":{"line":95,"column":9}},"33":{"start":{"line":86,"column":22},"end":{"line":86,"column":59}},"34":{"start":{"line":87,"column":22},"end":{"line":92,"column":24}},"35":{"start":{"line":88,"column":28},"end":{"line":91,"column":25}},"36":{"start":{"line":89,"column":30},"end":{"line":89,"column":108}},"37":{"start":{"line":90,"column":37},"end":{"line":90,"column":118}},"38":{"start":{"line":94,"column":22},"end":{"line":94,"column":92}},"39":{"start":{"line":101,"column":2},"end":{"line":119,"column":5}},"40":{"start":{"line":102,"column":4},"end":{"line":102,"column":20}},"41":{"start":{"line":103,"column":4},"end":{"line":118,"column":7}},"42":{"start":{"line":110,"column":6},"end":{"line":116,"column":7}},"43":{"start":{"line":111,"column":8},"end":{"line":111,"column":37}},"44":{"start":{"line":114,"column":8},"end":{"line":114,"column":23}},"45":{"start":{"line":121,"column":0},"end":{"line":121,"column":24}}},"fnMap":{"0":{"name":"(anonymous_0)","decl":{"start":{"line":12,"column":33},"end":{"line":12,"column":34}},"loc":{"start":{"line":12,"column":47},"end":{"line":24,"column":1}},"line":12},"1":{"name":"(anonymous_1)","decl":{"start":{"line":17,"column":5},"end":{"line":17,"column":6}},"loc":{"start":{"line":17,"column":22},"end":{"line":23,"column":3}},"line":17},"2":{"name":"(anonymous_2)","decl":{"start":{"line":29,"column":35},"end":{"line":29,"column":36}},"loc":{"start":{"line":29,"column":49},"end":{"line":41,"column":1}},"line":29},"3":{"name":"(anonymous_3)","decl":{"start":{"line":34,"column":5},"end":{"line":34,"column":6}},"loc":{"start":{"line":34,"column":22},"end":{"line":40,"column":3}},"line":34},"4":{"name":"(anonymous_4)","decl":{"start":{"line":46,"column":40},"end":{"line":46,"column":41}},"loc":{"start":{"line":46,"column":54},"end":{"line":58,"column":1}},"line":46},"5":{"name":"(anonymous_5)","decl":{"start":{"line":51,"column":5},"end":{"line":51,"column":6}},"loc":{"start":{"line":51,"column":22},"end":{"line":57,"column":3}},"line":51},"6":{"name":"(anonymous_6)","decl":{"start":{"line":63,"column":36},"end":{"line":63,"column":37}},"loc":{"start":{"line":63,"column":50},"end":{"line":75,"column":1}},"line":63},"7":{"name":"(anonymous_7)","decl":{"start":{"line":67,"column":4},"end":{"line":67,"column":5}},"loc":{"start":{"line":67,"column":19},"end":{"line":73,"column":5}},"line":67},"8":{"name":"(anonymous_8)","decl":{"start":{"line":79,"column":38},"end":{"line":79,"column":39}},"loc":{"start":{"line":79,"column":52},"end":{"line":99,"column":1}},"line":79},"9":{"name":"(anonymous_9)","decl":{"start":{"line":80,"column":48},"end":{"line":80,"column":49}},"loc":{"start":{"line":80,"column":68},"end":{"line":98,"column":3}},"line":80},"10":{"name":"(anonymous_10)","decl":{"start":{"line":84,"column":54},"end":{"line":84,"column":55}},"loc":{"start":{"line":84,"column":77},"end":{"line":96,"column":7}},"line":84},"11":{"name":"(anonymous_11)","decl":{"start":{"line":87,"column":32},"end":{"line":87,"column":33}},"loc":{"start":{"line":87,"column":41},"end":{"line":92,"column":23}},"line":87},"12":{"name":"(anonymous_12)","decl":{"start":{"line":101,"column":29},"end":{"line":101,"column":30}},"loc":{"start":{"line":101,"column":43},"end":{"line":119,"column":3}},"line":101},"13":{"name":"(anonymous_13)","decl":{"start":{"line":108,"column":7},"end":{"line":108,"column":8}},"loc":{"start":{"line":108,"column":22},"end":{"line":118,"column":5}},"line":108}},"branchMap":{"0":{"loc":{"start":{"line":18,"column":4},"end":{"line":22,"column":5}},"type":"if","locations":[{"start":{"line":18,"column":4},"end":{"line":22,"column":5}},{"start":{"line":18,"column":4},"end":{"line":22,"column":5}}],"line":18},"1":{"loc":{"start":{"line":35,"column":4},"end":{"line":39,"column":5}},"type":"if","locations":[{"start":{"line":35,"column":4},"end":{"line":39,"column":5}},{"start":{"line":35,"column":4},"end":{"line":39,"column":5}}],"line":35},"2":{"loc":{"start":{"line":52,"column":4},"end":{"line":56,"column":5}},"type":"if","locations":[{"start":{"line":52,"column":4},"end":{"line":56,"column":5}},{"start":{"line":52,"column":4},"end":{"line":56,"column":5}}],"line":52},"3":{"loc":{"start":{"line":68,"column":6},"end":{"line":72,"column":7}},"type":"if","locations":[{"start":{"line":68,"column":6},"end":{"line":72,"column":7}},{"start":{"line":68,"column":6},"end":{"line":72,"column":7}}],"line":68},"4":{"loc":{"start":{"line":81,"column":12},"end":{"line":97,"column":5}},"type":"if","locations":[{"start":{"line":81,"column":12},"end":{"line":97,"column":5}},{"start":{"line":81,"column":12},"end":{"line":97,"column":5}}],"line":81},"5":{"loc":{"start":{"line":85,"column":20},"end":{"line":95,"column":9}},"type":"if","locations":[{"start":{"line":85,"column":20},"end":{"line":95,"column":9}},{"start":{"line":85,"column":20},"end":{"line":95,"column":9}}],"line":85},"6":{"loc":{"start":{"line":85,"column":24},"end":{"line":85,"column":39}},"type":"binary-expr","locations":[{"start":{"line":85,"column":24},"end":{"line":85,"column":31}},{"start":{"line":85,"column":35},"end":{"line":85,"column":39}}],"line":85},"7":{"loc":{"start":{"line":88,"column":28},"end":{"line":91,"column":25}},"type":"if","locations":[{"start":{"line":88,"column":28},"end":{"line":91,"column":25}},{"start":{"line":88,"column":28},"end":{"line":91,"column":25}}],"line":88},"8":{"loc":{"start":{"line":110,"column":6},"end":{"line":116,"column":7}},"type":"if","locations":[{"start":{"line":110,"column":6},"end":{"line":116,"column":7}},{"start":{"line":110,"column":6},"end":{"line":116,"column":7}}],"line":110}},"s":{"0":1,"1":1,"2":1,"3":1,"4":1,"5":1,"6":1,"7":1,"8":0,"9":0,"10":0,"11":0,"12":1,"13":0,"14":0,"15":0,"16":0,"17":1,"18":0,"19":0,"20":0,"21":0,"22":1,"23":0,"24":0,"25":0,"26":0,"27":1,"28":0,"29":0,"30":0,"31":0,"32":0,"33":0,"34":0,"35":0,"36":0,"37":0,"38":0,"39":1,"40":0,"41":0,"42":0,"43":0,"44":0,"45":1},"f":{"0":0,"1":0,"2":0,"3":0,"4":0,"5":0,"6":0,"7":0,"8":0,"9":0,"10":0,"11":0,"12":0,"13":0},"b":{"0":[0,0],"1":[0,0],"2":[0,0],"3":[0,0],"4":[0,0],"5":[0,0],"6":[0,0],"7":[0,0],"8":[0,0]},"_coverageSchema":"332fd63041d2c1bcb487cc26dd0d5f7d97098a6c","hash":"c329baf637d8a69465f18e4335248640b74413f5","contentHash":"ba8c423d311e925b309c2b4c8e49cafc_11.2.1"},"/home/traning/Pictures/Personalized-Emailer/projectPmMailer /server/express/routes/preference.js":{"path":"/home/traning/Pictures/Personalized-Emailer/projectPmMailer /server/express/routes/preference.js","statementMap":{"0":{"start":{"line":1,"column":14},"end":{"line":1,"column":32}},"1":{"start":{"line":2,"column":11},"end":{"line":2,"column":41}},"2":{"start":{"line":3,"column":13},"end":{"line":3,"column":29}},"3":{"start":{"line":5,"column":0},"end":{"line":27,"column":3}},"4":{"start":{"line":7,"column":14},"end":{"line":10,"column":5}},"5":{"start":{"line":11,"column":4},"end":{"line":26,"column":7}},"6":{"start":{"line":18,"column":8},"end":{"line":24,"column":9}},"7":{"start":{"line":19,"column":12},"end":{"line":19,"column":41}},"8":{"start":{"line":22,"column":12},"end":{"line":22,"column":27}},"9":{"start":{"line":23,"column":12},"end":{"line":23,"column":46}},"10":{"start":{"line":29,"column":0},"end":{"line":29,"column":24}}},"fnMap":{"0":{"name":"(anonymous_0)","decl":{"start":{"line":5,"column":33},"end":{"line":5,"column":34}},"loc":{"start":{"line":5,"column":47},"end":{"line":27,"column":1}},"line":5},"1":{"name":"(anonymous_1)","decl":{"start":{"line":16,"column":7},"end":{"line":16,"column":8}},"loc":{"start":{"line":16,"column":22},"end":{"line":26,"column":5}},"line":16}},"branchMap":{"0":{"loc":{"start":{"line":18,"column":8},"end":{"line":24,"column":9}},"type":"if","locations":[{"start":{"line":18,"column":8},"end":{"line":24,"column":9}},{"start":{"line":18,"column":8},"end":{"line":24,"column":9}}],"line":18}},"s":{"0":1,"1":1,"2":1,"3":1,"4":0,"5":0,"6":0,"7":0,"8":0,"9":0,"10":1},"f":{"0":0,"1":0},"b":{"0":[0,0]},"_coverageSchema":"332fd63041d2c1bcb487cc26dd0d5f7d97098a6c","hash":"535680f1f940791771f830d37d197005ef7ae0c1","contentHash":"7c249c097c9d7df1c44249dd0b189c28_11.2.1"},"/home/traning/Pictures/Personalized-Emailer/projectPmMailer /server/express/routes/scrap.js":{"path":"/home/traning/Pictures/Personalized-Emailer/projectPmMailer /server/express/routes/scrap.js","statementMap":{"0":{"start":{"line":1,"column":14},"end":{"line":1,"column":32}},"1":{"start":{"line":2,"column":13},"end":{"line":2,"column":29}},"2":{"start":{"line":3,"column":15},"end":{"line":3,"column":34}},"3":{"start":{"line":4,"column":13},"end":{"line":4,"column":42}},"4":{"start":{"line":5,"column":14},"end":{"line":5,"column":72}},"5":{"start":{"line":6,"column":20},"end":{"line":6,"column":54}},"6":{"start":{"line":7,"column":17},"end":{"line":7,"column":43}},"7":{"start":{"line":8,"column":13},"end":{"line":8,"column":40}},"8":{"start":{"line":9,"column":14},"end":{"line":9,"column":32}},"9":{"start":{"line":10,"column":14},"end":{"line":10,"column":37}},"10":{"start":{"line":11,"column":14},"end":{"line":11,"column":32}},"11":{"start":{"line":12,"column":17},"end":{"line":12,"column":38}},"12":{"start":{"line":13,"column":16},"end":{"line":13,"column":47}},"13":{"start":{"line":14,"column":11},"end":{"line":14,"column":41}},"14":{"start":{"line":15,"column":16},"end":{"line":15,"column":46}},"15":{"start":{"line":20,"column":0},"end":{"line":30,"column":2}},"16":{"start":{"line":21,"column":4},"end":{"line":28,"column":6}},"17":{"start":{"line":22,"column":8},"end":{"line":27,"column":9}},"18":{"start":{"line":23,"column":12},"end":{"line":23,"column":32}},"19":{"start":{"line":26,"column":12},"end":{"line":26,"column":26}},"20":{"start":{"line":32,"column":0},"end":{"line":44,"column":2}},"21":{"start":{"line":33,"column":4},"end":{"line":33,"column":22}},"22":{"start":{"line":34,"column":4},"end":{"line":42,"column":6}},"23":{"start":{"line":35,"column":8},"end":{"line":41,"column":9}},"24":{"start":{"line":36,"column":12},"end":{"line":36,"column":32}},"25":{"start":{"line":39,"column":12},"end":{"line":39,"column":26}},"26":{"start":{"line":47,"column":0},"end":{"line":59,"column":2}},"27":{"start":{"line":48,"column":4},"end":{"line":48,"column":22}},"28":{"start":{"line":49,"column":4},"end":{"line":57,"column":6}},"29":{"start":{"line":50,"column":8},"end":{"line":56,"column":9}},"30":{"start":{"line":51,"column":12},"end":{"line":51,"column":32}},"31":{"start":{"line":54,"column":12},"end":{"line":54,"column":26}},"32":{"start":{"line":61,"column":0},"end":{"line":73,"column":2}},"33":{"start":{"line":62,"column":4},"end":{"line":62,"column":22}},"34":{"start":{"line":63,"column":4},"end":{"line":71,"column":6}},"35":{"start":{"line":64,"column":8},"end":{"line":70,"column":9}},"36":{"start":{"line":65,"column":12},"end":{"line":65,"column":32}},"37":{"start":{"line":68,"column":12},"end":{"line":68,"column":26}},"38":{"start":{"line":78,"column":0},"end":{"line":107,"column":3}},"39":{"start":{"line":79,"column":15},"end":{"line":79,"column":28}},"40":{"start":{"line":80,"column":4},"end":{"line":106,"column":6}},"41":{"start":{"line":81,"column":8},"end":{"line":105,"column":9}},"42":{"start":{"line":82,"column":20},"end":{"line":82,"column":38}},"43":{"start":{"line":83,"column":24},"end":{"line":83,"column":26}},"44":{"start":{"line":84,"column":12},"end":{"line":101,"column":15}},"45":{"start":{"line":85,"column":28},"end":{"line":85,"column":70}},"46":{"start":{"line":86,"column":28},"end":{"line":86,"column":72}},"47":{"start":{"line":87,"column":29},"end":{"line":87,"column":73}},"48":{"start":{"line":88,"column":28},"end":{"line":88,"column":74}},"49":{"start":{"line":89,"column":29},"end":{"line":89,"column":76}},"50":{"start":{"line":90,"column":30},"end":{"line":90,"column":71}},"51":{"start":{"line":91,"column":32},"end":{"line":99,"column":17}},"52":{"start":{"line":100,"column":16},"end":{"line":100,"column":38}},"53":{"start":{"line":104,"column":12},"end":{"line":104,"column":38}},"54":{"start":{"line":111,"column":4},"end":{"line":115,"column":5}},"55":{"start":{"line":112,"column":8},"end":{"line":112,"column":28}},"56":{"start":{"line":113,"column":8},"end":{"line":113,"column":28}},"57":{"start":{"line":118,"column":8},"end":{"line":143,"column":10}},"58":{"start":{"line":119,"column":12},"end":{"line":142,"column":13}},"59":{"start":{"line":120,"column":24},"end":{"line":120,"column":42}},"60":{"start":{"line":123,"column":16},"end":{"line":141,"column":18}},"61":{"start":{"line":124,"column":31},"end":{"line":124,"column":59}},"62":{"start":{"line":125,"column":36},"end":{"line":125,"column":38}},"63":{"start":{"line":126,"column":20},"end":{"line":126,"column":42}},"64":{"start":{"line":127,"column":20},"end":{"line":127,"column":42}},"65":{"start":{"line":128,"column":20},"end":{"line":128,"column":38}},"66":{"start":{"line":129,"column":20},"end":{"line":129,"column":50}},"67":{"start":{"line":130,"column":20},"end":{"line":130,"column":54}},"68":{"start":{"line":131,"column":20},"end":{"line":131,"column":56}},"69":{"start":{"line":132,"column":20},"end":{"line":132,"column":58}},"70":{"start":{"line":133,"column":20},"end":{"line":140,"column":23}},"71":{"start":{"line":134,"column":24},"end":{"line":139,"column":25}},"72":{"start":{"line":136,"column":28},"end":{"line":136,"column":48}},"73":{"start":{"line":137,"column":31},"end":{"line":139,"column":25}},"74":{"start":{"line":150,"column":19},"end":{"line":150,"column":21}},"75":{"start":{"line":151,"column":4},"end":{"line":182,"column":6}},"76":{"start":{"line":152,"column":8},"end":{"line":181,"column":9}},"77":{"start":{"line":153,"column":20},"end":{"line":153,"column":38}},"78":{"start":{"line":154,"column":24},"end":{"line":154,"column":26}},"79":{"start":{"line":155,"column":12},"end":{"line":179,"column":15}},"80":{"start":{"line":156,"column":32},"end":{"line":156,"column":77}},"81":{"start":{"line":157,"column":36},"end":{"line":157,"column":75}},"82":{"start":{"line":158,"column":32},"end":{"line":158,"column":80}},"83":{"start":{"line":160,"column":16},"end":{"line":160,"column":42}},"84":{"start":{"line":161,"column":16},"end":{"line":161,"column":50}},"85":{"start":{"line":162,"column":16},"end":{"line":162,"column":42}},"86":{"start":{"line":163,"column":16},"end":{"line":163,"column":34}},"87":{"start":{"line":164,"column":16},"end":{"line":164,"column":34}},"88":{"start":{"line":165,"column":16},"end":{"line":165,"column":45}},"89":{"start":{"line":166,"column":16},"end":{"line":166,"column":49}},"90":{"start":{"line":167,"column":16},"end":{"line":167,"column":51}},"91":{"start":{"line":169,"column":33},"end":{"line":169,"column":56}},"92":{"start":{"line":170,"column":16},"end":{"line":178,"column":18}},"93":{"start":{"line":171,"column":20},"end":{"line":176,"column":21}},"94":{"start":{"line":172,"column":24},"end":{"line":172,"column":44}},"95":{"start":{"line":174,"column":27},"end":{"line":176,"column":21}},"96":{"start":{"line":187,"column":23},"end":{"line":187,"column":25}},"97":{"start":{"line":188,"column":4},"end":{"line":219,"column":6}},"98":{"start":{"line":189,"column":8},"end":{"line":218,"column":9}},"99":{"start":{"line":190,"column":20},"end":{"line":190,"column":38}},"100":{"start":{"line":191,"column":27},"end":{"line":191,"column":29}},"101":{"start":{"line":192,"column":12},"end":{"line":217,"column":15}},"102":{"start":{"line":193,"column":35},"end":{"line":193,"column":80}},"103":{"start":{"line":194,"column":39},"end":{"line":194,"column":78}},"104":{"start":{"line":195,"column":35},"end":{"line":195,"column":83}},"105":{"start":{"line":198,"column":16},"end":{"line":198,"column":49}},"106":{"start":{"line":199,"column":16},"end":{"line":199,"column":57}},"107":{"start":{"line":200,"column":16},"end":{"line":200,"column":49}},"108":{"start":{"line":201,"column":16},"end":{"line":201,"column":34}},"109":{"start":{"line":202,"column":16},"end":{"line":202,"column":49}},"110":{"start":{"line":203,"column":16},"end":{"line":203,"column":53}},"111":{"start":{"line":204,"column":16},"end":{"line":204,"column":55}},"112":{"start":{"line":206,"column":37},"end":{"line":206,"column":68}},"113":{"start":{"line":207,"column":16},"end":{"line":215,"column":18}},"114":{"start":{"line":208,"column":20},"end":{"line":213,"column":21}},"115":{"start":{"line":209,"column":24},"end":{"line":209,"column":44}},"116":{"start":{"line":211,"column":27},"end":{"line":213,"column":21}},"117":{"start":{"line":212,"column":24},"end":{"line":212,"column":52}},"118":{"start":{"line":223,"column":19},"end":{"line":301,"column":2}},"119":{"start":{"line":229,"column":8},"end":{"line":296,"column":10}},"120":{"start":{"line":230,"column":12},"end":{"line":295,"column":13}},"121":{"start":{"line":231,"column":16},"end":{"line":231,"column":89}},"122":{"start":{"line":233,"column":16},"end":{"line":293,"column":17}},"123":{"start":{"line":234,"column":20},"end":{"line":287,"column":21}},"124":{"start":{"line":235,"column":24},"end":{"line":284,"column":25}},"125":{"start":{"line":237,"column":39},"end":{"line":237,"column":73}},"126":{"start":{"line":238,"column":28},"end":{"line":249,"column":30}},"127":{"start":{"line":239,"column":32},"end":{"line":248,"column":33}},"128":{"start":{"line":240,"column":36},"end":{"line":240,"column":70}},"129":{"start":{"line":242,"column":48},"end":{"line":242,"column":78}},"130":{"start":{"line":242,"column":69},"end":{"line":242,"column":77}},"131":{"start":{"line":247,"column":36},"end":{"line":247,"column":67}},"132":{"start":{"line":252,"column":31},"end":{"line":284,"column":25}},"133":{"start":{"line":254,"column":39},"end":{"line":254,"column":72}},"134":{"start":{"line":255,"column":28},"end":{"line":265,"column":30}},"135":{"start":{"line":256,"column":32},"end":{"line":264,"column":33}},"136":{"start":{"line":257,"column":36},"end":{"line":257,"column":56}},"137":{"start":{"line":259,"column":47},"end":{"line":259,"column":76}},"138":{"start":{"line":259,"column":67},"end":{"line":259,"column":75}},"139":{"start":{"line":263,"column":36},"end":{"line":263,"column":66}},"140":{"start":{"line":268,"column":31},"end":{"line":284,"column":25}},"141":{"start":{"line":270,"column":39},"end":{"line":270,"column":76}},"142":{"start":{"line":271,"column":28},"end":{"line":281,"column":30}},"143":{"start":{"line":272,"column":32},"end":{"line":280,"column":33}},"144":{"start":{"line":273,"column":36},"end":{"line":273,"column":56}},"145":{"start":{"line":275,"column":51},"end":{"line":275,"column":84}},"146":{"start":{"line":275,"column":75},"end":{"line":275,"column":83}},"147":{"start":{"line":279,"column":36},"end":{"line":279,"column":70}},"148":{"start":{"line":302,"column":0},"end":{"line":302,"column":21}},"149":{"start":{"line":305,"column":20},"end":{"line":381,"column":2}},"150":{"start":{"line":309,"column":8},"end":{"line":376,"column":10}},"151":{"start":{"line":310,"column":12},"end":{"line":375,"column":13}},"152":{"start":{"line":311,"column":16},"end":{"line":311,"column":89}},"153":{"start":{"line":313,"column":16},"end":{"line":373,"column":17}},"154":{"start":{"line":314,"column":20},"end":{"line":367,"column":21}},"155":{"start":{"line":315,"column":24},"end":{"line":364,"column":25}},"156":{"start":{"line":317,"column":39},"end":{"line":317,"column":73}},"157":{"start":{"line":318,"column":28},"end":{"line":329,"column":30}},"158":{"start":{"line":319,"column":32},"end":{"line":328,"column":33}},"159":{"start":{"line":320,"column":36},"end":{"line":320,"column":70}},"160":{"start":{"line":322,"column":48},"end":{"line":322,"column":78}},"161":{"start":{"line":322,"column":69},"end":{"line":322,"column":77}},"162":{"start":{"line":327,"column":36},"end":{"line":327,"column":67}},"163":{"start":{"line":332,"column":31},"end":{"line":364,"column":25}},"164":{"start":{"line":334,"column":39},"end":{"line":334,"column":72}},"165":{"start":{"line":335,"column":28},"end":{"line":345,"column":30}},"166":{"start":{"line":336,"column":32},"end":{"line":344,"column":33}},"167":{"start":{"line":337,"column":36},"end":{"line":337,"column":56}},"168":{"start":{"line":339,"column":47},"end":{"line":339,"column":76}},"169":{"start":{"line":339,"column":67},"end":{"line":339,"column":75}},"170":{"start":{"line":343,"column":36},"end":{"line":343,"column":66}},"171":{"start":{"line":348,"column":31},"end":{"line":364,"column":25}},"172":{"start":{"line":350,"column":39},"end":{"line":350,"column":76}},"173":{"start":{"line":351,"column":28},"end":{"line":361,"column":30}},"174":{"start":{"line":352,"column":32},"end":{"line":360,"column":33}},"175":{"start":{"line":353,"column":36},"end":{"line":353,"column":56}},"176":{"start":{"line":355,"column":51},"end":{"line":355,"column":84}},"177":{"start":{"line":355,"column":75},"end":{"line":355,"column":83}},"178":{"start":{"line":359,"column":36},"end":{"line":359,"column":70}},"179":{"start":{"line":382,"column":0},"end":{"line":382,"column":22}},"180":{"start":{"line":385,"column":21},"end":{"line":460,"column":2}},"181":{"start":{"line":389,"column":8},"end":{"line":455,"column":10}},"182":{"start":{"line":390,"column":12},"end":{"line":454,"column":13}},"183":{"start":{"line":391,"column":16},"end":{"line":391,"column":89}},"184":{"start":{"line":393,"column":16},"end":{"line":453,"column":17}},"185":{"start":{"line":394,"column":20},"end":{"line":447,"column":21}},"186":{"start":{"line":395,"column":24},"end":{"line":444,"column":25}},"187":{"start":{"line":397,"column":39},"end":{"line":397,"column":73}},"188":{"start":{"line":398,"column":28},"end":{"line":409,"column":30}},"189":{"start":{"line":399,"column":32},"end":{"line":408,"column":33}},"190":{"start":{"line":400,"column":36},"end":{"line":400,"column":70}},"191":{"start":{"line":402,"column":48},"end":{"line":402,"column":78}},"192":{"start":{"line":402,"column":69},"end":{"line":402,"column":77}},"193":{"start":{"line":407,"column":36},"end":{"line":407,"column":67}},"194":{"start":{"line":412,"column":31},"end":{"line":444,"column":25}},"195":{"start":{"line":414,"column":39},"end":{"line":414,"column":72}},"196":{"start":{"line":415,"column":28},"end":{"line":425,"column":30}},"197":{"start":{"line":416,"column":32},"end":{"line":424,"column":33}},"198":{"start":{"line":417,"column":36},"end":{"line":417,"column":56}},"199":{"start":{"line":419,"column":47},"end":{"line":419,"column":76}},"200":{"start":{"line":419,"column":67},"end":{"line":419,"column":75}},"201":{"start":{"line":423,"column":36},"end":{"line":423,"column":66}},"202":{"start":{"line":428,"column":31},"end":{"line":444,"column":25}},"203":{"start":{"line":430,"column":39},"end":{"line":430,"column":76}},"204":{"start":{"line":431,"column":28},"end":{"line":441,"column":30}},"205":{"start":{"line":432,"column":32},"end":{"line":440,"column":33}},"206":{"start":{"line":433,"column":36},"end":{"line":433,"column":56}},"207":{"start":{"line":435,"column":51},"end":{"line":435,"column":84}},"208":{"start":{"line":435,"column":75},"end":{"line":435,"column":83}},"209":{"start":{"line":439,"column":36},"end":{"line":439,"column":70}},"210":{"start":{"line":461,"column":0},"end":{"line":461,"column":23}},"211":{"start":{"line":465,"column":22},"end":{"line":471,"column":6}},"212":{"start":{"line":473,"column":22},"end":{"line":481,"column":5}},"213":{"start":{"line":483,"column":4},"end":{"line":491,"column":7}},"214":{"start":{"line":484,"column":8},"end":{"line":490,"column":9}},"215":{"start":{"line":486,"column":12},"end":{"line":486,"column":54}},"216":{"start":{"line":489,"column":12},"end":{"line":489,"column":53}},"217":{"start":{"line":495,"column":10},"end":{"line":515,"column":2}},"218":{"start":{"line":499,"column":8},"end":{"line":509,"column":10}},"219":{"start":{"line":500,"column":12},"end":{"line":508,"column":13}},"220":{"start":{"line":501,"column":16},"end":{"line":501,"column":36}},"221":{"start":{"line":503,"column":16},"end":{"line":503,"column":45}},"222":{"start":{"line":504,"column":16},"end":{"line":504,"column":32}},"223":{"start":{"line":505,"column":16},"end":{"line":505,"column":28}},"224":{"start":{"line":506,"column":16},"end":{"line":506,"column":31}},"225":{"start":{"line":516,"column":0},"end":{"line":516,"column":12}},"226":{"start":{"line":519,"column":0},"end":{"line":519,"column":24}}},"fnMap":{"0":{"name":"(anonymous_0)","decl":{"start":{"line":20,"column":23},"end":{"line":20,"column":24}},"loc":{"start":{"line":20,"column":48},"end":{"line":30,"column":1}},"line":20},"1":{"name":"(anonymous_1)","decl":{"start":{"line":21,"column":16},"end":{"line":21,"column":17}},"loc":{"start":{"line":21,"column":31},"end":{"line":28,"column":5}},"line":21},"2":{"name":"(anonymous_2)","decl":{"start":{"line":32,"column":20},"end":{"line":32,"column":21}},"loc":{"start":{"line":32,"column":45},"end":{"line":44,"column":1}},"line":32},"3":{"name":"(anonymous_3)","decl":{"start":{"line":34,"column":93},"end":{"line":34,"column":94}},"loc":{"start":{"line":34,"column":108},"end":{"line":42,"column":5}},"line":34},"4":{"name":"(anonymous_4)","decl":{"start":{"line":47,"column":24},"end":{"line":47,"column":25}},"loc":{"start":{"line":47,"column":49},"end":{"line":59,"column":1}},"line":47},"5":{"name":"(anonymous_5)","decl":{"start":{"line":49,"column":115},"end":{"line":49,"column":116}},"loc":{"start":{"line":49,"column":130},"end":{"line":57,"column":5}},"line":49},"6":{"name":"(anonymous_6)","decl":{"start":{"line":61,"column":24},"end":{"line":61,"column":25}},"loc":{"start":{"line":61,"column":49},"end":{"line":73,"column":1}},"line":61},"7":{"name":"(anonymous_7)","decl":{"start":{"line":63,"column":97},"end":{"line":63,"column":98}},"loc":{"start":{"line":63,"column":112},"end":{"line":71,"column":5}},"line":63},"8":{"name":"(anonymous_8)","decl":{"start":{"line":78,"column":22},"end":{"line":78,"column":23}},"loc":{"start":{"line":78,"column":47},"end":{"line":107,"column":1}},"line":78},"9":{"name":"(anonymous_9)","decl":{"start":{"line":80,"column":45},"end":{"line":80,"column":46}},"loc":{"start":{"line":80,"column":77},"end":{"line":106,"column":5}},"line":80},"10":{"name":"(anonymous_10)","decl":{"start":{"line":84,"column":38},"end":{"line":84,"column":39}},"loc":{"start":{"line":84,"column":59},"end":{"line":101,"column":13}},"line":84},"11":{"name":"getnasdaq","decl":{"start":{"line":110,"column":9},"end":{"line":110,"column":18}},"loc":{"start":{"line":110,"column":25},"end":{"line":145,"column":1}},"line":110},"12":{"name":"liststockdata","decl":{"start":{"line":117,"column":13},"end":{"line":117,"column":26}},"loc":{"start":{"line":117,"column":33},"end":{"line":144,"column":5}},"line":117},"13":{"name":"(anonymous_13)","decl":{"start":{"line":118,"column":49},"end":{"line":118,"column":50}},"loc":{"start":{"line":118,"column":81},"end":{"line":143,"column":9}},"line":118},"14":{"name":"(anonymous_14)","decl":{"start":{"line":123,"column":58},"end":{"line":123,"column":59}},"loc":{"start":{"line":123,"column":79},"end":{"line":141,"column":17}},"line":123},"15":{"name":"(anonymous_15)","decl":{"start":{"line":133,"column":35},"end":{"line":133,"column":36}},"loc":{"start":{"line":133,"column":50},"end":{"line":140,"column":21}},"line":133},"16":{"name":"fundsnews","decl":{"start":{"line":148,"column":9},"end":{"line":148,"column":18}},"loc":{"start":{"line":148,"column":21},"end":{"line":183,"column":1}},"line":148},"17":{"name":"(anonymous_17)","decl":{"start":{"line":151,"column":58},"end":{"line":151,"column":59}},"loc":{"start":{"line":151,"column":90},"end":{"line":182,"column":5}},"line":151},"18":{"name":"(anonymous_18)","decl":{"start":{"line":155,"column":33},"end":{"line":155,"column":34}},"loc":{"start":{"line":155,"column":54},"end":{"line":179,"column":13}},"line":155},"19":{"name":"(anonymous_19)","decl":{"start":{"line":170,"column":32},"end":{"line":170,"column":33}},"loc":{"start":{"line":170,"column":47},"end":{"line":178,"column":17}},"line":170},"20":{"name":"currencynews","decl":{"start":{"line":186,"column":9},"end":{"line":186,"column":21}},"loc":{"start":{"line":186,"column":24},"end":{"line":220,"column":1}},"line":186},"21":{"name":"(anonymous_21)","decl":{"start":{"line":188,"column":63},"end":{"line":188,"column":64}},"loc":{"start":{"line":188,"column":95},"end":{"line":219,"column":5}},"line":188},"22":{"name":"(anonymous_22)","decl":{"start":{"line":192,"column":33},"end":{"line":192,"column":34}},"loc":{"start":{"line":192,"column":54},"end":{"line":217,"column":13}},"line":192},"23":{"name":"(anonymous_23)","decl":{"start":{"line":207,"column":36},"end":{"line":207,"column":37}},"loc":{"start":{"line":207,"column":51},"end":{"line":215,"column":17}},"line":207},"24":{"name":"(anonymous_24)","decl":{"start":{"line":227,"column":12},"end":{"line":227,"column":13}},"loc":{"start":{"line":227,"column":31},"end":{"line":297,"column":5}},"line":227},"25":{"name":"(anonymous_25)","decl":{"start":{"line":229,"column":18},"end":{"line":229,"column":19}},"loc":{"start":{"line":229,"column":33},"end":{"line":296,"column":9}},"line":229},"26":{"name":"(anonymous_26)","decl":{"start":{"line":238,"column":38},"end":{"line":238,"column":39}},"loc":{"start":{"line":238,"column":63},"end":{"line":249,"column":29}},"line":238},"27":{"name":"(anonymous_27)","decl":{"start":{"line":242,"column":62},"end":{"line":242,"column":63}},"loc":{"start":{"line":242,"column":69},"end":{"line":242,"column":77}},"line":242},"28":{"name":"(anonymous_28)","decl":{"start":{"line":255,"column":38},"end":{"line":255,"column":39}},"loc":{"start":{"line":255,"column":62},"end":{"line":265,"column":29}},"line":255},"29":{"name":"(anonymous_29)","decl":{"start":{"line":259,"column":60},"end":{"line":259,"column":61}},"loc":{"start":{"line":259,"column":67},"end":{"line":259,"column":75}},"line":259},"30":{"name":"(anonymous_30)","decl":{"start":{"line":271,"column":38},"end":{"line":271,"column":39}},"loc":{"start":{"line":271,"column":66},"end":{"line":281,"column":29}},"line":271},"31":{"name":"(anonymous_31)","decl":{"start":{"line":275,"column":68},"end":{"line":275,"column":69}},"loc":{"start":{"line":275,"column":75},"end":{"line":275,"column":83}},"line":275},"32":{"name":"(anonymous_32)","decl":{"start":{"line":308,"column":12},"end":{"line":308,"column":13}},"loc":{"start":{"line":308,"column":31},"end":{"line":377,"column":5}},"line":308},"33":{"name":"(anonymous_33)","decl":{"start":{"line":309,"column":18},"end":{"line":309,"column":19}},"loc":{"start":{"line":309,"column":33},"end":{"line":376,"column":9}},"line":309},"34":{"name":"(anonymous_34)","decl":{"start":{"line":318,"column":38},"end":{"line":318,"column":39}},"loc":{"start":{"line":318,"column":63},"end":{"line":329,"column":29}},"line":318},"35":{"name":"(anonymous_35)","decl":{"start":{"line":322,"column":62},"end":{"line":322,"column":63}},"loc":{"start":{"line":322,"column":69},"end":{"line":322,"column":77}},"line":322},"36":{"name":"(anonymous_36)","decl":{"start":{"line":335,"column":38},"end":{"line":335,"column":39}},"loc":{"start":{"line":335,"column":62},"end":{"line":345,"column":29}},"line":335},"37":{"name":"(anonymous_37)","decl":{"start":{"line":339,"column":60},"end":{"line":339,"column":61}},"loc":{"start":{"line":339,"column":67},"end":{"line":339,"column":75}},"line":339},"38":{"name":"(anonymous_38)","decl":{"start":{"line":351,"column":38},"end":{"line":351,"column":39}},"loc":{"start":{"line":351,"column":66},"end":{"line":361,"column":29}},"line":351},"39":{"name":"(anonymous_39)","decl":{"start":{"line":355,"column":68},"end":{"line":355,"column":69}},"loc":{"start":{"line":355,"column":75},"end":{"line":355,"column":83}},"line":355},"40":{"name":"(anonymous_40)","decl":{"start":{"line":388,"column":12},"end":{"line":388,"column":13}},"loc":{"start":{"line":388,"column":31},"end":{"line"
[...]
n":8},"end":{"line":181,"column":9}},{"start":{"line":152,"column":8},"end":{"line":181,"column":9}}],"line":152},"11":{"loc":{"start":{"line":152,"column":12},"end":{"line":152,"column":48}},"type":"binary-expr","locations":[{"start":{"line":152,"column":12},"end":{"line":152,"column":18}},{"start":{"line":152,"column":22},"end":{"line":152,"column":48}}],"line":152},"12":{"loc":{"start":{"line":171,"column":20},"end":{"line":176,"column":21}},"type":"if","locations":[{"start":{"line":171,"column":20},"end":{"line":176,"column":21}},{"start":{"line":171,"column":20},"end":{"line":176,"column":21}}],"line":171},"13":{"loc":{"start":{"line":174,"column":27},"end":{"line":176,"column":21}},"type":"if","locations":[{"start":{"line":174,"column":27},"end":{"line":176,"column":21}},{"start":{"line":174,"column":27},"end":{"line":176,"column":21}}],"line":174},"14":{"loc":{"start":{"line":189,"column":8},"end":{"line":218,"column":9}},"type":"if","locations":[{"start":{"line":189,"column":8},"end":{"line":218,"column":9}},{"start":{"line":189,"column":8},"end":{"line":218,"column":9}}],"line":189},"15":{"loc":{"start":{"line":189,"column":12},"end":{"line":189,"column":48}},"type":"binary-expr","locations":[{"start":{"line":189,"column":12},"end":{"line":189,"column":18}},{"start":{"line":189,"column":22},"end":{"line":189,"column":48}}],"line":189},"16":{"loc":{"start":{"line":208,"column":20},"end":{"line":213,"column":21}},"type":"if","locations":[{"start":{"line":208,"column":20},"end":{"line":213,"column":21}},{"start":{"line":208,"column":20},"end":{"line":213,"column":21}}],"line":208},"17":{"loc":{"start":{"line":211,"column":27},"end":{"line":213,"column":21}},"type":"if","locations":[{"start":{"line":211,"column":27},"end":{"line":213,"column":21}},{"start":{"line":211,"column":27},"end":{"line":213,"column":21}}],"line":211},"18":{"loc":{"start":{"line":230,"column":12},"end":{"line":295,"column":13}},"type":"if","locations":[{"start":{"line":230,"column":12},"end":{"line":295,"column":13}},{"start":{"line":230,"column":12},"end":{"line":295,"column":13}}],"line":230},"19":{"loc":{"start":{"line":234,"column":20},"end":{"line":287,"column":21}},"type":"if","locations":[{"start":{"line":234,"column":20},"end":{"line":287,"column":21}},{"start":{"line":234,"column":20},"end":{"line":287,"column":21}}],"line":234},"20":{"loc":{"start":{"line":235,"column":24},"end":{"line":284,"column":25}},"type":"if","locations":[{"start":{"line":235,"column":24},"end":{"line":284,"column":25}},{"start":{"line":235,"column":24},"end":{"line":284,"column":25}}],"line":235},"21":{"loc":{"start":{"line":239,"column":32},"end":{"line":248,"column":33}},"type":"if","locations":[{"start":{"line":239,"column":32},"end":{"line":248,"column":33}},{"start":{"line":239,"column":32},"end":{"line":248,"column":33}}],"line":239},"22":{"loc":{"start":{"line":252,"column":31},"end":{"line":284,"column":25}},"type":"if","locations":[{"start":{"line":252,"column":31},"end":{"line":284,"column":25}},{"start":{"line":252,"column":31},"end":{"line":284,"column":25}}],"line":252},"23":{"loc":{"start":{"line":256,"column":32},"end":{"line":264,"column":33}},"type":"if","locations":[{"start":{"line":256,"column":32},"end":{"line":264,"column":33}},{"start":{"line":256,"column":32},"end":{"line":264,"column":33}}],"line":256},"24":{"loc":{"start":{"line":268,"column":31},"end":{"line":284,"column":25}},"type":"if","locations":[{"start":{"line":268,"column":31},"end":{"line":284,"column":25}},{"start":{"line":268,"column":31},"end":{"line":284,"column":25}}],"line":268},"25":{"loc":{"start":{"line":272,"column":32},"end":{"line":280,"column":33}},"type":"if","locations":[{"start":{"line":272,"column":32},"end":{"line":280,"column":33}},{"start":{"line":272,"column":32},"end":{"line":280,"column":33}}],"line":272},"26":{"loc":{"start":{"line":310,"column":12},"end":{"line":375,"column":13}},"type":"if","locations":[{"start":{"line":310,"column":12},"end":{"line":375,"column":13}},{"start":{"line":310,"column":12},"end":{"line":375,"column":13}}],"line":310},"27":{"loc":{"start":{"line":314,"column":20},"end":{"line":367,"column":21}},"type":"if","locations":[{"start":{"line":314,"column":20},"end":{"line":367,"column":21}},{"start":{"line":314,"column":20},"end":{"line":367,"column":21}}],"line":314},"28":{"loc":{"start":{"line":315,"column":24},"end":{"line":364,"column":25}},"type":"if","locations":[{"start":{"line":315,"column":24},"end":{"line":364,"column":25}},{"start":{"line":315,"column":24},"end":{"line":364,"column":25}}],"line":315},"29":{"loc":{"start":{"line":319,"column":32},"end":{"line":328,"column":33}},"type":"if","locations":[{"start":{"line":319,"column":32},"end":{"line":328,"column":33}},{"start":{"line":319,"column":32},"end":{"line":328,"column":33}}],"line":319},"30":{"loc":{"start":{"line":332,"column":31},"end":{"line":364,"column":25}},"type":"if","locations":[{"start":{"line":332,"column":31},"end":{"line":364,"column":25}},{"start":{"line":332,"column":31},"end":{"line":364,"column":25}}],"line":332},"31":{"loc":{"start":{"line":336,"column":32},"end":{"line":344,"column":33}},"type":"if","locations":[{"start":{"line":336,"column":32},"end":{"line":344,"column":33}},{"start":{"line":336,"column":32},"end":{"line":344,"column":33}}],"line":336},"32":{"loc":{"start":{"line":348,"column":31},"end":{"line":364,"column":25}},"type":"if","locations":[{"start":{"line":348,"column":31},"end":{"line":364,"column":25}},{"start":{"line":348,"column":31},"end":{"line":364,"column":25}}],"line":348},"33":{"loc":{"start":{"line":352,"column":32},"end":{"line":360,"column":33}},"type":"if","locations":[{"start":{"line":352,"column":32},"end":{"line":360,"column":33}},{"start":{"line":352,"column":32},"end":{"line":360,"column":33}}],"line":352},"34":{"loc":{"start":{"line":390,"column":12},"end":{"line":454,"column":13}},"type":"if","locations":[{"start":{"line":390,"column":12},"end":{"line":454,"column":13}},{"start":{"line":390,"column":12},"end":{"line":454,"column":13}}],"line":390},"35":{"loc":{"start":{"line":394,"column":20},"end":{"line":447,"column":21}},"type":"if","locations":[{"start":{"line":394,"column":20},"end":{"line":447,"column":21}},{"start":{"line":394,"column":20},"end":{"line":447,"column":21}}],"line":394},"36":{"loc":{"start":{"line":395,"column":24},"end":{"line":444,"column":25}},"type":"if","locations":[{"start":{"line":395,"column":24},"end":{"line":444,"column":25}},{"start":{"line":395,"column":24},"end":{"line":444,"column":25}}],"line":395},"37":{"loc":{"start":{"line":399,"column":32},"end":{"line":408,"column":33}},"type":"if","locations":[{"start":{"line":399,"column":32},"end":{"line":408,"column":33}},{"start":{"line":399,"column":32},"end":{"line":408,"column":33}}],"line":399},"38":{"loc":{"start":{"line":412,"column":31},"end":{"line":444,"column":25}},"type":"if","locations":[{"start":{"line":412,"column":31},"end":{"line":444,"column":25}},{"start":{"line":412,"column":31},"end":{"line":444,"column":25}}],"line":412},"39":{"loc":{"start":{"line":416,"column":32},"end":{"line":424,"column":33}},"type":"if","locations":[{"start":{"line":416,"column":32},"end":{"line":424,"column":33}},{"start":{"line":416,"column":32},"end":{"line":424,"column":33}}],"line":416},"40":{"loc":{"start":{"line":428,"column":31},"end":{"line":444,"column":25}},"type":"if","locations":[{"start":{"line":428,"column":31},"end":{"line":444,"column":25}},{"start":{"line":428,"column":31},"end":{"line":444,"column":25}}],"line":428},"41":{"loc":{"start":{"line":432,"column":32},"end":{"line":440,"column":33}},"type":"if","locations":[{"start":{"line":432,"column":32},"end":{"line":440,"column":33}},{"start":{"line":432,"column":32},"end":{"line":440,"column":33}}],"line":432},"42":{"loc":{"start":{"line":484,"column":8},"end":{"line":490,"column":9}},"type":"if","locations":[{"start":{"line":484,"column":8},"end":{"line":490,"column":9}},{"start":{"line":484,"column":8},"end":{"line":490,"column":9}}],"line":484},"43":{"loc":{"start":{"line":500,"column":12},"end":{"line":508,"column":13}},"type":"if","locations":[{"start":{"line":500,"column":12},"end":{"line":508,"column":13}},{"start":{"line":500,"column":12},"end":{"line":508,"column":13}}],"line":500}},"s":{"0":1,"1":1,"2":1,"3":1,"4":1,"5":1,"6":1,"7":1,"8":1,"9":1,"10":1,"11":1,"12":1,"13":1,"14":1,"15":1,"16":0,"17":0,"18":0,"19":0,"20":1,"21":1,"22":1,"23":1,"24":0,"25":1,"26":1,"27":1,"28":1,"29":0,"30":0,"31":0,"32":1,"33":1,"34":1,"35":1,"36":0,"37":1,"38":1,"39":0,"40":0,"41":0,"42":0,"43":0,"44":0,"45":0,"46":0,"47":0,"48":0,"49":0,"50":0,"51":0,"52":0,"53":0,"54":0,"55":0,"56":0,"57":0,"58":0,"59":0,"60":0,"61":0,"62":0,"63":0,"64":0,"65":0,"66":0,"67":0,"68":0,"69":0,"70":0,"71":0,"72":0,"73":0,"74":0,"75":0,"76":0,"77":0,"78":0,"79":0,"80":0,"81":0,"82":0,"83":0,"84":0,"85":0,"86":0,"87":0,"88":0,"89":0,"90":0,"91":0,"92":0,"93":0,"94":0,"95":0,"96":0,"97":0,"98":0,"99":0,"100":0,"101":0,"102":0,"103":0,"104":0,"105":0,"106":0,"107":0,"108":0,"109":0,"110":0,"111":0,"112":0,"113":0,"114":0,"115":0,"116":0,"117":0,"118":1,"119":0,"120":0,"121":0,"122":0,"123":0,"124":0,"125":0,"126":0,"127":0,"128":0,"129":0,"130":0,"131":0,"132":0,"133":0,"134":0,"135":0,"136":0,"137":0,"138":0,"139":0,"140":0,"141":0,"142":0,"143":0,"144":0,"145":0,"146":0,"147":0,"148":1,"149":1,"150":0,"151":0,"152":0,"153":0,"154":0,"155":0,"156":0,"157":0,"158":0,"159":0,"160":0,"161":0,"162":0,"163":0,"164":0,"165":0,"166":0,"167":0,"168":0,"169":0,"170":0,"171":0,"172":0,"173":0,"174":0,"175":0,"176":0,"177":0,"178":0,"179":1,"180":1,"181":0,"182":0,"183":0,"184":0,"185":0,"186":0,"187":0,"188":0,"189":0,"190":0,"191":0,"192":0,"193":0,"194":0,"195":0,"196":0,"197":0,"198":0,"199":0,"200":0,"201":0,"202":0,"203":0,"204":0,"205":0,"206":0,"207":0,"208":0,"209":0,"210":1,"211":0,"212":0,"213":0,"214":0,"215":0,"216":0,"217":1,"218":0,"219":0,"220":0,"221":0,"222":0,"223":0,"224":0,"225":1,"226":1},"f":{"0":0,"1":0,"2":1,"3":1,"4":1,"5":0,"6":1,"7":1,"8":0,"9":0,"10":0,"11":0,"12":0,"13":0,"14":0,"15":0,"16":0,"17":0,"18":0,"19":0,"20":0,"21":0,"22":0,"23":0,"24":0,"25":0,"26":0,"27":0,"28":0,"29":0,"30":0,"31":0,"32":0,"33":0,"34":0,"35":0,"36":0,"37":0,"38":0,"39":0,"40":0,"41":0,"42":0,"43":0,"44":0,"45":0,"46":0,"47":0,"48":0,"49":0,"50":0,"51":0},"b":{"0":[0,0],"1":[0,1],"2":[0,0],"3":[0,1],"4":[0,0],"5":[0,0],"6":[0,0],"7":[0,0],"8":[0,0],"9":[0,0],"10":[0,0],"11":[0,0],"12":[0,0],"13":[0,0],"14":[0,0],"15":[0,0],"16":[0,0],"17":[0,0],"18":[0,0],"19":[0,0],"20":[0,0],"21":[0,0],"22":[0,0],"23":[0,0],"24":[0,0],"25":[0,0],"26":[0,0],"27":[0,0],"28":[0,0],"29":[0,0],"30":[0,0],"31":[0,0],"32":[0,0],"33":[0,0],"34":[0,0],"35":[0,0],"36":[0,0],"37":[0,0],"38":[0,0],"39":[0,0],"40":[0,0],"41":[0,0],"42":[0,0],"43":[0,0]},"_coverageSchema":"332fd63041d2c1bcb487cc26dd0d5f7d97098a6c","hash":"865883d1cf26ad466ec491824a2f68ee7592b62b","contentHash":"79ec87d72a3270c05d065521faca7f1c_11.2.1"},"/home/traning/Pictures/Personalized-Emailer/projectPmMailer /server/express/models/currencymodel.js":{"path":"/home/traning/Pictures/Personalized-Emailer/projectPmMailer /server/express/models/currencymodel.js","statementMap":{"0":{"start":{"line":1,"column":17},"end":{"line":1,"column":36}},"1":{"start":{"line":2,"column":15},"end":{"line":2,"column":30}},"2":{"start":{"line":4,"column":23},"end":{"line":12,"column":30}},"3":{"start":{"line":14,"column":20},"end":{"line":14,"column":62}},"4":{"start":{"line":16,"column":0},"end":{"line":16,"column":31}}},"fnMap":{},"branchMap":{},"s":{"0":1,"1":1,"2":1,"3":1,"4":1},"f":{},"b":{},"_coverageSchema":"332fd63041d2c1bcb487cc26dd0d5f7d97098a6c","hash":"e06f188cef8ad916d953b6bf6cc9b76b377c722c","contentHash":"947da11648c9148f04087cb69326f36b_11.2.1"},"/home/traning/Pictures/Personalized-Emailer/projectPmMailer /server/express/models/stock.js":{"path":"/home/traning/Pictures/Personalized-Emailer/projectPmMailer /server/express/models/stock.js","statementMap":{"0":{"start":{"line":1,"column":17},"end":{"line":1,"column":36}},"1":{"start":{"line":2,"column":15},"end":{"line":2,"column":30}},"2":{"start":{"line":4,"column":20},"end":{"line":10,"column":27}},"3":{"start":{"line":12,"column":16},"end":{"line":12,"column":52}},"4":{"start":{"line":14,"column":0},"end":{"line":14,"column":27}}},"fnMap":{},"branchMap":{},"s":{"0":1,"1":1,"2":1,"3":1,"4":1},"f":{},"b":{},"_coverageSchema":"332fd63041d2c1bcb487cc26dd0d5f7d97098a6c","hash":"2e0560495b9715479d6ead95a614501a2fc625c0","contentHash":"7920aeac5b2248df1636f4b668b1c72c_11.2.1"},"/home/traning/Pictures/Personalized-Emailer/projectPmMailer /server/express/models/nasdaq.js":{"path":"/home/traning/Pictures/Personalized-Emailer/projectPmMailer /server/express/models/nasdaq.js","statementMap":{"0":{"start":{"line":1,"column":17},"end":{"line":1,"column":36}},"1":{"start":{"line":2,"column":15},"end":{"line":2,"column":30}},"2":{"start":{"line":4,"column":21},"end":{"line":9,"column":28}},"3":{"start":{"line":11,"column":17},"end":{"line":11,"column":55}},"4":{"start":{"line":13,"column":0},"end":{"line":13,"column":28}}},"fnMap":{},"branchMap":{},"s":{"0":1,"1":1,"2":1,"3":1,"4":1},"f":{},"b":{},"_coverageSchema":"332fd63041d2c1bcb487cc26dd0d5f7d97098a6c","hash":"e76702671798dd92b0a8cfa33f05689b6106c390","contentHash":"f5ae789e4e700b10d0d296e32ba0cd16_11.2.1"},"/home/traning/Pictures/Personalized-Emailer/projectPmMailer /server/express/models/fundsmodel.js":{"path":"/home/traning/Pictures/Personalized-Emailer/projectPmMailer /server/express/models/fundsmodel.js","statementMap":{"0":{"start":{"line":1,"column":17},"end":{"line":1,"column":36}},"1":{"start":{"line":2,"column":15},"end":{"line":2,"column":30}},"2":{"start":{"line":4,"column":19},"end":{"line":11,"column":26}},"3":{"start":{"line":13,"column":16},"end":{"line":13,"column":50}},"4":{"start":{"line":15,"column":0},"end":{"line":15,"column":27}}},"fnMap":{},"branchMap":{},"s":{"0":1,"1":1,"2":1,"3":1,"4":1},"f":{},"b":{},"_coverageSchema":"332fd63041d2c1bcb487cc26dd0d5f7d97098a6c","hash":"ddbf38d220a60109d0c7274716e9a0ec14f2e335","contentHash":"79aebd2f316e5323d26b9c53c3999aee_11.2.1"},"/home/traning/Pictures/Personalized-Emailer/projectPmMailer /server/express/routes/index.js":{"path":"/home/traning/Pictures/Personalized-Emailer/projectPmMailer /server/express/routes/index.js","statementMap":{"0":{"start":{"line":1,"column":14},"end":{"line":1,"column":32}},"1":{"start":{"line":2,"column":13},"end":{"line":2,"column":29}},"2":{"start":{"line":5,"column":0},"end":{"line":7,"column":3}},"3":{"start":{"line":6,"column":2},"end":{"line":6,"column":66}},"4":{"start":{"line":9,"column":0},"end":{"line":9,"column":24}}},"fnMap":{"0":{"name":"(anonymous_0)","decl":{"start":{"line":5,"column":16},"end":{"line":5,"column":17}},"loc":{"start":{"line":5,"column":35},"end":{"line":7,"column":1}},"line":5}},"branchMap":{},"s":{"0":1,"1":1,"2":1,"3":0,"4":1},"f":{"0":0},"b":{},"_coverageSchema":"332fd63041d2c1bcb487cc26dd0d5f7d97098a6c","hash":"42019f72d5492594a15aef0c799182d2c360c85c","contentHash":"f69d0ae50696b312ff4f9b2c72937787_11.2.1"},"/home/traning/Pictures/Personalized-Emailer/projectPmMailer /server/express/routes/tweets.js":{"path":"/home/traning/Pictures/Personalized-Emailer/projectPmMailer /server/express/routes/tweets.js","statementMap":{"0":{"start":{"line":1,"column":14},"end":{"line":1,"column":32}},"1":{"start":{"line":2,"column":13},"end":{"line":2,"column":29}},"2":{"start":{"line":3,"column":11},"end":{"line":3,"column":26}},"3":{"start":{"line":4,"column":13},"end":{"line":4,"column":45}},"4":{"start":{"line":7,"column":14},"end":{"line":7,"column":38}},"5":{"start":{"line":9,"column":18},"end":{"line":9,"column":20}},"6":{"start":{"line":10,"column":16},"end":{"line":10,"column":19}},"7":{"start":{"line":11,"column":17},"end":{"line":11,"column":34}},"8":{"start":{"line":12,"column":24},"end":{"line":12,"column":48}},"9":{"start":{"line":17,"column":0},"end":{"line":70,"column":3}},"10":{"start":{"line":19,"column":21},"end":{"line":19,"column":23}},"11":{"start":{"line":19,"column":34},"end":{"line":19,"column":36}},"12":{"start":{"line":21,"column":11},"end":{"line":25,"column":3}},"13":{"start":{"line":28,"column":2},"end":{"line":30,"column":3}},"14":{"start":{"line":29,"column":4},"end":{"line":29,"column":37}},"15":{"start":{"line":33,"column":2},"end":{"line":42,"column":5}},"16":{"start":{"line":35,"column":4},"end":{"line":35,"column":18}},"17":{"start":{"line":37,"column":12},"end":{"line":37,"column":13}},"18":{"start":{"line":37,"column":21},"end":{"line":37,"column":34}},"19":{"start":{"line":39,"column":4},"end":{"line":41,"column":5}},"20":{"start":{"line":40,"column":6},"end":{"line":40,"column":27}},"21":{"start":{"line":50,"column":17},"end":{"line":55,"column":5}},"22":{"start":{"line":58,"column":4},"end":{"line":68,"column":7}},"23":{"start":{"line":59,"column":6},"end":{"line":59,"column":26}},"24":{"start":{"line":60,"column":6},"end":{"line":60,"column":31}},"25":{"start":{"line":61,"column":0},"end":{"line":61,"column":76}},"26":{"start":{"line":63,"column":6},"end":{"line":67,"column":7}},"27":{"start":{"line":64,"column":8},"end":{"line":64,"column":58}},"28":{"start":{"line":65,"column":8},"end":{"line":65,"column":31}},"29":{"start":{"line":72,"column":0},"end":{"line":72,"column":24}}},"fnMap":{"0":{"name":"(anonymous_0)","decl":{"start":{"line":17,"column":35},"end":{"line":17,"column":36}},"loc":{"start":{"line":17,"column":54},"end":{"line":70,"column":1}},"line":17},"1":{"name":"(anonymous_1)","decl":{"start":{"line":33,"column":41},"end":{"line":33,"column":42}},"loc":{"start":{"line":33,"column":68},"end":{"line":42,"column":3}},"line":33},"2":{"name":"getOEmbed","decl":{"start":{"line":47,"column":11},"end":{"line":47,"column":20}},"loc":{"start":{"line":47,"column":29},"end":{"line":69,"column":3}},"line":47},"3":{"name":"(anonymous_3)","decl":{"start":{"line":58,"column":37},"end":{"line":58,"column":38}},"loc":{"start":{"line":58,"column":64},"end":{"line":68,"column":5}},"line":58}},"branchMap":{"0":{"loc":{"start":{"line":28,"column":2},"end":{"line":30,"column":3}},"type":"if","locations":[{"start":{"line":28,"column":2},"end":{"line":30,"column":3}},{"start":{"line":28,"column":2},"end":{"line":30,"column":3}}],"line":28},"1":{"loc":{"start":{"line":63,"column":6},"end":{"line":67,"column":7}},"type":"if","locations":[{"start":{"line":63,"column":6},"end":{"line":67,"column":7}},{"start":{"line":63,"column":6},"end":{"line":67,"column":7}}],"line":63}},"s":{"0":1,"1":1,"2":1,"3":1,"4":1,"5":1,"6":1,"7":1,"8":1,"9":1,"10":0,"11":0,"12":0,"13":0,"14":0,"15":0,"16":0,"17":0,"18":0,"19":0,"20":0,"21":0,"22":0,"23":0,"24":0,"25":0,"26":0,"27":0,"28":0,"29":1},"f":{"0":0,"1":0,"2":0,"3":0},"b":{"0":[0,0],"1":[0,0]},"_coverageSchema":"332fd63041d2c1bcb487cc26dd0d5f7d97098a6c","hash":"3fdee3af7cbf3770020caf88f2091c7d9519c747","contentHash":"a73eb6b95b619dbd1855e17a5c9ff127_11.2.1"},"/home/traning/Pictures/Personalized-Emailer/projectPmMailer /server/express/config/tweetconfig.js":{"path":"/home/traning/Pictures/Personalized-Emailer/projectPmMailer /server/express/config/tweetconfig.js","statementMap":{"0":{"start":{"line":1,"column":0},"end":{"line":10,"column":2}}},"fnMap":{},"branchMap":{},"s":{"0":1},"f":{},"b":{},"_coverageSchema":"332fd63041d2c1bcb487cc26dd0d5f7d97098a6c","hash":"928f12cf1b11c171fd2467457b0b4a3cb57ccdb9","contentHash":"5aa906d980997adb0eee798e5dcbfb5f_11.2.1"},"/home/traning/Pictures/Personalized-Emailer/projectPmMailer /server/express/routes/liveTweets.js":{"path":"/home/traning/Pictures/Personalized-Emailer/projectPmMailer /server/express/routes/liveTweets.js","statementMap":{},"fnMap":{},"branchMap":{},"s":{},"f":{},"b":{},"_coverageSchema":"332fd63041d2c1bcb487cc26dd0d5f7d97098a6c","hash":"b3e584209cd3b5c5e988b1f2af1a386350b51c75","contentHash":"ae2587f3ad87e24405707e3ecd1a99a9_11.2.1"}}