{"/home/traning/Desktop/Personalized-Emailer/projectPmMailer /server/express/index.js":{"path":"/home/traning/Desktop/Personalized-Emailer/projectPmMailer /server/express/index.js","statementMap":{"0":{"start":{"line":1,"column":16},"end":{"line":1,"column":34}},"1":{"start":{"line":2,"column":12},"end":{"line":2,"column":21}},"2":{"start":{"line":3,"column":17},"end":{"line":3,"column":36}},"3":{"start":{"line":5,"column":15},"end":{"line":5,"column":40}},"4":{"start":{"line":6,"column":13},"end":{"line":6,"column":28}},"5":{"start":{"line":7,"column":19},"end":{"line":7,"column":41}},"6":{"start":{"line":8,"column":17},"end":{"line":8,"column":36}},"7":{"start":{"line":9,"column":16},"end":{"line":9,"column":42}},"8":{"start":{"line":10,"column":15},"end":{"line":10,"column":43}},"9":{"start":{"line":11,"column":15},"end":{"line":11,"column":47}},"10":{"start":{"line":12,"column":18},"end":{"line":12,"column":47}},"11":{"start":{"line":14,"column":20},"end":{"line":14,"column":54}},"12":{"start":{"line":15,"column":13},"end":{"line":15,"column":37}},"13":{"start":{"line":16,"column":12},"end":{"line":16,"column":28}},"14":{"start":{"line":17,"column":13},"end":{"line":17,"column":30}},"15":{"start":{"line":18,"column":12},"end":{"line":18,"column":36}},"16":{"start":{"line":20,"column":19},"end":{"line":20,"column":43}},"17":{"start":{"line":22,"column":16},"end":{"line":22,"column":49}},"18":{"start":{"line":23,"column":11},"end":{"line":23,"column":26}},"19":{"start":{"line":25,"column":0},"end":{"line":25,"column":16}},"20":{"start":{"line":34,"column":0},"end":{"line":38,"column":4}},"21":{"start":{"line":39,"column":0},"end":{"line":39,"column":31}},"22":{"start":{"line":40,"column":0},"end":{"line":40,"column":28}},"23":{"start":{"line":42,"column":0},"end":{"line":42,"column":27}},"24":{"start":{"line":43,"column":0},"end":{"line":43,"column":52}},"25":{"start":{"line":44,"column":0},"end":{"line":44,"column":47}},"26":{"start":{"line":46,"column":0},"end":{"line":46,"column":51}},"27":{"start":{"line":47,"column":0},"end":{"line":47,"column":17}},"28":{"start":{"line":48,"column":0},"end":{"line":48,"column":24}},"29":{"start":{"line":49,"column":0},"end":{"line":49,"column":21}},"30":{"start":{"line":53,"column":0},"end":{"line":58,"column":3}},"31":{"start":{"line":56,"column":4},"end":{"line":56,"column":59}},"32":{"start":{"line":60,"column":0},"end":{"line":60,"column":21}}},"fnMap":{"0":{"name":"(anonymous_0)","decl":{"start":{"line":53,"column":24},"end":{"line":53,"column":25}},"loc":{"start":{"line":53,"column":30},"end":{"line":58,"column":1}},"line":53}},"branchMap":{},"s":{"0":1,"1":1,"2":1,"3":1,"4":1,"5":1,"6":1,"7":1,"8":1,"9":1,"10":1,"11":1,"12":1,"13":1,"14":1,"15":1,"16":1,"17":1,"18":1,"19":1,"20":1,"21":1,"22":1,"23":1,"24":1,"25":1,"26":1,"27":1,"28":1,"29":1,"30":1,"31":1,"32":1},"f":{"0":1},"b":{},"_coverageSchema":"332fd63041d2c1bcb487cc26dd0d5f7d97098a6c","hash":"3dcc2367618fc5c5228164c9c0f96e563c31e617","contentHash":"21eeeb09a43fa9bfbfabfd81c34a8f04_11.2.1"},"/home/traning/Desktop/Personalized-Emailer/projectPmMailer /server/express/routes/route.js":{"path":"/home/traning/Desktop/Personalized-Emailer/projectPmMailer /server/express/routes/route.js","statementMap":{"0":{"start":{"line":1,"column":15},"end":{"line":1,"column":44}},"1":{"start":{"line":2,"column":18},"end":{"line":2,"column":48}},"2":{"start":{"line":3,"column":22},"end":{"line":3,"column":56}},"3":{"start":{"line":4,"column":15},"end":{"line":4,"column":39}},"4":{"start":{"line":5,"column":14},"end":{"line":5,"column":30}},"5":{"start":{"line":6,"column":15},"end":{"line":6,"column":32}},"6":{"start":{"line":7,"column":14},"end":{"line":7,"column":38}},"7":{"start":{"line":8,"column":15},"end":{"line":8,"column":48}},"8":{"start":{"line":9,"column":21},"end":{"line":9,"column":45}},"9":{"start":{"line":10,"column":16},"end":{"line":10,"column":34}},"10":{"start":{"line":11,"column":12},"end":{"line":11,"column":21}},"11":{"start":{"line":12,"column":15},"end":{"line":12,"column":31}},"12":{"start":{"line":13,"column":23},"end":{"line":13,"column":48}},"13":{"start":{"line":14,"column":22},"end":{"line":14,"column":55}},"14":{"start":{"line":15,"column":25},"end":{"line":15,"column":52}},"15":{"start":{"line":16,"column":15},"end":{"line":16,"column":34}},"16":{"start":{"line":17,"column":14},"end":{"line":17,"column":32}},"17":{"start":{"line":18,"column":22},"end":{"line":18,"column":48}},"18":{"start":{"line":19,"column":15},"end":{"line":19,"column":34}},"19":{"start":{"line":20,"column":19},"end":{"line":20,"column":42}},"20":{"start":{"line":21,"column":21},"end":{"line":21,"column":46}},"21":{"start":{"line":22,"column":15},"end":{"line":22,"column":34}},"22":{"start":{"line":23,"column":17},"end":{"line":23,"column":37}},"23":{"start":{"line":25,"column":19},"end":{"line":25,"column":42}},"24":{"start":{"line":26,"column":14},"end":{"line":26,"column":32}},"25":{"start":{"line":27,"column":14},"end":{"line":27,"column":32}},"26":{"start":{"line":28,"column":15},"end":{"line":28,"column":34}},"27":{"start":{"line":29,"column":19},"end":{"line":29,"column":42}},"28":{"start":{"line":30,"column":0},"end":{"line":30,"column":27}},"29":{"start":{"line":31,"column":0},"end":{"line":31,"column":25}},"30":{"start":{"line":32,"column":0},"end":{"line":32,"column":36}},"31":{"start":{"line":33,"column":0},"end":{"line":33,"column":27}},"32":{"start":{"line":34,"column":0},"end":{"line":34,"column":28}},"33":{"start":{"line":35,"column":0},"end":{"line":35,"column":26}},"34":{"start":{"line":36,"column":0},"end":{"line":36,"column":35}},"35":{"start":{"line":37,"column":0},"end":{"line":37,"column":39}},"36":{"start":{"line":38,"column":0},"end":{"line":38,"column":26}},"37":{"start":{"line":39,"column":0},"end":{"line":39,"column":36}},"38":{"start":{"line":40,"column":0},"end":{"line":40,"column":20}},"39":{"start":{"line":41,"column":0},"end":{"line":41,"column":27}},"40":{"start":{"line":43,"column":0},"end":{"line":43,"column":21}}},"fnMap":{},"branchMap":{},"s":{"0":1,"1":1,"2":1,"3":1,"4":1,"5":1,"6":1,"7":1,"8":1,"9":1,"10":1,"11":1,"12":1,"13":1,"14":1,"15":1,"16":1,"17":1,"18":1,"19":1,"20":1,"21":1,"22":1,"23":1,"24":1,"25":1,"26":1,"27":1,"28":1,"29":1,"30":1,"31":1,"32":1,"33":1,"34":1,"35":1,"36":1,"37":1,"38":1,"39":1,"40":1},"f":{},"b":{},"_coverageSchema":"332fd63041d2c1bcb487cc26dd0d5f7d97098a6c","hash":"908552f84405e34d2d00a58162d41ecd6e11600c","contentHash":"7b8808ede26b1b7deed59ebb874fd21b_11.2.1"},"/home/traning/Desktop/Personalized-Emailer/projectPmMailer /server/express/config/database.js":{"path":"/home/traning/Desktop/Personalized-Emailer/projectPmMailer /server/express/config/database.js","statementMap":{"0":{"start":{"line":1,"column":0},"end":{"line":5,"column":1}}},"fnMap":{},"branchMap":{},"s":{"0":1},"f":{},"b":{},"_coverageSchema":"332fd63041d2c1bcb487cc26dd0d5f7d97098a6c","hash":"8511120cc4f52363ea8a07c31f754b4d80ec2c24","contentHash":"697a370e86679864abe277124839225b_11.2.1"},"/home/traning/Desktop/Personalized-Emailer/projectPmMailer /server/express/config/configure.js":{"path":"/home/traning/Desktop/Personalized-Emailer/projectPmMailer /server/express/config/configure.js","statementMap":{"0":{"start":{"line":2,"column":0},"end":{"line":10,"column":1}}},"fnMap":{},"branchMap":{},"s":{"0":1},"f":{},"b":{},"_coverageSchema":"332fd63041d2c1bcb487cc26dd0d5f7d97098a6c","hash":"a6b4049d4b1b535786e1820ec289599b4db1c1e9","contentHash":"4a0e5b180ca49df7c1979c70528782c0_11.2.1"},"/home/traning/Desktop/Personalized-Emailer/projectPmMailer /server/express/services/app.logger.js":{"path":"/home/traning/Desktop/Personalized-Emailer/projectPmMailer /server/express/services/app.logger.js","statementMap":{"0":{"start":{"line":2,"column":15},"end":{"line":2,"column":32}},"1":{"start":{"line":5,"column":21},"end":{"line":5,"column":48}},"2":{"start":{"line":8,"column":0},"end":{"line":8,"column":31}},"3":{"start":{"line":11,"column":15},"end":{"line":11,"column":33}},"4":{"start":{"line":14,"column":0},"end":{"line":14,"column":24}}},"fnMap":{},"branchMap":{},"s":{"0":1,"1":1,"2":1,"3":1,"4":1},"f":{},"b":{},"_coverageSchema":"332fd63041d2c1bcb487cc26dd0d5f7d97098a6c","hash":"d5bb02101c217b0ef5dab97585efa9b485265079","contentHash":"57e2cb93887742557505c8f87bbf0313_11.2.1"},"/home/traning/Desktop/Personalized-Emailer/projectPmMailer /server/express/config/logger.js":{"path":"/home/traning/Desktop/Personalized-Emailer/projectPmMailer /server/express/config/logger.js","statementMap":{"0":{"start":{"line":1,"column":0},"end":{"line":20,"column":2}}},"fnMap":{},"branchMap":{},"s":{"0":1},"f":{},"b":{},"_coverageSchema":"332fd63041d2c1bcb487cc26dd0d5f7d97098a6c","hash":"04e4e3e230412fc610a9275153f367c12c57747b","contentHash":"61eb4dd759f60bc586e5f0a1b72d1c33_11.2.1"},"/home/traning/Desktop/Personalized-Emailer/projectPmMailer /server/express/auth/google.js":{"path":"/home/traning/Desktop/Personalized-Emailer/projectPmMailer /server/express/auth/google.js","statementMap":{"0":{"start":{"line":1,"column":17},"end":{"line":1,"column":36}},"1":{"start":{"line":2,"column":13},"end":{"line":2,"column":43}},"2":{"start":{"line":3,"column":23},"end":{"line":3,"column":65}},"3":{"start":{"line":4,"column":15},"end":{"line":4,"column":46}},"4":{"start":{"line":6,"column":0},"end":{"line":28,"column":4}},"5":{"start":{"line":13,"column":19},"end":{"line":16,"column":6}},"6":{"start":{"line":17,"column":7},"end":{"line":27,"column":7}},"7":{"start":{"line":18,"column":8},"end":{"line":26,"column":9}},"8":{"start":{"line":19,"column":12},"end":{"line":22,"column":15}},"9":{"start":{"line":20,"column":16},"end":{"line":20,"column":42}},"10":{"start":{"line":20,"column":25},"end":{"line":20,"column":42}},"11":{"start":{"line":21,"column":16},"end":{"line":21,"column":40}},"12":{"start":{"line":25,"column":12},"end":{"line":25,"column":29}},"13":{"start":{"line":29,"column":0},"end":{"line":29,"column":15}}},"fnMap":{"0":{"name":"(anonymous_0)","decl":{"start":{"line":11,"column":4},"end":{"line":11,"column":5}},"loc":{"start":{"line":11,"column":55},"end":{"line":28,"column":1}},"line":11},"1":{"name":"(anonymous_1)","decl":{"start":{"line":17,"column":50},"end":{"line":17,"column":51}},"loc":{"start":{"line":17,"column":70},"end":{"line":27,"column":5}},"line":17},"2":{"name":"(anonymous_2)","decl":{"start":{"line":19,"column":29},"end":{"line":19,"column":30}},"loc":{"start":{"line":19,"column":56},"end":{"line":22,"column":13}},"line":19}},"branchMap":{"0":{"loc":{"start":{"line":18,"column":8},"end":{"line":26,"column":9}},"type":"if","locations":[{"start":{"line":18,"column":8},"end":{"line":26,"column":9}},{"start":{"line":18,"column":8},"end":{"line":26,"column":9}}],"line":18},"1":{"loc":{"start":{"line":20,"column":16},"end":{"line":20,"column":42}},"type":"if","locations":[{"start":{"line":20,"column":16},"end":{"line":20,"column":42}},{"start":{"line":20,"column":16},"end":{"line":20,"column":42}}],"line":20}},"s":{"0":1,"1":1,"2":1,"3":1,"4":1,"5":0,"6":0,"7":0,"8":0,"9":0,"10":0,"11":0,"12":0,"13":1},"f":{"0":0,"1":0,"2":0},"b":{"0":[0,0],"1":[0,0]},"_coverageSchema":"332fd63041d2c1bcb487cc26dd0d5f7d97098a6c","hash":"8f9a9efd1e7b6a5ea71cfb67761ae035712e0b39","contentHash":"e42ee9d0f747603b041ea3e3aebbb71a_11.2.1"},"/home/traning/Desktop/Personalized-Emailer/projectPmMailer /server/express/models/userModel.js":{"path":"/home/traning/Desktop/Personalized-Emailer/projectPmMailer /server/express/models/userModel.js","statementMap":{"0":{"start":{"line":1,"column":17},"end":{"line":1,"column":36}},"1":{"start":{"line":2,"column":15},"end":{"line":2,"column":30}},"2":{"start":{"line":3,"column":15},"end":{"line":3,"column":39}},"3":{"start":{"line":4,"column":16},"end":{"line":4,"column":46}},"4":{"start":{"line":5,"column":17},"end":{"line":5,"column":46}},"5":{"start":{"line":8,"column":17},"end":{"line":22,"column":2}},"6":{"start":{"line":24,"column":0},"end":{"line":33,"column":3}},"7":{"start":{"line":25,"column":14},"end":{"line":28,"column":5}},"8":{"start":{"line":29,"column":4},"end":{"line":30,"column":35}},"9":{"start":{"line":30,"column":8},"end":{"line":30,"column":35}},"10":{"start":{"line":32,"column":4},"end":{"line":32,"column":11}},"11":{"start":{"line":35,"column":0},"end":{"line":44,"column":2}},"12":{"start":{"line":36,"column":15},"end":{"line":36,"column":19}},"13":{"start":{"line":37,"column":4},"end":{"line":42,"column":7}},"14":{"start":{"line":38,"column":8},"end":{"line":38,"column":55}},"15":{"start":{"line":38,"column":17},"end":{"line":38,"column":55}},"16":{"start":{"line":39,"column":8},"end":{"line":39,"column":29}},"17":{"start":{"line":40,"column":8},"end":{"line":40,"column":34}},"18":{"start":{"line":41,"column":8},"end":{"line":41,"column":15}},"19":{"start":{"line":46,"column":0},"end":{"line":49,"column":3}},"20":{"start":{"line":51,"column":0},"end":{"line":58,"column":2}},"21":{"start":{"line":52,"column":4},"end":{"line":57,"column":7}},"22":{"start":{"line":53,"column":8},"end":{"line":55,"column":9}},"23":{"start":{"line":54,"column":12},"end":{"line":54,"column":27}},"24":{"start":{"line":56,"column":8},"end":{"line":56,"column":26}},"25":{"start":{"line":61,"column":0},"end":{"line":61,"column":52}}},"fnMap":{"0":{"name":"(anonymous_0)","decl":{"start":{"line":24,"column":23},"end":{"line":24,"column":24}},"loc":{"start":{"line":24,"column":38},"end":{"line":33,"column":1}},"line":24},"1":{"name":"(anonymous_1)","decl":{"start":{"line":35,"column":23},"end":{"line":35,"column":24}},"loc":{"start":{"line":35,"column":38},"end":{"line":44,"column":1}},"line":35},"2":{"name":"(anonymous_2)","decl":{"start":{"line":37,"column":43},"end":{"line":37,"column":44}},"loc":{"start":{"line":37,"column":58},"end":{"line":42,"column":5}},"line":37},"3":{"name":"(anonymous_3)","decl":{"start":{"line":51,"column":37},"end":{"line":51,"column":38}},"loc":{"start":{"line":51,"column":57},"end":{"line":58,"column":1}},"line":51},"4":{"name":"(anonymous_4)","decl":{"start":{"line":52,"column":41},"end":{"line":52,"column":42}},"loc":{"start":{"line":52,"column":64},"end":{"line":57,"column":5}},"line":52}},"branchMap":{"0":{"loc":{"start":{"line":29,"column":4},"end":{"line":30,"column":35}},"type":"if","locations":[{"start":{"line":29,"column":4},"end":{"line":30,"column":35}},{"start":{"line":29,"column":4},"end":{"line":30,"column":35}}],"line":29},"1":{"loc":{"start":{"line":38,"column":8},"end":{"line":38,"column":55}},"type":"if","locations":[{"start":{"line":38,"column":8},"end":{"line":38,"column":55}},{"start":{"line":38,"column":8},"end":{"line":38,"column":55}}],"line":38},"2":{"loc":{"start":{"line":53,"column":8},"end":{"line":55,"column":9}},"type":"if","locations":[{"start":{"line":53,"column":8},"end":{"line":55,"column":9}},{"start":{"line":53,"column":8},"end":{"line":55,"column":9}}],"line":53}},"s":{"0":1,"1":1,"2":1,"3":1,"4":1,"5":1,"6":1,"7":0,"8":0,"9":0,"10":0,"11":1,"12":0,"13":0,"14":0,"15":0,"16":0,"17":0,"18":0,"19":1,"20":1,"21":0,"22":0,"23":0,"24":0,"25":1},"f":{"0":0,"1":0,"2":0,"3":0,"4":0},"b":{"0":[0,0],"1":[0,0],"2":[0,0]},"_coverageSchema":"332fd63041d2c1bcb487cc26dd0d5f7d97098a6c","hash":"b97554e85556ed8a68db68ce1574b85bc50ab32b","contentHash":"7c59a95ebfa4ec4c720246708634b856_11.2.1"},"/home/traning/Desktop/Personalized-Emailer/projectPmMailer /server/express/config/googleAuth.js":{"path":"/home/traning/Desktop/Personalized-Emailer/projectPmMailer /server/express/config/googleAuth.js","statementMap":{"0":{"start":{"line":1,"column":0},"end":{"line":7,"column":1}}},"fnMap":{},"branchMap":{},"s":{"0":1},"f":{},"b":{},"_coverageSchema":"332fd63041d2c1bcb487cc26dd0d5f7d97098a6c","hash":"82d1ebeaf2da384eb957947327b7f471ffe4fd84","contentHash":"9e13bb20e5cee2ce75dae0ff1e9807e1_11.2.1"},"/home/traning/Desktop/Personalized-Emailer/projectPmMailer /server/express/auth/facebook.js":{"path":"/home/traning/Desktop/Personalized-Emailer/projectPmMailer /server/express/auth/facebook.js","statementMap":{"0":{"start":{"line":1,"column":15},"end":{"line":1,"column":34}},"1":{"start":{"line":2,"column":23},"end":{"line":2,"column":60}},"2":{"start":{"line":3,"column":11},"end":{"line":3,"column":41}},"3":{"start":{"line":4,"column":15},"end":{"line":4,"column":48}},"4":{"start":{"line":6,"column":0},"end":{"line":32,"column":4}},"5":{"start":{"line":15,"column":24},"end":{"line":18,"column":6}},"6":{"start":{"line":21,"column":4},"end":{"line":31,"column":7}},"7":{"start":{"line":22,"column":8},"end":{"line":30,"column":9}},"8":{"start":{"line":23,"column":12},"end":{"line":26,"column":15}},"9":{"start":{"line":24,"column":16},"end":{"line":24,"column":42}},"10":{"start":{"line":24,"column":25},"end":{"line":24,"column":42}},"11":{"start":{"line":25,"column":16},"end":{"line":25,"column":42}},"12":{"start":{"line":29,"column":12},"end":{"line":29,"column":29}},"13":{"start":{"line":33,"column":0},"end":{"line":33,"column":15}}},"fnMap":{"0":{"name":"(anonymous_0)","decl":{"start":{"line":13,"column":3},"end":{"line":13,"column":4}},"loc":{"start":{"line":13,"column":54},"end":{"line":32,"column":1}},"line":13},"1":{"name":"(anonymous_1)","decl":{"start":{"line":21,"column":49},"end":{"line":21,"column":50}},"loc":{"start":{"line":21,"column":69},"end":{"line":31,"column":5}},"line":21},"2":{"name":"(anonymous_2)","decl":{"start":{"line":23,"column":31},"end":{"line":23,"column":32}},"loc":{"start":{"line":23,"column":60},"end":{"line":26,"column":13}},"line":23}},"branchMap":{"0":{"loc":{"start":{"line":22,"column":8},"end":{"line":30,"column":9}},"type":"if","locations":[{"start":{"line":22,"column":8},"end":{"line":30,"column":9}},{"start":{"line":22,"column":8},"end":{"line":30,"column":9}}],"line":22},"1":{"loc":{"start":{"line":24,"column":16},"end":{"line":24,"column":42}},"type":"if","locations":[{"start":{"line":24,"column":16},"end":{"line":24,"column":42}},{"start":{"line":24,"column":16},"end":{"line":24,"column":42}}],"line":24}},"s":{"0":1,"1":1,"2":1,"3":1,"4":1,"5":0,"6":0,"7":0,"8":0,"9":0,"10":0,"11":0,"12":0,"13":1},"f":{"0":0,"1":0,"2":0},"b":{"0":[0,0],"1":[0,0]},"_coverageSchema":"332fd63041d2c1bcb487cc26dd0d5f7d97098a6c","hash":"3bbd9a66d982ac69159beb5c46e1ae993760e6a5","contentHash":"c315a27b8f1b7e7b3162a8d512d9ce6e_11.2.1"},"/home/traning/Desktop/Personalized-Emailer/projectPmMailer /server/express/config/facebookAuth.js":{"path":"/home/traning/Desktop/Personalized-Emailer/projectPmMailer /server/express/config/facebookAuth.js","statementMap":{"0":{"start":{"line":1,"column":0},"end":{"line":8,"column":1}}},"fnMap":{},"branchMap":{},"s":{"0":1},"f":{},"b":{},"_coverageSchema":"332fd63041d2c1bcb487cc26dd0d5f7d97098a6c","hash":"655be1da83211f07c21e26b15e5a39b3cb410e8b","contentHash":"b82e5b6c73b215e69c094a0b44cca2b9_11.2.1"},"/home/traning/Desktop/Personalized-Emailer/projectPmMailer /server/express/routes/signup.js":{"path":"/home/traning/Desktop/Personalized-Emailer/projectPmMailer /server/express/routes/signup.js","statementMap":{"0":{"start":{"line":1,"column":13},"end":{"line":1,"column":43}},"1":{"start":{"line":2,"column":13},"end":{"line":2,"column":28}},"2":{"start":{"line":3,"column":12},"end":{"line":3,"column":35}},"3":{"start":{"line":4,"column":15},"end":{"line":4,"column":44}},"4":{"start":{"line":5,"column":18},"end":{"line":5,"column":48}},"5":{"start":{"line":6,"column":19},"end":{"line":6,"column":40}},"6":{"start":{"line":7,"column":15},"end":{"line":7,"column":48}},"7":{"start":{"line":8,"column":16},"end":{"line":8,"column":34}},"8":{"start":{"line":9,"column":15},"end":{"line":9,"column":31}},"9":{"start":{"line":14,"column":0},"end":{"line":67,"column":3}},"10":{"start":{"line":16,"column":15},"end":{"line":16,"column":25}},"11":{"start":{"line":17,"column":4},"end":{"line":17,"column":30}},"12":{"start":{"line":18,"column":4},"end":{"line":18,"column":38}},"13":{"start":{"line":19,"column":4},"end":{"line":19,"column":32}},"14":{"start":{"line":20,"column":4},"end":{"line":20,"column":34}},"15":{"start":{"line":21,"column":4},"end":{"line":21,"column":16}},"16":{"start":{"line":23,"column":4},"end":{"line":66,"column":5}},"17":{"start":{"line":24,"column":8},"end":{"line":24,"column":101}},"18":{"start":{"line":25,"column":8},"end":{"line":25,"column":52}},"19":{"start":{"line":29,"column":8},"end":{"line":65,"column":10}},"20":{"start":{"line":31,"column":12},"end":{"line":64,"column":13}},"21":{"start":{"line":33,"column":16},"end":{"line":36,"column":17}},"22":{"start":{"line":34,"column":20},"end":{"line":34,"column":102}},"23":{"start":{"line":35,"column":20},"end":{"line":35,"column":64}},"24":{"start":{"line":39,"column":34},"end":{"line":45,"column":18}},"25":{"start":{"line":47,"column":34},"end":{"line":54,"column":17}},"26":{"start":{"line":56,"column":16},"end":{"line":62,"column":19}},"27":{"start":{"line":57,"column":20},"end":{"line":61,"column":21}},"28":{"start":{"line":58,"column":24},"end":{"line":58,"column":56}},"29":{"start":{"line":60,"column":24},"end":{"line":60,"column":81}},"30":{"start":{"line":63,"column":16},"end":{"line":63,"column":88}},"31":{"start":{"line":69,"column":0},"end":{"line":69,"column":24}}},"fnMap":{"0":{"name":"(anonymous_0)","decl":{"start":{"line":14,"column":22},"end":{"line":14,"column":23}},"loc":{"start":{"line":14,"column":36},"end":{"line":67,"column":1}},"line":14},"1":{"name":"(anonymous_1)","decl":{"start":{"line":29,"column":18},"end":{"line":29,"column":19}},"loc":{"start":{"line":29,"column":27},"end":{"line":65,"column":9}},"line":29},"2":{"name":"(anonymous_2)","decl":{"start":{"line":56,"column":50},"end":{"line":56,"column":51}},"loc":{"start":{"line":56,"column":72},"end":{"line":62,"column":17}},"line":56}},"branchMap":{"0":{"loc":{"start":{"line":23,"column":4},"end":{"line":66,"column":5}},"type":"if","locations":[{"start":{"line":23,"column":4},"end":{"line":66,"column":5}},{"start":{"line":23,"column":4},"end":{"line":66,"column":5}}],"line":23},"1":{"loc":{"start":{"line":23,"column":8},"end":{"line":23,"column":111}},"type":"binary-expr","locations":[{"start":{"line":23,"column":8},"end":{"line":23,"column":29}},{"start":{"line":23,"column":33},"end":{"line":23,"column":58}},{"start":{"line":23,"column":62},"end":{"line":23,"column":84}},{"start":{"line":23,"column":88},"end":{"line":23,"column":111}}],"line":23},"2":{"loc":{"start":{"line":31,"column":12},"end":{"line":64,"column":13}},"type":"if","locations":[{"start":{"line":31,"column":12},"end":{"line":64,"column":13}},{"start":{"line":31,"column":12},"end":{"line":64,"column":13}}],"line":31},"3":{"loc":{"start":{"line":33,"column":16},"end":{"line":36,"column":17}},"type":"if","locations":[{"start":{"line":33,"column":16},"end":{"line":36,"column":17}},{"start":{"line":33,"column":16},"end":{"line":36,"column":17}}],"line":33},"4":{"loc":{"start":{"line":57,"column":20},"end":{"line":61,"column":21}},"type":"if","locations":[{"start":{"line":57,"column":20},"end":{"line":61,"column":21}},{"start":{"line":57,"column":20},"end":{"line":61,"column":21}}],"line":57}},"s":{"0":1,"1":1,"2":1,"3":1,"4":1,"5":1,"6":1,"7":1,"8":1,"9":1,"10":1,"11":1,"12":1,"13":1,"14":1,"15":1,"16":1,"17":0,"18":0,"19":1,"20":1,"21":0,"22":0,"23":0,"24":1,"25":1,"26":1,"27":1,"28":0,"29":1,"30":1,"31":1},"f":{"0":1,"1":1,"2":1},"b":{"0":[0,1],"1":[1,1,1,1],"2":[0,1],"3":[0,0],"4":[0,1]},"_coverageSchema":"332fd63041d2c1bcb487cc26dd0d5f7d97098a6c","hash":"89e83bbc594c57ae16d666ea4906ffc76535fd3d","contentHash":"c354ad0f9aea42a0a180e54712e0b9fc_11.2.1"},"/home/traning/Desktop/Personalized-Emailer/projectPmMailer /server/express/routes/login.js":{"path":"/home/traning/Desktop/Personalized-Emailer/projectPmMailer /server/express/routes/login.js","statementMap":{"0":{"start":{"line":1,"column":13},"end":{"line":1,"column":43}},"1":{"start":{"line":2,"column":13},"end":{"line":2,"column":28}},"2":{"start":{"line":3,"column":12},"end":{"line":3,"column":35}},"3":{"start":{"line":4,"column":15},"end":{"line":4,"column":44}},"4":{"start":{"line":5,"column":15},"end":{"line":5,"column":48}},"5":{"start":{"line":6,"column":16},"end":{"line":6,"column":34}},"6":{"start":{"line":7,"column":15},"end":{"line":7,"column":31}},"7":{"start":{"line":10,"column":0},"end":{"line":43,"column":3}},"8":{"start":{"line":11,"column":4},"end":{"line":42,"column":7}},"9":{"start":{"line":14,"column":8},"end":{"line":17,"column":9}},"10":{"start":{"line":15,"column":12},"end":{"line":15,"column":97}},"11":{"start":{"line":16,"column":12},"end":{"line":16,"column":33}},"12":{"start":{"line":18,"column":8},"end":{"line":41,"column":9}},"13":{"start":{"line":20,"column":12},"end":{"line":20,"column":106}},"14":{"start":{"line":21,"column":12},"end":{"line":21,"column":65}},"15":{"start":{"line":25,"column":12},"end":{"line":40,"column":15}},"16":{"start":{"line":26,"column":16},"end":{"line":39,"column":17}},"17":{"start":{"line":28,"column":32},"end":{"line":28,"column":65}},"18":{"start":{"line":31,"column":20},"end":{"line":31,"column":109}},"19":{"start":{"line":32,"column":20},"end":{"line":32,"column":64}},"20":{"start":{"line":37,"column":20},"end":{"line":37,"column":115}},"21":{"start":{"line":38,"column":20},"end":{"line":38,"column":74}},"22":{"start":{"line":45,"column":0},"end":{"line":55,"column":2}},"23":{"start":{"line":46,"column":4},"end":{"line":54,"column":6}},"24":{"start":{"line":47,"column":8},"end":{"line":53,"column":9}},"25":{"start":{"line":48,"column":12},"end":{"line":48,"column":69}},"26":{"start":{"line":49,"column":12},"end":{"line":49,"column":33}},"27":{"start":{"line":51,"column":12},"end":{"line":51,"column":26}},"28":{"start":{"line":52,"column":12},"end":{"line":52,"column":53}},"29":{"start":{"line":57,"column":0},"end":{"line":57,"column":24}}},"fnMap":{"0":{"name":"(anonymous_0)","decl":{"start":{"line":10,"column":39},"end":{"line":10,"column":40}},"loc":{"start":{"line":10,"column":58},"end":{"line":43,"column":1}},"line":10},"1":{"name":"(anonymous_1)","decl":{"start":{"line":13,"column":7},"end":{"line":13,"column":8}},"loc":{"start":{"line":13,"column":27},"end":{"line":42,"column":5}},"line":13},"2":{"name":"(anonymous_2)","decl":{"start":{"line":25,"column":54},"end":{"line":25,"column":55}},"loc":{"start":{"line":25,"column":77},"end":{"line":40,"column":13}},"line":25},"3":{"name":"(anonymous_3)","decl":{"start":{"line":45,"column":16},"end":{"line":45,"column":17}},"loc":{"start":{"line":45,"column":35},"end":{"line":55,"column":1}},"line":45},"4":{"name":"(anonymous_4)","decl":{"start":{"line":46,"column":14},"end":{"line":46,"column":15}},"loc":{"start":{"line":46,"column":29},"end":{"line":54,"column":5}},"line":46}},"branchMap":{"0":{"loc":{"start":{"line":14,"column":8},"end":{"line":17,"column":9}},"type":"if","locations":[{"start":{"line":14,"column":8},"end":{"line":17,"column":9}},{"start":{"line":14,"column":8},"end":{"line":17,"column":9}}],"line":14},"1":{"loc":{"start":{"line":18,"column":8},"end":{"line":41,"column":9}},"type":"if","locations":[{"start":{"line":18,"column":8},"end":{"line":41,"column":9}},{"start":{"line":18,"column":8},"end":{"line":41,"column":9}}],"line":18},"2":{"loc":{"start":{"line":26,"column":16},"end":{"line":39,"column":17}},"type":"if","locations":[{"start":{"line":26,"column":16},"end":{"line":39,"column":17}},{"start":{"line":26,"column":16},"end":{"line":39,"column":17}}],"line":26},"3":{"loc":{"start":{"line":26,"column":20},"end":{"line":26,"column":35}},"type":"binary-expr","locations":[{"start":{"line":26,"column":20},"end":{"line":26,"column":27}},{"start":{"line":26,"column":31},"end":{"line":26,"column":35}}],"line":26},"4":{"loc":{"start":{"line":47,"column":8},"end":{"line":53,"column":9}},"type":"if","locations":[{"start":{"line":47,"column":8},"end":{"line":53,"column":9}},{"start":{"line":47,"column":8},"end":{"line":53,"column":9}}],"line":47}},"s":{"0":1,"1":1,"2":1,"3":1,"4":1,"5":1,"6":1,"7":1,"8":1,"9":0,"10":0,"11":0,"12":0,"13":0,"14":0,"15":0,"16":0,"17":0,"18":0,"19":0,"20":0,"21":0,"22":1,"23":1,"24":1,"25":0,"26":0,"27":1,"28":1,"29":1},"f":{"0":1,"1":0,"2":0,"3":1,"4":1},"b":{"0":[0,0],"1":[0,0],"2":[0,0],"3":[0,0],"4":[0,1]},"_coverageSchema":"332fd63041d2c1bcb487cc26dd0d5f7d97098a6c","hash":"ac5d344269ec600f4bf0938069acabe36540ab0c","contentHash":"5f9e569df476dbd207b60b20b13fc084_11.2.1"},"/home/traning/Desktop/Personalized-Emailer/projectPmMailer /server/express/routes/resetPassword.js":{"path":"/home/traning/Desktop/Personalized-Emailer/projectPmMailer /server/express/routes/resetPassword.js","statementMap":{"0":{"start":{"line":1,"column":13},"end":{"line":1,"column":43}},"1":{"start":{"line":2,"column":18},"end":{"line":2,"column":48}},"2":{"start":{"line":3,"column":19},"end":{"line":3,"column":40}},"3":{"start":{"line":4,"column":16},"end":{"line":4,"column":34}},"4":{"start":{"line":5,"column":14},"end":{"line":5,"column":30}},"5":{"start":{"line":6,"column":15},"end":{"line":6,"column":31}},"6":{"start":{"line":7,"column":17},"end":{"line":7,"column":36}},"7":{"start":{"line":8,"column":22},"end":{"line":8,"column":56}},"8":{"start":{"line":9,"column":15},"end":{"line":9,"column":48}},"9":{"start":{"line":10,"column":15},"end":{"line":10,"column":32}},"10":{"start":{"line":13,"column":0},"end":{"line":25,"column":4}},"11":{"start":{"line":14,"column":4},"end":{"line":24,"column":7}},"12":{"start":{"line":15,"column":8},"end":{"line":15,"column":34}},"13":{"start":{"line":15,"column":17},"end":{"line":15,"column":34}},"14":{"start":{"line":16,"column":8},"end":{"line":16,"column":77}},"15":{"start":{"line":16,"column":19},"end":{"line":16,"column":77}},"16":{"start":{"line":17,"column":8},"end":{"line":23,"column":11}},"17":{"start":{"line":18,"column":12},"end":{"line":22,"column":13}},"18":{"start":{"line":19,"column":16},"end":{"line":19,"column":40}},"19":{"start":{"line":21,"column":16},"end":{"line":21,"column":77}},"20":{"start":{"line":27,"column":0},"end":{"line":29,"column":3}},"21":{"start":{"line":28,"column":4},"end":{"line":28,"column":24}},"22":{"start":{"line":31,"column":0},"end":{"line":35,"column":3}},"23":{"start":{"line":32,"column":4},"end":{"line":34,"column":7}},"24":{"start":{"line":33,"column":8},"end":{"line":33,"column":24}},"25":{"start":{"line":37,"column":0},"end":{"line":102,"column":3}},"26":{"start":{"line":38,"column":4},"end":{"line":101,"column":7}},"27":{"start":{"line":40,"column":12},"end":{"line":43,"column":15}},"28":{"start":{"line":41,"column":28},"end":{"line":41,"column":47}},"29":{"start":{"line":42,"column":16},"end":{"line":42,"column":33}},"30":{"start":{"line":47,"column":12},"end":{"line":47,"column":29}},"31":{"start":{"line":48,"column":12},"end":{"line":61,"column":15}},"32":{"start":{"line":49,"column":16},"end":{"line":54,"column":17}},"33":{"start":{"line":50,"column":20},"end":{"line":50,"column":44}},"34":{"start":{"line":51,"column":20},"end":{"line":51,"column":78}},"35":{"start":{"line":52,"column":20},"end":{"line":52,"column":122}},"36":{"start":{"line":55,"column":16},"end":{"line":55,"column":37}},"37":{"start":{"line":56,"column":16},"end":{"line":56,"column":48}},"38":{"start":{"line":57,"column":16},"end":{"line":57,"column":81}},"39":{"start":{"line":58,"column":16},"end":{"line":60,"column":19}},"40":{"start":{"line":59,"column":20},"end":{"line":59,"column":43}},"41":{"start":{"line":68,"column":29},"end":{"line":68,"column":50}},"42":{"start":{"line":70,"column":30},"end":{"line":76,"column":14}},"43":{"start":{"line":78,"column":30},"end":{"line":87,"column":13}},"44":{"start":{"line":89,"column":12},"end":{"line":95,"column":15}},"45":{"start":{"line":90,"column":16},"end":{"line":94,"column":17}},"46":{"start":{"line":91,"column":20},"end":{"line":91,"column":49}},"47":{"start":{"line":93,"column":20},"end":{"line":93,"column":72}},"48":{"start":{"line":98,"column":8},"end":{"line":98,"column":34}},"49":{"start":{"line":98,"column":17},"end":{"line":98,"column":34}},"50":{"start":{"line":99,"column":8},"end":{"line":99,"column":32}},"51":{"start":{"line":100,"column":8},"end":{"line":100,"column":41}},"52":{"start":{"line":104,"column":0},"end":{"line":116,"column":3}},"53":{"start":{"line":105,"column":19},"end":{"line":105,"column":35}},"54":{"start":{"line":107,"column":4},"end":{"line":115,"column":7}},"55":{"start":{"line":108,"column":8},"end":{"line":111,"column":9}},"56":{"start":{"line":109,"column":12},"end":{"line":109,"column":75}},"57":{"start":{"line":110,"column":12},"end":{"line":110,"column":108}},"58":{"start":{"line":112,"column":8},"end":{"line":112,"column":61}},"59":{"start":{"line":113,"column":8},"end":{"line":113,"column":55}},"60":{"start":{"line":118,"column":0},"end":{"line":144,"column":3}},"61":{"start":{"line":119,"column":4},"end":{"line":143,"column":7}},"62":{"start":{"line":121,"column":12},"end":{"line":135,"column":15}},"63":{"start":{"line":122,"column":16},"end":{"line":125,"column":17}},"64":{"start":{"line":123,"column":20},"end":{"line":123,"column":83}},"65":{"start":{"line":124,"column":20},"end":{"line":124,"column":116}},"66":{"start":{"line":126,"column":16},"end":{"line":126,"column":50}},"67":{"start":{"line":127,"column":16},"end":{"line":127,"column":52}},"68":{"start":{"line":128,"column":16},"end":{"line":128,"column":54}},"69":{"start":{"line":130,"column":16},"end":{"line":134,"column":19}},"70":{"start":{"line":131,"column":20},"end":{"line":133,"column":23}},"71":{"start":{"line":132,"column":24},"end":{"line":132,"column":40}},"72":{"start":{"line":139,"column":8},"end":{"line":139,"column":34}},"73":{"start":{"line":139,"column":17},"end":{"line":139,"column":34}},"74":{"start":{"line":140,"column":8},"end":{"line":140,"column":52}},"75":{"start":{"line":141,"column":8},"end":{"line":141,"column":36}},"76":{"start":{"line":146,"column":0},"end":{"line":146,"column":24}}},"fnMap":{"0":{"name":"(anonymous_0)","decl":{"start":{"line":13,"column":31},"end":{"line":13,"column":32}},"loc":{"start":{"line":13,"column":63},"end":{"line":25,"column":1}},"line":13},"1":{"name":"(anonymous_1)","decl":{"start":{"line":14,"column":35},"end":{"line":14,"column":36}},"loc":{"start":{"line":14,"column":55},"end":{"line":24,"column":5}},"line":14},"2":{"name":"(anonymous_2)","decl":{"start":{"line":17,"column":39},"end":{"line":17,"column":40}},"loc":{"start":{"line":17,"column":62},"end":{"line":23,"column":9}},"line":17},"3":{"name":"(anonymous_3)","decl":{"start":{"line":27,"column":23},"end":{"line":27,"column":24}},"loc":{"start":{"line":27,"column":44},"end":{"line":29,"column":1}},"line":27},"4":{"name":"(anonymous_4)","decl":{"start":{"line":31,"column":25},"end":{"line":31,"column":26}},"loc":{"start":{"line":31,"column":44},"end":{"line":35,"column":1}},"line":31},"5":{"name":"(anonymous_5)","decl":{"start":{"line":32,"column":22},"end":{"line":32,"column":23}},"loc":{"start":{"line":32,"column":42},"end":{"line":34,"column":5}},"line":32},"6":{"name":"(anonymous_6)","decl":{"start":{"line":37,"column":29},"end":{"line":37,"column":30}},"loc":{"start":{"line":37,"column":54},"end":{"line":102,"column":1}},"line":37},"7":{"name":"(anonymous_7)","decl":{"start":{"line":39,"column":8},"end":{"line":39,"column":9}},"loc":{"start":{"line":39,"column":23},"end":{"line":44,"column":9}},"line":39},"8":{"name":"(anonymous_8)","decl":{"start":{"line":40,"column":35},"end":{"line":40,"column":36}},"loc":{"start":{"line":40,"column":54},"end":{"line":43,"column":13}},"line":40},"9":{"name":"(anonymous_9)","decl":{"start":{"line":46,"column":8},"end":{"line":46,"column":9}},"loc":{"start":{"line":46,"column":30},"end":{"line":62,"column":9}},"line":46},"10":{"name":"(anonymous_10)","decl":{"start":{"line":48,"column":54},"end":{"line":48,"column":55}},"loc":{"start":{"line":48,"column":74},"end":{"line":61,"column":13}},"line":48},"11":{"name":"(anonymous_11)","decl":{"start":{"line":58,"column":26},"end":{"line":58,"column":27}},"loc":{"start":{"line":58,"column":40},"end":{"line":60,"column":17}},"line":58},"12":{"name":"(anonymous_12)","decl":{"start":{"line":64,"column":8},"end":{"line":64,"column":9}},"loc":{"start":{"line":64,"column":36},"end":{"line":96,"column":9}},"line":64},"13":{"name":"(anonymous_13)","decl":{"start":{"line":89,"column":46},"end":{"line":89,"column":47}},"loc":{"start":{"line":89,"column":68},"end":{"line":95,"column":13}},"line":89},"14":{"name":"(anonymous_14)","decl":{"start":{"line":97,"column":7},"end":{"line":97,"column":8}},"loc":{"start":{"line":97,"column":21},"end":{"line":101,"column":5}},"line":97},"15":{"name":"(anonymous_15)","decl":{"start":{"line":104,"column":28},"end":{"line":104,"column":29}},"loc":{"start":{"line":104,"column":47},"end":{"line":116,"column":1}},"line":104},"16":{"name":"(anonymous_16)","decl":{"start":{"line":107,"column":102},"end":{"line":107,"column":103}},"loc":{"start":{"line":107,"column":122},"end":{"line":115,"column":5}},"line":107},"17":{"name":"(anonymous_17)","decl":{"start":{"line":118,"column":29},"end":{"line":118,"column":30}},"loc":{"start":{"line":118,"column":48},"end":{"line":144,"column":1}},"line":118},"18":{"name":"(anonymous_18)","decl":{"start":{"line":120,"column":8},"end":{"line":120,"column":9}},"loc":{"start":{"line":120,"column":23},"end":{"line":136,"column":9}},"line":120},"19":{"name":"(anonymous_19)","decl":{"start":{"line":121,"column":110},"end":{"line":121,"column":111}},"loc":{"start":{"line":121,"column":130},"end":{"line":135,"column":13}},"line":121},"20":{"name":"(anonymous_20)","decl":{"start":{"line":130,"column":26},"end":{"line":130,"column":27}},"loc":{"start":{"line":130,"column":40},"end":{"line":134,"column":17}},"line":130},"21":{"name":"(anonymous_21)","decl":{"start":{"line":131,"column":36},"end":{"line":131,"column":37}},"loc":{"start":{"line":131,"column":50},"end":{"line":133,"column":21}},"line":131},"22":{"name":"(anonymous_22)","decl":{"start":{"line":138,"column":7},"end":{"line":138,"column":8}},"loc":{"start":{"line":138,"column":21},"end":{"line":143,"column":5}},"line":138}},"branchMap":{"0":{"loc":{"start":{"line":15,"column":8},"end":{"line":15,"column":34}},"type":"if","locations":[{"start":{"line":15,"column":8},"end":{"line":15,"column":34}},{"start":{"line":15,"column":8},"end":{"line":15,"column":34}}],"line":15},"1":{"loc":{"start":{"line":16,"column":8},"end":{"line":16,"column":77}},"type":"if","locations":[{"start":{"line":16,"column":8},"end":{"line":16,"column":77}},{"start":{"line":16,"column":8},"end":{"line":16,"column":77}}],"line":16},"2":{"loc":{"start":{"line":18,"column":12},"end":{"line":22,"column":13}},"type":"if","locations":[{"start":{"line":18,"column":12},"end":{"line":22,"column":13}},{"start":{"line":18,"column":12},"end":{"line":22,"column":13}}],"line":18},"3":{"loc":{"start":{"line":49,"column":16},"end":{"line":54,"column":17}},"type":"if","locations":[{"start":{"line":49,"column":16},"end":{"line":54,"column":17}},{"start":{"line":49,"column":16},"end":{"line":54,"column":17}}],"line":49},"4":{"loc":{"start":{"line":90,"column":16},"end":{"line":94,"column":17}},"type":"if","locations":[{"start":{"line":90,"column":16},"end":{"line":94,"column":17}},{"start":{"line":90,"column":16},"end":{"line":94,"column":17}}],"line":90},"5":{"loc":{"start":{"line":98,"column":8},"end":{"line":98,"column":34}},"type":"if","locations":[{"start":{"line":98,"column":8},"end":{"line":98,"column":34}},{"start":{"line":98,"column":8},"end":{"line":98,"column":34}}],"line":98},"6":{"loc":{"start":{"line":108,"column":8},"end":{"line":111,"column":9}},"type":"if","locations":[{"start":{"line":108,"column":8},"end":{"line":111,"column":9}},{"start":{"line":108,"column":8},"end":{"line":111,"column":9}}],"line":108},"7":{"loc":{"start":{"line":122,"column":16},"end":{"line":125,"column":17}},"type":"if","locations":[{"start":{"line":122,"column":16},"end":{"line":125,"column":17}},{"start":{"line":122,"column":16},"end":{"line":125,"column":17}}],"line":122},"8":{"loc":{"start":{"line":139,"column":8},"end":{"line":139,"column":34}},"type":"if","locations":[{"start":{"line":139,"column":8},"end":{"line":139,"column":34}},{"start":{"line":139,"column":8},"end":{"line":139,"column":34}}],"line":139}},"s":{"0":1,"1":1,"2":1,"3":1,"4":1,"5":1,"6":1,"7":1,"8":1,"9":1,"10":1,"11":0,"12":0,"13":0,"14":0,"15":0,"16":0,"17":0,"18":0,"19":0,"20":1,"21":0,"22":1,"23":0,"24":0,"25":1,"26":0,"27":0,"28":0,"29":0,"30":0,"31":0,"32":0,"33":0,"34":0,"35":0,"36":0,"37":0,"38":0,"39":0,"40":0,"41":0,"42":0,"43":0,"44":0,"45":0,"46":0,"47":0,"48":0,"49":0,"50":0,"51":0,"52":1,"53":0,"54":0,"55":0,"56":0,"57":0,"58":0,"59":0,"60":1,"61":0,"62":0,"63":0,"64":0,"65":0,"66":0,"67":0,"68":0,"69":0,"70":0,"71":0,"72":0,"73":0,"74":0,"75":0,"76":1},"f":{"0":0,"1":0,"2":0,"3":0,"4":0,"5":0,"6":0,"7":0,"8":0,"9":0,"10":0,"11":0,"12":0,"13":0,"14":0,"15":0,"16":0,"17":0,"18":0,"19":0,"20":0,"21":0,"22":0},"b":{"0":[0,0],"1":[0,0],"2":[0,0],"3":[0,0],"4":[0,0],"5":[0,0],"6":[0,0],"7":[0,0],"8":[0,0]},"_coverageSchema":"332fd63041d2c1bcb487cc26dd0d5f7d97098a6c","hash":"cf3d59227e7e0f05933a41f638ff816d88ea5a1c","contentHash":"0a91412a6df9c7bd2e7a0dc3221c4234_11.2.1"},"/home/traning/Desktop/Personalized-Emailer/projectPmMailer /server/express/routes/logout.js":{"path":"/home/traning/Desktop/Personalized-Emailer/projectPmMailer /server/express/routes/logout.js","statementMap":{"0":{"start":{"line":1,"column":16},"end":{"line":1,"column":34}},"1":{"start":{"line":2,"column":15},"end":{"line":2,"column":31}},"2":{"start":{"line":3,"column":15},"end":{"line":3,"column":48}},"3":{"start":{"line":6,"column":4},"end":{"line":9,"column":7}},"4":{"start":{"line":7,"column":8},"end":{"line":7,"column":48}},"5":{"start":{"line":8,"column":8},"end":{"line":8,"column":46}},"6":{"start":{"line":11,"column":4},"end":{"line":11,"column":28}}},"fnMap":{"0":{"name":"(anonymous_0)","decl":{"start":{"line":6,"column":26},"end":{"line":6,"column":27}},"loc":{"start":{"line":6,"column":45},"end":{"line":9,"column":5}},"line":6}},"branchMap":{},"s":{"0":1,"1":1,"2":1,"3":1,"4":1,"5":1,"6":1},"f":{"0":1},"b":{},"_coverageSchema":"332fd63041d2c1bcb487cc26dd0d5f7d97098a6c","hash":"d8072e6f1b931bd5119890b4672f570fdb674f9f","contentHash":"14edad214231a7dba48a2901dedfe67a_11.2.1"},"/home/traning/Desktop/Personalized-Emailer/projectPmMailer /server/express/routes/googleAuth.js":{"path":"/home/traning/Desktop/Personalized-Emailer/projectPmMailer /server/express/routes/googleAuth.js","statementMap":{"0":{"start":{"line":1,"column":22},"end":{"line":1,"column":55}},"1":{"start":{"line":2,"column":16},"end":{"line":2,"column":34}},"2":{"start":{"line":3,"column":15},"end":{"line":3,"column":31}},"3":{"start":{"line":4,"column":17},"end":{"line":4,"column":36}},"4":{"start":{"line":7,"column":0},"end":{"line":11,"column":2}},"5":{"start":{"line":13,"column":0},"end":{"line":18,"column":2}},"6":{"start":{"line":20,"column":0},"end":{"line":20,"column":24}}},"fnMap":{},"branchMap":{},"s":{"0":1,"1":1,"2":1,"3":1,"4":1,"5":1,"6":1},"f":{},"b":{},"_coverageSchema":"332fd63041d2c1bcb487cc26dd0d5f7d97098a6c","hash":"9b8f661d1ae1a097f9d3ae912dc7ed9d88e56f5c","contentHash":"22c6f9415e3b6e44d444e873a4ff99e1_11.2.1"},"/home/traning/Desktop/Personalized-Emailer/projectPmMailer /server/express/routes/facebookAuth.js":{"path":"/home/traning/Desktop/Personalized-Emailer/projectPmMailer /server/express/routes/facebookAuth.js","statementMap":{"0":{"start":{"line":1,"column":24},"end":{"line":1,"column":59}},"1":{"start":{"line":2,"column":16},"end":{"line":2,"column":34}},"2":{"start":{"line":3,"column":15},"end":{"line":3,"column":31}},"3":{"start":{"line":4,"column":17},"end":{"line":4,"column":36}},"4":{"start":{"line":8,"column":0},"end":{"line":10,"column":2}},"5":{"start":{"line":12,"column":0},"end":{"line":17,"column":2}},"6":{"start":{"line":18,"column":0},"end":{"line":21,"column":3}},"7":{"start":{"line":19,"column":4},"end":{"line":19,"column":22}},"8":{"start":{"line":20,"column":4},"end":{"line":20,"column":25}},"9":{"start":{"line":31,"column":0},"end":{"line":31,"column":24}}},"fnMap":{"0":{"name":"(anonymous_0)","decl":{"start":{"line":18,"column":23},"end":{"line":18,"column":24}},"loc":{"start":{"line":18,"column":44},"end":{"line":21,"column":1}},"line":18}},"branchMap":{},"s":{"0":1,"1":1,"2":1,"3":1,"4":1,"5":1,"6":1,"7":0,"8":0,"9":1},"f":{"0":0},"b":{},"_coverageSchema":"332fd63041d2c1bcb487cc26dd0d5f7d97098a6c","hash":"779a91cdea68e42a66de3625b651054a84eaa10a","contentHash":"cff6129574cfe004420c91dfac5069db_11.2.1"},"/home/traning/Desktop/Personalized-Emailer/projectPmMailer /server/express/routes/update.js":{"path":"/home/traning/Desktop/Personalized-Emailer/projectPmMailer /server/express/routes/update.js","statementMap":{"0":{"start":{"line":1,"column":16},"end":{"line":1,"column":34}},"1":{"start":{"line":2,"column":12},"end":{"line":2,"column":21}},"2":{"start":{"line":3,"column":15},"end":{"line":3,"column":31}},"3":{"start":{"line":4,"column":17},"end":{"line":4,"column":36}},"4":{"start":{"line":5,"column":19},"end":{"line":5,"column":41}},"5":{"start":{"line":7,"column":13},"end":{"line":7,"column":43}},"6":{"start":{"line":8,"column":15},"end":{"line":8,"column":44}},"7":{"start":{"line":9,"column":18},"end":{"line":9,"column":48}},"8":{"start":{"line":10,"column":15},"end":{"line":10,"column":48}},"9":{"start":{"line":14,"column":0},"end":{"line":26,"column":3}},"10":{"start":{"line":15,"column":4},"end":{"line":25,"column":7}},"11":{"start":{"line":20,"column":8},"end":{"line":24,"column":9}},"12":{"start":{"line":21,"column":12},"end":{"line":21,"column":25}},"13":{"start":{"line":23,"column":12},"end":{"line":23,"column":28}},"14":{"start":{"line":31,"column":0},"end":{"line":45,"column":3}},"15":{"start":{"line":32,"column":4},"end":{"line":44,"column":7}},"16":{"start":{"line":39,"column":8},"end":{"line":43,"column":9}},"17":{"start":{"line":40,"column":12},"end":{"line":40,"column":25}},"18":{"start":{"line":42,"column":12},"end":{"line":42,"column":28}},"19":{"start":{"line":50,"column":0},"end":{"line":62,"column":3}},"20":{"start":{"line":51,"column":4},"end":{"line":61,"column":6}},"21":{"start":{"line":55,"column":12},"end":{"line":59,"column":13}},"22":{"start":{"line":56,"column":16},"end":{"line":56,"column":29}},"23":{"start":{"line":58,"column":16},"end":{"line":58,"column":49}},"24":{"start":{"line":66,"column":0},"end":{"line":87,"column":2}},"25":{"start":{"line":67,"column":4},"end":{"line":86,"column":6}},"26":{"start":{"line":68,"column":8},"end":{"line":85,"column":9}},"27":{"start":{"line":69,"column":12},"end":{"line":69,"column":87}},"28":{"start":{"line":71,"column":12},"end":{"line":84,"column":14}},"29":{"start":{"line":72,"column":16},"end":{"line":83,"column":17}},"30":{"start":{"line":73,"column":20},"end":{"line":73,"column":57}},"31":{"start":{"line":74,"column":20},"end":{"line":80,"column":22}},"32":{"start":{"line":75,"column":24},"end":{"line":79,"column":25}},"33":{"start":{"line":76,"column":28},"end":{"line":76,"column":106}},"34":{"start":{"line":78,"column":28},"end":{"line":78,"column":109}},"35":{"start":{"line":82,"column":20},"end":{"line":82,"column":90}},"36":{"start":{"line":89,"column":0},"end":{"line":107,"column":3}},"37":{"start":{"line":90,"column":4},"end":{"line":90,"column":22}},"38":{"start":{"line":91,"column":4},"end":{"line":106,"column":7}},"39":{"start":{"line":98,"column":8},"end":{"line":104,"column":9}},"40":{"start":{"line":99,"column":12},"end":{"line":99,"column":41}},"41":{"start":{"line":102,"column":12},"end":{"line":102,"column":27}},"42":{"start":{"line":109,"column":0},"end":{"line":109,"column":24}}},"fnMap":{"0":{"name":"(anonymous_0)","decl":{"start":{"line":14,"column":33},"end":{"line":14,"column":34}},"loc":{"start":{"line":14,"column":47},"end":{"line":26,"column":1}},"line":14},"1":{"name":"(anonymous_1)","decl":{"start":{"line":19,"column":7},"end":{"line":19,"column":8}},"loc":{"start":{"line":19,"column":24},"end":{"line":25,"column":5}},"line":19},"2":{"name":"(anonymous_2)","decl":{"start":{"line":31,"column":33},"end":{"line":31,"column":34}},"loc":{"start":{"line":31,"column":47},"end":{"line":45,"column":1}},"line":31},"3":{"name":"(anonymous_3)","decl":{"start":{"line":38,"column":7},"end":{"line":38,"column":8}},"loc":{"start":{"line":38,"column":24},"end":{"line":44,"column":5}},"line":38},"4":{"name":"(anonymous_4)","decl":{"start":{"line":50,"column":36},"end":{"line":50,"column":37}},"loc":{"start":{"line":50,"column":50},"end":{"line":62,"column":1}},"line":50},"5":{"name":"(anonymous_5)","decl":{"start":{"line":54,"column":8},"end":{"line":54,"column":9}},"loc":{"start":{"line":54,"column":23},"end":{"line":60,"column":9}},"line":54},"6":{"name":"(anonymous_6)","decl":{"start":{"line":66,"column":38},"end":{"line":66,"column":39}},"loc":{"start":{"line":66,"column":52},"end":{"line":87,"column":1}},"line":66},"7":{"name":"(anonymous_7)","decl":{"start":{"line":67,"column":46},"end":{"line":67,"column":47}},"loc":{"start":{"line":67,"column":66},"end":{"line":86,"column":5}},"line":67},"8":{"name":"(anonymous_8)","decl":{"start":{"line":71,"column":52},"end":{"line":71,"column":53}},"loc":{"start":{"line":71,"column":75},"end":{"line":84,"column":13}},"line":71},"9":{"name":"(anonymous_9)","decl":{"start":{"line":74,"column":30},"end":{"line":74,"column":31}},"loc":{"start":{"line":74,"column":39},"end":{"line":80,"column":21}},"line":74},"10":{"name":"(anonymous_10)","decl":{"start":{"line":89,"column":27},"end":{"line":89,"column":28}},"loc":{"start":{"line":89,"column":41},"end":{"line":107,"column":1}},"line":89},"11":{"name":"(anonymous_11)","decl":{"start":{"line":96,"column":7},"end":{"line":96,"column":8}},"loc":{"start":{"line":96,"column":22},"end":{"line":106,"column":5}},"line":96}},"branchMap":{"0":{"loc":{"start":{"line":20,"column":8},"end":{"line":24,"column":9}},"type":"if","locations":[{"start":{"line":20,"column":8},"end":{"line":24,"column":9}},{"start":{"line":20,"column":8},"end":{"line":24,"column":9}}],"line":20},"1":{"loc":{"start":{"line":39,"column":8},"end":{"line":43,"column":9}},"type":"if","locations":[{"start":{"line":39,"column":8},"end":{"line":43,"column":9}},{"start":{"line":39,"column":8},"end":{"line":43,"column":9}}],"line":39},"2":{"loc":{"start":{"line":55,"column":12},"end":{"line":59,"column":13}},"type":"if","locations":[{"start":{"line":55,"column":12},"end":{"line":59,"column":13}},{"start":{"line":55,"column":12},"end":{"line":59,"column":13}}],"line":55},"3":{"loc":{"start":{"line":68,"column":8},"end":{"line":85,"column":9}},"type":"if","locations":[{"start":{"line":68,"column":8},"end":{"line":85,"column":9}},{"start":{"line":68,"column":8},"end":{"line":85,"column":9}}],"line":68},"4":{"loc":{"start":{"line":72,"column":16},"end":{"line":83,"column":17}},"type":"if","locations":[{"start":{"line":72,"column":16},"end":{"line":83,"column":17}},{"start":{"line":72,"column":16},"end":{"line":83,"column":17}}],"line":72},"5":{"loc":{"start":{"line":72,"column":20},"end":{"line":72,"column":35}},"type":"binary-expr","locations":[{"start":{"line":72,"column":20},"end":{"line":72,"column":27}},{"start":{"line":72,"column":31},"end":{"line":72,"column":35}}],"line":72},"6":{"loc":{"start":{"line":75,"column":24},"end":{"line":79,"column":25}},"type":"if","locations":[{"start":{"line":75,"column":24},"end":{"line":79,"column":25}},{"start":{"line":75,"column":24},"end":{"line":79,"column":25}}],"line":75},"7":{"loc":{"start":{"line":98,"column":8},"end":{"line":104,"column":9}},"type":"if","locations":[{"start":{"line":98,"column":8},"end":{"line":104,"column":9}},{"start":{"line":98,"column":8},"end":{"line":104,"column":9}}],"line":98}},"s":{"0":1,"1":1,"2":1,"3":1,"4":1,"5":1,"6":1,"7":1,"8":1,"9":1,"10":1,"11":1,"12":0,"13":1,"14":1,"15":3,"16":0,"17":0,"18":0,"19":1,"20":1,"21":0,"22":0,"23":0,"24":1,"25":1,"26":0,"27":0,"28":0,"29":0,"30":0,"31":0,"32":0,"33":0,"34":0,"35":0,"36":1,"37":0,"38":0,"39":0,"40":0,"41":0,"42":1},"f":{"0":1,"1":1,"2":3,"3":0,"4":1,"5":0,"6":1,"7":0,"8":0,"9":0,"10":0,"11":0},"b":{"0":[0,1],"1":[0,0],"2":[0,0],"3":[0,0],"4":[0,0],"5":[0,0],"6":[0,0],"7":[0,0]},"_coverageSchema":"332fd63041d2c1bcb487cc26dd0d5f7d97098a6c","hash":"95a6a7f46ba4cadba05a1a6d2e519e577669c6fe","contentHash":"9de521eacec6b1514901425e7f80c179_11.2.1"},"/home/traning/Desktop/Personalized-Emailer/projectPmMailer /server/express/routes/getData.js":{"path":"/home/traning/Desktop/Personalized-Emailer/projectPmMailer /server/express/routes/getData.js","statementMap":{"0":{"start":{"line":1,"column":13},"end":{"line":1,"column":43}},"1":{"start":{"line":2,"column":18},"end":{"line":2,"column":48}},"2":{"start":{"line":3,"column":19},"end":{"line":3,"column":40}},"3":{"start":{"line":4,"column":16},"end":{"line":4,"column":34}},"4":{"start":{"line":5,"column":14},"end":{"line":5,"column":30}},"5":{"start":{"line":6,"column":15},"end":{"line":6,"column":31}},"6":{"start":{"line":7,"column":17},"end":{"line":7,"column":36}},"7":{"start":{"line":8,"column":22},"end":{"line":8,"column":56}},"8":{"start":{"line":9,"column":15},"end":{"line":9,"column":48}},"9":{"start":{"line":10,"column":15},"end":{"line":10,"column":32}},"10":{"start":{"line":13,"column":0},"end":{"line":22,"column":10}},"11":{"start":{"line":15,"column":10},"end":{"line":21,"column":12}},"12":{"start":{"line":16,"column":12},"end":{"line":20,"column":13}},"13":{"start":{"line":17,"column":14},"end":{"line":17,"column":64}},"14":{"start":{"line":19,"column":14},"end":{"line":19,"column":29}},"15":{"start":{"line":24,"column":0},"end":{"line":24,"column":24}}},"fnMap":{"0":{"name":"(anonymous_0)","decl":{"start":{"line":13,"column":30},"end":{"line":13,"column":31}},"loc":{"start":{"line":13,"column":48},"end":{"line":22,"column":9}},"line":13},"1":{"name":"(anonymous_1)","decl":{"start":{"line":15,"column":48},"end":{"line":15,"column":49}},"loc":{"start":{"line":15,"column":60},"end":{"line":21,"column":11}},"line":15}},"branchMap":{"0":{"loc":{"start":{"line":16,"column":12},"end":{"line":20,"column":13}},"type":"if","locations":[{"start":{"line":16,"column":12},"end":{"line":20,"column":13}},{"start":{"line":16,"column":12},"end":{"line":20,"column":13}}],"line":16}},"s":{"0":1,"1":1,"2":1,"3":1,"4":1,"5":1,"6":1,"7":1,"8":1,"9":1,"10":1,"11":1,"12":0,"13":0,"14":0,"15":1},"f":{"0":1,"1":0},"b":{"0":[0,0]},"_coverageSchema":"332fd63041d2c1bcb487cc26dd0d5f7d97098a6c","hash":"944f2b40fc31f2d5e51951ec8767d6c1a4411497","contentHash":"0f131928b9c635881c2a476deaf5bbd3_11.2.1"},"/home/traning/Desktop/Personalized-Emailer/projectPmMailer /server/express/routes/preference.js":{"path":"/home/traning/Desktop/Personalized-Emailer/projectPmMailer /server/express/routes/preference.js","statementMap":{"0":{"start":{"line":1,"column":14},"end":{"line":1,"column":32}},"1":{"start":{"line":2,"column":11},"end":{"line":2,"column":41}},"2":{"start":{"line":3,"column":13},"end":{"line":3,"column":29}},"3":{"start":{"line":5,"column":0},"end":{"line":27,"column":3}},"4":{"start":{"line":7,"column":14},"end":{"line":10,"column":5}},"5":{"start":{"line":11,"column":4},"end":{"line":26,"column":7}},"6":{"start":{"line":18,"column":8},"end":{"line":24,"column":9}},"7":{"start":{"line":19,"column":12},"end":{"line":19,"column":41}},"8":{"start":{"line":22,"column":12},"end":{"line":22,"column":27}},"9":{"start":{"line":23,"column":12},"end":{"line":23,"column":46}},"10":{"start":{"line":29,"column":0},"end":{"line":29,"column":24}}},"fnMap":{"0":{"name":"(anonymous_0)","decl":{"start":{"line":5,"column":33},"end":{"line":5,"column":34}},"loc":{"start":{"line":5,"column":47},"end":{"line":27,"column":1}},"line":5},"1":{"name":"(anonymous_1)","decl":{"start":{"line":16,"column":7},"end":{"line":16,"column":8}},"loc":{"start":{"line":16,"column":22},"end":{"line":26,"column":5}},"line":16}},"branchMap":{"0":{"loc":{"start":{"line":18,"column":8},"end":{"line":24,"column":9}},"type":"if","locations":[{"start":{"line":18,"column":8},"end":{"line":24,"column":9}},{"start":{"line":18,"column":8},"end":{"line":24,"column":9}}],"line":18}},"s":{"0":1,"1":1,"2":1,"3":1,"4":0,"5":0,"6":0,"7":0,"8":0,"9":0,"10":1},"f":{"0":0,"1":0},"b":{"0":[0,0]},"_coverageSchema":"332fd63041d2c1bcb487cc26dd0d5f7d97098a6c","hash":"8295309ef5a02883b47a4466956a144e5ed7952d","contentHash":"1dcfb5cc1507889dcddbab287449e0ae_11.2.1"},"/home/traning/Desktop/Personalized-Emailer/projectPmMailer /server/express/routes/scrap.js":{"path":"/home/traning/Desktop/Personalized-Emailer/projectPmMailer /server/express/routes/scrap.js","statementMap":{"0":{"start":{"line":1,"column":14},"end":{"line":1,"column":32}},"1":{"start":{"line":2,"column":13},"end":{"line":2,"column":29}},"2":{"start":{"line":3,"column":15},"end":{"line":3,"column":34}},"3":{"start":{"line":4,"column":13},"end":{"line":4,"column":42}},"4":{"start":{"line":5,"column":14},"end":{"line":5,"column":72}},"5":{"start":{"line":6,"column":20},"end":{"line":6,"column":54}},"6":{"start":{"line":7,"column":17},"end":{"line":7,"column":43}},"7":{"start":{"line":8,"column":13},"end":{"line":8,"column":40}},"8":{"start":{"line":9,"column":14},"end":{"line":9,"column":32}},"9":{"start":{"line":10,"column":14},"end":{"line":10,"column":37}},"10":{"start":{"line":11,"column":14},"end":{"line":11,"column":32}},"11":{"start":{"line":12,"column":17},"end":{"line":12,"column":38}},"12":{"start":{"line":13,"column":16},"end":{"line":13,"column":47}},"13":{"start":{"line":14,"column":11},"end":{"line":14,"column":41}},"14":{"start":{"line":15,"column":16},"end":{"line":15,"column":46}},"15":{"start":{"line":20,"column":0},"end":{"line":30,"column":2}},"16":{"start":{"line":21,"column":4},"end":{"line":28,"column":6}},"17":{"start":{"line":22,"column":8},"end":{"line":27,"column":9}},"18":{"start":{"line":23,"column":12},"end":{"line":23,"column":32}},"19":{"start":{"line":26,"column":12},"end":{"line":26,"column":26}},"20":{"start":{"line":32,"column":0},"end":{"line":44,"column":2}},"21":{"start":{"line":33,"column":4},"end":{"line":33,"column":22}},"22":{"start":{"line":34,"column":4},"end":{"line":42,"column":6}},"23":{"start":{"line":35,"column":8},"end":{"line":41,"column":9}},"24":{"start":{"line":36,"column":12},"end":{"line":36,"column":32}},"25":{"start":{"line":39,"column":12},"end":{"line":39,"column":26}},"26":{"start":{"line":47,"column":0},"end":{"line":59,"column":2}},"27":{"start":{"line":48,"column":4},"end":{"line":48,"column":22}},"28":{"start":{"line":49,"column":4},"end":{"line":57,"column":6}},"29":{"start":{"line":50,"column":8},"end":{"line":56,"column":9}},"30":{"start":{"line":51,"column":12},"end":{"line":51,"column":32}},"31":{"start":{"line":54,"column":12},"end":{"line":54,"column":26}},"32":{"start":{"line":61,"column":0},"end":{"line":73,"column":2}},"33":{"start":{"line":62,"column":4},"end":{"line":62,"column":22}},"34":{"start":{"line":63,"column":4},"end":{"line":71,"column":6}},"35":{"start":{"line":64,"column":8},"end":{"line":70,"column":9}},"36":{"start":{"line":65,"column":12},"end":{"line":65,"column":32}},"37":{"start":{"line":68,"column":12},"end":{"line":68,"column":26}},"38":{"start":{"line":78,"column":0},"end":{"line":108,"column":3}},"39":{"start":{"line":79,"column":15},"end":{"line":79,"column":28}},"40":{"start":{"line":80,"column":4},"end":{"line":80,"column":52}},"41":{"start":{"line":81,"column":4},"end":{"line":107,"column":6}},"42":{"start":{"line":82,"column":8},"end":{"line":106,"column":9}},"43":{"start":{"line":83,"column":20},"end":{"line":83,"column":38}},"44":{"start":{"line":84,"column":24},"end":{"line":84,"column":26}},"45":{"start":{"line":85,"column":12},"end":{"line":102,"column":15}},"46":{"start":{"line":86,"column":28},"end":{"line":86,"column":70}},"47":{"start":{"line":87,"column":28},"end":{"line":87,"column":72}},"48":{"start":{"line":88,"column":29},"end":{"line":88,"column":73}},"49":{"start":{"line":89,"column":28},"end":{"line":89,"column":74}},"50":{"start":{"line":90,"column":29},"end":{"line":90,"column":76}},"51":{"start":{"line":91,"column":30},"end":{"line":91,"column":71}},"52":{"start":{"line":92,"column":32},"end":{"line":100,"column":17}},"53":{"start":{"line":101,"column":16},"end":{"line":101,"column":38}},"54":{"start":{"line":105,"column":12},"end":{"line":105,"column":38}},"55":{"start":{"line":112,"column":4},"end":{"line":116,"column":5}},"56":{"start":{"line":113,"column":8},"end":{"line":113,"column":28}},"57":{"start":{"line":114,"column":8},"end":{"line":114,"column":28}},"58":{"start":{"line":119,"column":8},"end":{"line":144,"column":10}},"59":{"start":{"line":120,"column":12},"end":{"line":143,"column":13}},"60":{"start":{"line":121,"column":24},"end":{"line":121,"column":42}},"61":{"start":{"line":124,"column":16},"end":{"line":142,"column":18}},"62":{"start":{"line":125,"column":31},"end":{"line":125,"column":59}},"63":{"start":{"line":126,"column":36},"end":{"line":126,"column":38}},"64":{"start":{"line":127,"column":20},"end":{"line":127,"column":42}},"65":{"start":{"line":128,"column":20},"end":{"line":128,"column":42}},"66":{"start":{"line":129,"column":20},"end":{"line":129,"column":38}},"67":{"start":{"line":130,"column":20},"end":{"line":130,"column":50}},"68":{"start":{"line":131,"column":20},"end":{"line":131,"column":54}},"69":{"start":{"line":132,"column":20},"end":{"line":132,"column":56}},"70":{"start":{"line":133,"column":20},"end":{"line":133,"column":58}},"71":{"start":{"line":134,"column":20},"end":{"line":141,"column":23}},"72":{"start":{"line":135,"column":24},"end":{"line":140,"column":25}},"73":{"start":{"line":137,"column":28},"end":{"line":137,"column":48}},"74":{"start":{"line":138,"column":31},"end":{"line":140,"column":25}},"75":{"start":{"line":151,"column":19},"end":{"line":151,"column":21}},"76":{"start":{"line":152,"column":4},"end":{"line":183,"column":6}},"77":{"start":{"line":153,"column":8},"end":{"line":182,"column":9}},"78":{"start":{"line":154,"column":20},"end":{"line":154,"column":38}},"79":{"start":{"line":155,"column":24},"end":{"line":155,"column":26}},"80":{"start":{"line":156,"column":12},"end":{"line":180,"column":15}},"81":{"start":{"line":157,"column":32},"end":{"line":157,"column":77}},"82":{"start":{"line":158,"column":36},"end":{"line":158,"column":75}},"83":{"start":{"line":159,"column":32},"end":{"line":159,"column":80}},"84":{"start":{"line":161,"column":16},"end":{"line":161,"column":42}},"85":{"start":{"line":162,"column":16},"end":{"line":162,"column":50}},"86":{"start":{"line":163,"column":16},"end":{"line":163,"column":42}},"87":{"start":{"line":164,"column":16},"end":{"line":164,"column":34}},"88":{"start":{"line":165,"column":16},"end":{"line":165,"column":34}},"89":{"start":{"line":166,"column":16},"end":{"line":166,"column":45}},"90":{"start":{"line":167,"column":16},"end":{"line":167,"column":49}},"91":{"start":{"line":168,"column":16},"end":{"line":168,"column":51}},"92":{"start":{"line":170,"column":33},"end":{"line":170,"column":56}},"93":{"start":{"line":171,"column":16},"end":{"line":179,"column":18}},"94":{"start":{"line":172,"column":20},"end":{"line":177,"column":21}},"95":{"start":{"line":173,"column":24},"end":{"line":173,"column":44}},"96":{"start":{"line":175,"column":27},"end":{"line":177,"column":21}},"97":{"start":{"line":188,"column":23},"end":{"line":188,"column":25}},"98":{"start":{"line":189,"column":4},"end":{"line":220,"column":6}},"99":{"start":{"line":190,"column":8},"end":{"line":219,"column":9}},"100":{"start":{"line":191,"column":20},"end":{"line":191,"column":38}},"101":{"start":{"line":192,"column":27},"end":{"line":192,"column":29}},"102":{"start":{"line":193,"column":12},"end":{"line":218,"column":15}},"103":{"start":{"line":194,"column":35},"end":{"line":194,"column":80}},"104":{"start":{"line":195,"column":39},"end":{"line":195,"column":78}},"105":{"start":{"line":196,"column":35},"end":{"line":196,"column":83}},"106":{"start":{"line":199,"column":16},"end":{"line":199,"column":49}},"107":{"start":{"line":200,"column":16},"end":{"line":200,"column":57}},"108":{"start":{"line":201,"column":16},"end":{"line":201,"column":49}},"109":{"start":{"line":202,"column":16},"end":{"line":202,"column":34}},"110":{"start":{"line":203,"column":16},"end":{"line":203,"column":49}},"111":{"start":{"line":204,"column":16},"end":{"line":204,"column":53}},"112":{"start":{"line":205,"column":16},"end":{"line":205,"column":55}},"113":{"start":{"line":207,"column":37},"end":{"line":207,"column":68}},"114":{"start":{"line":208,"column":16},"end":{"line":216,"column":18}},"115":{"start":{"line":209,"column":20},"end":{"line":214,"column":21}},"116":{"start":{"line":210,"column":24},"end":{"line":210,"column":44}},"117":{"start":{"line":212,"column":27},"end":{"line":214,"column":21}},"118":{"start":{"line":213,"column":24},"end":{"line":213,"column":52}},"119":{"start":{"line":224,"column":19},"end":{"line":302,"column":2}},"120":{"start":{"line":230,"column":8},"end":{"line":297,"column":10}},"121":{"start":{"line":231,"column":12},"end":{"line":296,"column":13}},"122":{"start":{"line":232,"column":16},"end":{"line":232,"column":89}},"123":{"start":{"line":234,"column":16},"end":{"line":294,"column":17}},"124":{"start":{"line":235,"column":20},"end":{"line":288,"column":21}},"125":{"start":{"line":236,"column":24},"end":{"line":285,"column":25}},"126":{"start":{"line":238,"column":39},"end":{"line":238,"column":73}},"127":{"start":{"line":239,"column":28},"end":{"line":250,"column":30}},"128":{"start":{"line":240,"column":32},"end":{"line":249,"column":33}},"129":{"start":{"line":241,"column":36},"end":{"line":241,"column":70}},"130":{"start":{"line":243,"column":48},"end":{"line":243,"column":78}},"131":{"start":{"line":243,"column":69},"end":{"line":243,"column":77}},"132":{"start":{"line":248,"column":36},"end":{"line":248,"column":67}},"133":{"start":{"line":253,"column":31},"end":{"line":285,"column":25}},"134":{"start":{"line":255,"column":39},"end":{"line":255,"column":72}},"135":{"start":{"line":256,"column":28},"end":{"line":266,"column":30}},"136":{"start":{"line":257,"column":32},"end":{"line":265,"column":33}},"137":{"start":{"line":258,"column":36},"end":{"line":258,"column":56}},"138":{"start":{"line":260,"column":47},"end":{"line":260,"column":76}},"139":{"start":{"line":260,"column":67},"end":{"line":260,"column":75}},"140":{"start":{"line":264,"column":36},"end":{"line":264,"column":66}},"141":{"start":{"line":269,"column":31},"end":{"line":285,"column":25}},"142":{"start":{"line":271,"column":39},"end":{"line":271,"column":76}},"143":{"start":{"line":272,"column":28},"end":{"line":282,"column":30}},"144":{"start":{"line":273,"column":32},"end":{"line":281,"column":33}},"145":{"start":{"line":274,"column":36},"end":{"line":274,"column":56}},"146":{"start":{"line":276,"column":51},"end":{"line":276,"column":84}},"147":{"start":{"line":276,"column":75},"end":{"line":276,"column":83}},"148":{"start":{"line":280,"column":36},"end":{"line":280,"column":70}},"149":{"start":{"line":303,"column":0},"end":{"line":303,"column":21}},"150":{"start":{"line":306,"column":20},"end":{"line":382,"column":2}},"151":{"start":{"line":310,"column":8},"end":{"line":377,"column":10}},"152":{"start":{"line":311,"column":12},"end":{"line":376,"column":13}},"153":{"start":{"line":312,"column":16},"end":{"line":312,"column":89}},"154":{"start":{"line":314,"column":16},"end":{"line":374,"column":17}},"155":{"start":{"line":315,"column":20},"end":{"line":368,"column":21}},"156":{"start":{"line":316,"column":24},"end":{"line":365,"column":25}},"157":{"start":{"line":318,"column":39},"end":{"line":318,"column":73}},"158":{"start":{"line":319,"column":28},"end":{"line":330,"column":30}},"159":{"start":{"line":320,"column":32},"end":{"line":329,"column":33}},"160":{"start":{"line":321,"column":36},"end":{"line":321,"column":70}},"161":{"start":{"line":323,"column":48},"end":{"line":323,"column":78}},"162":{"start":{"line":323,"column":69},"end":{"line":323,"column":77}},"163":{"start":{"line":328,"column":36},"end":{"line":328,"column":67}},"164":{"start":{"line":333,"column":31},"end":{"line":365,"column":25}},"165":{"start":{"line":335,"column":39},"end":{"line":335,"column":72}},"166":{"start":{"line":336,"column":28},"end":{"line":346,"column":30}},"167":{"start":{"line":337,"column":32},"end":{"line":345,"column":33}},"168":{"start":{"line":338,"column":36},"end":{"line":338,"column":56}},"169":{"start":{"line":340,"column":47},"end":{"line":340,"column":76}},"170":{"start":{"line":340,"column":67},"end":{"line":340,"column":75}},"171":{"start":{"line":344,"column":36},"end":{"line":344,"column":66}},"172":{"start":{"line":349,"column":31},"end":{"line":365,"column":25}},"173":{"start":{"line":351,"column":39},"end":{"line":351,"column":76}},"174":{"start":{"line":352,"column":28},"end":{"line":362,"column":30}},"175":{"start":{"line":353,"column":32},"end":{"line":361,"column":33}},"176":{"start":{"line":354,"column":36},"end":{"line":354,"column":56}},"177":{"start":{"line":356,"column":51},"end":{"line":356,"column":84}},"178":{"start":{"line":356,"column":75},"end":{"line":356,"column":83}},"179":{"start":{"line":360,"column":36},"end":{"line":360,"column":70}},"180":{"start":{"line":383,"column":0},"end":{"line":383,"column":22}},"181":{"start":{"line":386,"column":21},"end":{"line":461,"column":2}},"182":{"start":{"line":390,"column":8},"end":{"line":456,"column":10}},"183":{"start":{"line":391,"column":12},"end":{"line":455,"column":13}},"184":{"start":{"line":392,"column":16},"end":{"line":392,"column":89}},"185":{"start":{"line":394,"column":16},"end":{"line":454,"column":17}},"186":{"start":{"line":395,"column":20},"end":{"line":448,"column":21}},"187":{"start":{"line":396,"column":24},"end":{"line":445,"column":25}},"188":{"start":{"line":398,"column":39},"end":{"line":398,"column":73}},"189":{"start":{"line":399,"column":28},"end":{"line":410,"column":30}},"190":{"start":{"line":400,"column":32},"end":{"line":409,"column":33}},"191":{"start":{"line":401,"column":36},"end":{"line":401,"column":70}},"192":{"start":{"line":403,"column":48},"end":{"line":403,"column":78}},"193":{"start":{"line":403,"column":69},"end":{"line":403,"column":77}},"194":{"start":{"line":408,"column":36},"end":{"line":408,"column":67}},"195":{"start":{"line":413,"column":31},"end":{"line":445,"column":25}},"196":{"start":{"line":415,"column":39},"end":{"line":415,"column":72}},"197":{"start":{"line":416,"column":28},"end":{"line":426,"column":30}},"198":{"start":{"line":417,"column":32},"end":{"line":425,"column":33}},"199":{"start":{"line":418,"column":36},"end":{"line":418,"column":56}},"200":{"start":{"line":420,"column":47},"end":{"line":420,"column":76}},"201":{"start":{"line":420,"column":67},"end":{"line":420,"column":75}},"202":{"start":{"line":424,"column":36},"end":{"line":424,"column":66}},"203":{"start":{"line":429,"column":31},"end":{"line":445,"column":25}},"204":{"start":{"line":431,"column":39},"end":{"line":431,"column":76}},"205":{"start":{"line":432,"column":28},"end":{"line":442,"column":30}},"206":{"start":{"line":433,"column":32},"end":{"line":441,"column":33}},"207":{"start":{"line":434,"column":36},"end":{"line":434,"column":56}},"208":{"start":{"line":436,"column":51},"end":{"line":436,"column":84}},"209":{"start":{"line":436,"column":75},"end":{"line":436,"column":83}},"210":{"start":{"line":440,"column":36},"end":{"line":440,"column":70}},"211":{"start":{"line":462,"column":0},"end":{"line":462,"column":23}},"212":{"start":{"line":466,"column":22},"end":{"line":472,"column":6}},"213":{"start":{"line":474,"column":22},"end":{"line":482,"column":5}},"214":{"start":{"line":484,"column":4},"end":{"line":492,"column":7}},"215":{"start":{"line":485,"column":8},"end":{"line":491,"column":9}},"216":{"start":{"line":487,"column":12},"end":{"line":487,"column":54}},"217":{"start":{"line":490,"column":12},"end":{"line":490,"column":53}},"218":{"start":{"line":496,"column":10},"end":{"line":516,"column":2}},"219":{"start":{"line":500,"column":8},"end":{"line":510,"column":10}},"220":{"start":{"line":501,"column":12},"end":{"line":509,"column":13}},"221":{"start":{"line":502,"column":16},"end":{"line":502,"column":36}},"222":{"start":{"line":504,"column":16},"end":{"line":504,"column":45}},"223":{"start":{"line":505,"column":16},"end":{"line":505,"column":32}},"224":{"start":{"line":506,"column":16},"end":{"line":506,"column":28}},"225":{"start":{"line":507,"column":16},"end":{"line":507,"column":31}},"226":{"start":{"line":517,"column":0},"end":{"line":517,"column":12}},"227":{"start":{"line":520,"column":0},"end":{"line":520,"column":24}}},"fnMap":{"0":{"name":"(anonymous_0)","decl":{"start":{"line":20,"column":23},"end":{"line":20,"column":24}},"loc":{"start":{"line":20,"column":48},"end":{"line":30,"column":1}},"line":20},"1":{"name":"(anonymous_1)","decl":{"start":{"line":21,"column":16},"end":{"line":21,"column":17}},"loc":{"start":{"line":21,"column":31},"end":{"line":28,"column":5}},"line":21},"2":{"name":"(anonymous_2)","decl":{"start":{"line":32,"column":20},"end":{"line":32,"column":21}},"loc":{"start":{"line":32,"column":45},"end":{"line":44,"column":1}},"line":32},"3":{"name":"(anonymous_3)","decl":{"start":{"line":34,"column":93},"end":{"line":34,"column":94}},"loc":{"start":{"line":34,"column":108},"end":{"line":42,"column":5}},"line":34},"4":{"name":"(anonymous_4)","decl":{"start":{"line":47,"column":24},"end":{"line":47,"column":25}},"loc":{"start":{"line":47,"column":49},"end":{"line":59,"column":1}},"line":47},"5":{"name":"(anonymous_5)","decl":{"start":{"line":49,"column":115},"end":{"line":49,"column":116}},"loc":{"start":{"line":49,"column":130},"end":{"line":57,"column":5}},"line":49},"6":{"name":"(anonymous_6)","decl":{"start":{"line":61,"column":24},"end":{"line":61,"column":25}},"loc":{"start":{"line":61,"column":49},"end":{"line":73,"column":1}},"line":61},"7":{"name":"(anonymous_7)","decl":{"start":{"line":63,"column":97},"end":{"line":63,"column":98}},"loc":{"start":{"line":63,"column":112},"end":{"line":71,"column":5}},"line":63},"8":{"name":"(anonymous_8)","decl":{"start":{"line":78,"column":22},"end":{"line":78,"column":23}},"loc":{"start":{"line":78,"column":47},"end":{"line":108,"column":1}},"line":78},"9":{"name":"(anonymous_9)","decl":{"start":{"line":81,"column":45},"end":{"line":81,"column":46}},"loc":{"start":{"line":81,"column":77},"end":{"line":107,"column":5}},"line":81},"10":{"name":"(anonymous_10)","decl":{"start":{"line":85,"column":38},"end":{"line":85,"column":39}},"loc":{"start":{"line":85,"column":59},"end":{"line":102,"column":13}},"line":85},"11":{"name":"getnasdaq","decl":{"start":{"line":111,"column":9},"end":{"line":111,"column":18}},"loc":{"start":{"line":111,"column":25},"end":{"line":146,"column":1}},"line":111},"12":{"name":"liststockdata","decl":{"start":{"line":118,"column":13},"end":{"line":118,"column":26}},"loc":{"start":{"line":118,"column":33},"end":{"line":145,"column":5}},"line":118},"13":{"name":"(anonymous_13)","decl":{"start":{"line":119,"column":49},"end":{"line":119,"column":50}},"loc":{"start":{"line":119,"column":81},"end":{"line":144,"column":9}},"line":119},"14":{"name":"(anonymous_14)","decl":{"start":{"line":124,"column":58},"end":{"line":124,"column":59}},"loc":{"start":{"line":124,"column":79},"end":{"line":142,"column":17}},"line":124},"15":{"name":"(anonymous_15)","decl":{"start":{"line":134,"column":35},"end":{"line":134,"column":36}},"loc":{"start":{"line":134,"column":50},"end":{"line":141,"column":21}},"line":134},"16":{"name":"fundsnews","decl":{"start":{"line":149,"column":9},"end":{"line":149,"column":18}},"loc":{"start":{"line":149,"column":21},"end":{"line":184,"column":1}},"line":149},"17":{"name":"(anonymous_17)","decl":{"start":{"line":152,"column":58},"end":{"line":152,"column":59}},"loc":{"start":{"line":152,"column":90},"end":{"line":183,"column":5}},"line":152},"18":{"name":"(anonymous_18)","decl":{"start":{"line":156,"column":33},"end":{"line":156,"column":34}},"loc":{"start":{"line":156,"column":54},"end":{"line":180,"column":13}},"line":156},"19":{"name":"(anonymous_19)","decl":{"start":{"line":171,"column":32},"end":{"line":171,"column":33}},"loc":{"start":{"line":171,"column":47},"end":{"line":179,"column":17}},"line":171},"20":{"name":"currencynews","decl":{"start":{"line":187,"column":9},"end":{"line":187,"column":21}},"loc":{"start":{"line":187,"column":24},"end":{"line":221,"column":1}},"line":187},"21":{"name":"(anonymous_21)","decl":{"start":{"line":189,"column":63},"end":{"line":189,"column":64}},"loc":{"start":{"line":189,"column":95},"end":{"line":220,"column":5}},"line":189},"22":{"name":"(anonymous_22)","decl":{"start":{"line":193,"column":33},"end":{"line":193,"column":34}},"loc":{"start":{"line":193,"column":54},"end":{"line":218,"column":13}},"line":193},"23":{"name":"(anonymous_23)","decl":{"start":{"line":208,"column":36},"end":{"line":208,"column":37}},"loc":{"start":{"line":208,"column":51},"end":{"line":216,"column":17}},"line":208},"24":{"name":"(anonymous_24)","decl":{"start":{"line":228,"column":12},"end":{"line":228,"column":13}},"loc":{"start":{"line":228,"column":31},"end":{"line":298,"column":5}},"line":228},"25":{"name":"(anonymous_25)","decl":{"start":{"line":230,"column":18},"end":{"line":230,"column":19}},"loc":{"start":{"line":230,"column":33},"end":{"line":297,"column":9}},"line":230},"26":{"name":"(anonymous_26)","decl":{"start":{"line":239,"column":38},"end":{"line":239,"column":39}},"loc":{"start":{"line":239,"column":63},"end":{"line":250,"column":29}},"line":239},"27":{"name":"(anonymous_27)","decl":{"start":{"line":243,"column":62},"end":{"line":243,"column":63}},"loc":{"start":{"line":243,"column":69},"end":{"line":243,"column":77}},"line":243},"28":{"name":"(anonymous_28)","decl":{"start":{"line":256,"column":38},"end":{"line":256,"column":39}},"loc":{"start":{"line":256,"column":62},"end":{"line":266,"column":29}},"line":256},"29":{"name":"(anonymous_29)","decl":{"start":{"line":260,"column":60},"end":{"line":260,"column":61}},"loc":{"start":{"line":260,"column":67},"end":{"line":260,"column":75}},"line":260},"30":{"name":"(anonymous_30)","decl":{"start":{"line":272,"column":38},"end":{"line":272,"column":39}},"loc":{"start":{"line":272,"column":66},"end":{"line":282,"column":29}},"line":272},"31":{"name":"(anonymous_31)","decl":{"start":{"line":276,"column":68},"end":{"line":276,"column":69}},"loc":{"start":{"line":276,"column":75},"end":{"line":276,"column":83}},"line":276},"32":{"name":"(anonymous_32)","decl":{"start":{"line":309,"column":12},"end":{"line":309,"column":13}},"loc":{"start":{"line":309,"column":31},"end":{"line":378,"column":5}},"line":309},"33":{"name":"(anonymous_33)","decl":{"start":{"line":310,"column":18},"end":{"line":310,"column":19}},"loc":{"start":{"line":310,"column":33},"end":{"line":377,"column":9}},"line":310},"34":{"name":"(anonymous_34)","decl":{"start":{"line":319,"column":38},"end":{"line":319,"column":39}},"loc":{"start":{"line":319,"column":63},"end":{"line":330,"column":29}},"line":319},"35":{"name":"(anonymous_35)","decl":{"start":{"line":323,"column":62},"end":{"line":323,"column":63}},"loc":{"start":{"line":323,"column":69},"end":{"line":323,"column":77}},"line":323},"36":{"name":"(anonymous_36)","decl":{"start":{"line":336,"column":38},"end":{"line":336,"column":39}},"loc":{"start":{"line":336,"column":62},"end":{"line":346,"column":29}},"line":336},"37":{"name":"(anonymous_37)","decl":{"start":{"line":340,"column":60},"end":{"line":340,"column":61}},"loc":{"start":{"line":340,"column":67},"end":{"line":340,"column":75}},"line":340},"38":{"name":"(anonymous_38)","decl":{"start":{"line":352,"column":38},"e
[...]
3,"column":8},"end":{"line":182,"column":9}},{"start":{"line":153,"column":8},"end":{"line":182,"column":9}}],"line":153},"11":{"loc":{"start":{"line":153,"column":12},"end":{"line":153,"column":48}},"type":"binary-expr","locations":[{"start":{"line":153,"column":12},"end":{"line":153,"column":18}},{"start":{"line":153,"column":22},"end":{"line":153,"column":48}}],"line":153},"12":{"loc":{"start":{"line":172,"column":20},"end":{"line":177,"column":21}},"type":"if","locations":[{"start":{"line":172,"column":20},"end":{"line":177,"column":21}},{"start":{"line":172,"column":20},"end":{"line":177,"column":21}}],"line":172},"13":{"loc":{"start":{"line":175,"column":27},"end":{"line":177,"column":21}},"type":"if","locations":[{"start":{"line":175,"column":27},"end":{"line":177,"column":21}},{"start":{"line":175,"column":27},"end":{"line":177,"column":21}}],"line":175},"14":{"loc":{"start":{"line":190,"column":8},"end":{"line":219,"column":9}},"type":"if","locations":[{"start":{"line":190,"column":8},"end":{"line":219,"column":9}},{"start":{"line":190,"column":8},"end":{"line":219,"column":9}}],"line":190},"15":{"loc":{"start":{"line":190,"column":12},"end":{"line":190,"column":48}},"type":"binary-expr","locations":[{"start":{"line":190,"column":12},"end":{"line":190,"column":18}},{"start":{"line":190,"column":22},"end":{"line":190,"column":48}}],"line":190},"16":{"loc":{"start":{"line":209,"column":20},"end":{"line":214,"column":21}},"type":"if","locations":[{"start":{"line":209,"column":20},"end":{"line":214,"column":21}},{"start":{"line":209,"column":20},"end":{"line":214,"column":21}}],"line":209},"17":{"loc":{"start":{"line":212,"column":27},"end":{"line":214,"column":21}},"type":"if","locations":[{"start":{"line":212,"column":27},"end":{"line":214,"column":21}},{"start":{"line":212,"column":27},"end":{"line":214,"column":21}}],"line":212},"18":{"loc":{"start":{"line":231,"column":12},"end":{"line":296,"column":13}},"type":"if","locations":[{"start":{"line":231,"column":12},"end":{"line":296,"column":13}},{"start":{"line":231,"column":12},"end":{"line":296,"column":13}}],"line":231},"19":{"loc":{"start":{"line":235,"column":20},"end":{"line":288,"column":21}},"type":"if","locations":[{"start":{"line":235,"column":20},"end":{"line":288,"column":21}},{"start":{"line":235,"column":20},"end":{"line":288,"column":21}}],"line":235},"20":{"loc":{"start":{"line":236,"column":24},"end":{"line":285,"column":25}},"type":"if","locations":[{"start":{"line":236,"column":24},"end":{"line":285,"column":25}},{"start":{"line":236,"column":24},"end":{"line":285,"column":25}}],"line":236},"21":{"loc":{"start":{"line":240,"column":32},"end":{"line":249,"column":33}},"type":"if","locations":[{"start":{"line":240,"column":32},"end":{"line":249,"column":33}},{"start":{"line":240,"column":32},"end":{"line":249,"column":33}}],"line":240},"22":{"loc":{"start":{"line":253,"column":31},"end":{"line":285,"column":25}},"type":"if","locations":[{"start":{"line":253,"column":31},"end":{"line":285,"column":25}},{"start":{"line":253,"column":31},"end":{"line":285,"column":25}}],"line":253},"23":{"loc":{"start":{"line":257,"column":32},"end":{"line":265,"column":33}},"type":"if","locations":[{"start":{"line":257,"column":32},"end":{"line":265,"column":33}},{"start":{"line":257,"column":32},"end":{"line":265,"column":33}}],"line":257},"24":{"loc":{"start":{"line":269,"column":31},"end":{"line":285,"column":25}},"type":"if","locations":[{"start":{"line":269,"column":31},"end":{"line":285,"column":25}},{"start":{"line":269,"column":31},"end":{"line":285,"column":25}}],"line":269},"25":{"loc":{"start":{"line":273,"column":32},"end":{"line":281,"column":33}},"type":"if","locations":[{"start":{"line":273,"column":32},"end":{"line":281,"column":33}},{"start":{"line":273,"column":32},"end":{"line":281,"column":33}}],"line":273},"26":{"loc":{"start":{"line":311,"column":12},"end":{"line":376,"column":13}},"type":"if","locations":[{"start":{"line":311,"column":12},"end":{"line":376,"column":13}},{"start":{"line":311,"column":12},"end":{"line":376,"column":13}}],"line":311},"27":{"loc":{"start":{"line":315,"column":20},"end":{"line":368,"column":21}},"type":"if","locations":[{"start":{"line":315,"column":20},"end":{"line":368,"column":21}},{"start":{"line":315,"column":20},"end":{"line":368,"column":21}}],"line":315},"28":{"loc":{"start":{"line":316,"column":24},"end":{"line":365,"column":25}},"type":"if","locations":[{"start":{"line":316,"column":24},"end":{"line":365,"column":25}},{"start":{"line":316,"column":24},"end":{"line":365,"column":25}}],"line":316},"29":{"loc":{"start":{"line":320,"column":32},"end":{"line":329,"column":33}},"type":"if","locations":[{"start":{"line":320,"column":32},"end":{"line":329,"column":33}},{"start":{"line":320,"column":32},"end":{"line":329,"column":33}}],"line":320},"30":{"loc":{"start":{"line":333,"column":31},"end":{"line":365,"column":25}},"type":"if","locations":[{"start":{"line":333,"column":31},"end":{"line":365,"column":25}},{"start":{"line":333,"column":31},"end":{"line":365,"column":25}}],"line":333},"31":{"loc":{"start":{"line":337,"column":32},"end":{"line":345,"column":33}},"type":"if","locations":[{"start":{"line":337,"column":32},"end":{"line":345,"column":33}},{"start":{"line":337,"column":32},"end":{"line":345,"column":33}}],"line":337},"32":{"loc":{"start":{"line":349,"column":31},"end":{"line":365,"column":25}},"type":"if","locations":[{"start":{"line":349,"column":31},"end":{"line":365,"column":25}},{"start":{"line":349,"column":31},"end":{"line":365,"column":25}}],"line":349},"33":{"loc":{"start":{"line":353,"column":32},"end":{"line":361,"column":33}},"type":"if","locations":[{"start":{"line":353,"column":32},"end":{"line":361,"column":33}},{"start":{"line":353,"column":32},"end":{"line":361,"column":33}}],"line":353},"34":{"loc":{"start":{"line":391,"column":12},"end":{"line":455,"column":13}},"type":"if","locations":[{"start":{"line":391,"column":12},"end":{"line":455,"column":13}},{"start":{"line":391,"column":12},"end":{"line":455,"column":13}}],"line":391},"35":{"loc":{"start":{"line":395,"column":20},"end":{"line":448,"column":21}},"type":"if","locations":[{"start":{"line":395,"column":20},"end":{"line":448,"column":21}},{"start":{"line":395,"column":20},"end":{"line":448,"column":21}}],"line":395},"36":{"loc":{"start":{"line":396,"column":24},"end":{"line":445,"column":25}},"type":"if","locations":[{"start":{"line":396,"column":24},"end":{"line":445,"column":25}},{"start":{"line":396,"column":24},"end":{"line":445,"column":25}}],"line":396},"37":{"loc":{"start":{"line":400,"column":32},"end":{"line":409,"column":33}},"type":"if","locations":[{"start":{"line":400,"column":32},"end":{"line":409,"column":33}},{"start":{"line":400,"column":32},"end":{"line":409,"column":33}}],"line":400},"38":{"loc":{"start":{"line":413,"column":31},"end":{"line":445,"column":25}},"type":"if","locations":[{"start":{"line":413,"column":31},"end":{"line":445,"column":25}},{"start":{"line":413,"column":31},"end":{"line":445,"column":25}}],"line":413},"39":{"loc":{"start":{"line":417,"column":32},"end":{"line":425,"column":33}},"type":"if","locations":[{"start":{"line":417,"column":32},"end":{"line":425,"column":33}},{"start":{"line":417,"column":32},"end":{"line":425,"column":33}}],"line":417},"40":{"loc":{"start":{"line":429,"column":31},"end":{"line":445,"column":25}},"type":"if","locations":[{"start":{"line":429,"column":31},"end":{"line":445,"column":25}},{"start":{"line":429,"column":31},"end":{"line":445,"column":25}}],"line":429},"41":{"loc":{"start":{"line":433,"column":32},"end":{"line":441,"column":33}},"type":"if","locations":[{"start":{"line":433,"column":32},"end":{"line":441,"column":33}},{"start":{"line":433,"column":32},"end":{"line":441,"column":33}}],"line":433},"42":{"loc":{"start":{"line":485,"column":8},"end":{"line":491,"column":9}},"type":"if","locations":[{"start":{"line":485,"column":8},"end":{"line":491,"column":9}},{"start":{"line":485,"column":8},"end":{"line":491,"column":9}}],"line":485},"43":{"loc":{"start":{"line":501,"column":12},"end":{"line":509,"column":13}},"type":"if","locations":[{"start":{"line":501,"column":12},"end":{"line":509,"column":13}},{"start":{"line":501,"column":12},"end":{"line":509,"column":13}}],"line":501}},"s":{"0":1,"1":1,"2":1,"3":1,"4":1,"5":1,"6":1,"7":1,"8":1,"9":1,"10":1,"11":1,"12":1,"13":1,"14":1,"15":1,"16":1,"17":1,"18":0,"19":1,"20":1,"21":1,"22":1,"23":1,"24":0,"25":1,"26":1,"27":1,"28":1,"29":1,"30":0,"31":1,"32":1,"33":1,"34":1,"35":1,"36":0,"37":1,"38":1,"39":0,"40":0,"41":0,"42":0,"43":0,"44":0,"45":0,"46":0,"47":0,"48":0,"49":0,"50":0,"51":0,"52":0,"53":0,"54":0,"55":0,"56":0,"57":0,"58":0,"59":0,"60":0,"61":0,"62":0,"63":0,"64":0,"65":0,"66":0,"67":0,"68":0,"69":0,"70":0,"71":0,"72":0,"73":0,"74":0,"75":0,"76":0,"77":0,"78":0,"79":0,"80":0,"81":0,"82":0,"83":0,"84":0,"85":0,"86":0,"87":0,"88":0,"89":0,"90":0,"91":0,"92":0,"93":0,"94":0,"95":0,"96":0,"97":0,"98":0,"99":0,"100":0,"101":0,"102":0,"103":0,"104":0,"105":0,"106":0,"107":0,"108":0,"109":0,"110":0,"111":0,"112":0,"113":0,"114":0,"115":0,"116":0,"117":0,"118":0,"119":1,"120":0,"121":0,"122":0,"123":0,"124":0,"125":0,"126":0,"127":0,"128":0,"129":0,"130":0,"131":0,"132":0,"133":0,"134":0,"135":0,"136":0,"137":0,"138":0,"139":0,"140":0,"141":0,"142":0,"143":0,"144":0,"145":0,"146":0,"147":0,"148":0,"149":1,"150":1,"151":0,"152":0,"153":0,"154":0,"155":0,"156":0,"157":0,"158":0,"159":0,"160":0,"161":0,"162":0,"163":0,"164":0,"165":0,"166":0,"167":0,"168":0,"169":0,"170":0,"171":0,"172":0,"173":0,"174":0,"175":0,"176":0,"177":0,"178":0,"179":0,"180":1,"181":1,"182":0,"183":0,"184":0,"185":0,"186":0,"187":0,"188":0,"189":0,"190":0,"191":0,"192":0,"193":0,"194":0,"195":0,"196":0,"197":0,"198":0,"199":0,"200":0,"201":0,"202":0,"203":0,"204":0,"205":0,"206":0,"207":0,"208":0,"209":0,"210":0,"211":1,"212":0,"213":0,"214":0,"215":0,"216":0,"217":0,"218":1,"219":0,"220":0,"221":0,"222":0,"223":0,"224":0,"225":0,"226":1,"227":1},"f":{"0":1,"1":1,"2":1,"3":1,"4":1,"5":1,"6":1,"7":1,"8":0,"9":0,"10":0,"11":0,"12":0,"13":0,"14":0,"15":0,"16":0,"17":0,"18":0,"19":0,"20":0,"21":0,"22":0,"23":0,"24":0,"25":0,"26":0,"27":0,"28":0,"29":0,"30":0,"31":0,"32":0,"33":0,"34":0,"35":0,"36":0,"37":0,"38":0,"39":0,"40":0,"41":0,"42":0,"43":0,"44":0,"45":0,"46":0,"47":0,"48":0,"49":0,"50":0,"51":0},"b":{"0":[0,1],"1":[0,1],"2":[0,1],"3":[0,1],"4":[0,0],"5":[0,0],"6":[0,0],"7":[0,0],"8":[0,0],"9":[0,0],"10":[0,0],"11":[0,0],"12":[0,0],"13":[0,0],"14":[0,0],"15":[0,0],"16":[0,0],"17":[0,0],"18":[0,0],"19":[0,0],"20":[0,0],"21":[0,0],"22":[0,0],"23":[0,0],"24":[0,0],"25":[0,0],"26":[0,0],"27":[0,0],"28":[0,0],"29":[0,0],"30":[0,0],"31":[0,0],"32":[0,0],"33":[0,0],"34":[0,0],"35":[0,0],"36":[0,0],"37":[0,0],"38":[0,0],"39":[0,0],"40":[0,0],"41":[0,0],"42":[0,0],"43":[0,0]},"_coverageSchema":"332fd63041d2c1bcb487cc26dd0d5f7d97098a6c","hash":"b41d5ab3ec693102b9e3f8949f66447ce96791d7","contentHash":"36342fec2e4b37f3b6c25491f9a6484a_11.2.1"},"/home/traning/Desktop/Personalized-Emailer/projectPmMailer /server/express/models/currencymodel.js":{"path":"/home/traning/Desktop/Personalized-Emailer/projectPmMailer /server/express/models/currencymodel.js","statementMap":{"0":{"start":{"line":1,"column":17},"end":{"line":1,"column":36}},"1":{"start":{"line":2,"column":15},"end":{"line":2,"column":30}},"2":{"start":{"line":4,"column":23},"end":{"line":12,"column":30}},"3":{"start":{"line":14,"column":20},"end":{"line":14,"column":62}},"4":{"start":{"line":16,"column":0},"end":{"line":16,"column":31}}},"fnMap":{},"branchMap":{},"s":{"0":1,"1":1,"2":1,"3":1,"4":1},"f":{},"b":{},"_coverageSchema":"332fd63041d2c1bcb487cc26dd0d5f7d97098a6c","hash":"43fcf5c411deeb267613ef17d99e38f8c4c0addb","contentHash":"b9e9589513a1da02a671fe527232db3f_11.2.1"},"/home/traning/Desktop/Personalized-Emailer/projectPmMailer /server/express/models/stock.js":{"path":"/home/traning/Desktop/Personalized-Emailer/projectPmMailer /server/express/models/stock.js","statementMap":{"0":{"start":{"line":1,"column":17},"end":{"line":1,"column":36}},"1":{"start":{"line":2,"column":15},"end":{"line":2,"column":30}},"2":{"start":{"line":4,"column":20},"end":{"line":10,"column":27}},"3":{"start":{"line":12,"column":16},"end":{"line":12,"column":52}},"4":{"start":{"line":14,"column":0},"end":{"line":14,"column":27}}},"fnMap":{},"branchMap":{},"s":{"0":1,"1":1,"2":1,"3":1,"4":1},"f":{},"b":{},"_coverageSchema":"332fd63041d2c1bcb487cc26dd0d5f7d97098a6c","hash":"84d4306e0639f4478b45b44fa1696f006e2a2fcd","contentHash":"e781e51c49717a3bbf80771c26458c26_11.2.1"},"/home/traning/Desktop/Personalized-Emailer/projectPmMailer /server/express/models/nasdaq.js":{"path":"/home/traning/Desktop/Personalized-Emailer/projectPmMailer /server/express/models/nasdaq.js","statementMap":{"0":{"start":{"line":1,"column":17},"end":{"line":1,"column":36}},"1":{"start":{"line":2,"column":15},"end":{"line":2,"column":30}},"2":{"start":{"line":4,"column":21},"end":{"line":9,"column":28}},"3":{"start":{"line":11,"column":17},"end":{"line":11,"column":55}},"4":{"start":{"line":13,"column":0},"end":{"line":13,"column":28}}},"fnMap":{},"branchMap":{},"s":{"0":1,"1":1,"2":1,"3":1,"4":1},"f":{},"b":{},"_coverageSchema":"332fd63041d2c1bcb487cc26dd0d5f7d97098a6c","hash":"4ac316c31c8001f9dcc38c1b7674d88fc64b5b55","contentHash":"12862cc9089b6224da59da1b39a960b7_11.2.1"},"/home/traning/Desktop/Personalized-Emailer/projectPmMailer /server/express/models/fundsmodel.js":{"path":"/home/traning/Desktop/Personalized-Emailer/projectPmMailer /server/express/models/fundsmodel.js","statementMap":{"0":{"start":{"line":1,"column":17},"end":{"line":1,"column":36}},"1":{"start":{"line":2,"column":15},"end":{"line":2,"column":30}},"2":{"start":{"line":4,"column":19},"end":{"line":11,"column":26}},"3":{"start":{"line":13,"column":16},"end":{"line":13,"column":50}},"4":{"start":{"line":15,"column":0},"end":{"line":15,"column":27}}},"fnMap":{},"branchMap":{},"s":{"0":1,"1":1,"2":1,"3":1,"4":1},"f":{},"b":{},"_coverageSchema":"332fd63041d2c1bcb487cc26dd0d5f7d97098a6c","hash":"253fc486800a61b82401096a293417f9bc51b897","contentHash":"96aab6554f03afdb4de629457f31b118_11.2.1"},"/home/traning/Desktop/Personalized-Emailer/projectPmMailer /server/express/routes/index.js":{"path":"/home/traning/Desktop/Personalized-Emailer/projectPmMailer /server/express/routes/index.js","statementMap":{"0":{"start":{"line":1,"column":14},"end":{"line":1,"column":32}},"1":{"start":{"line":2,"column":13},"end":{"line":2,"column":29}},"2":{"start":{"line":5,"column":0},"end":{"line":7,"column":3}},"3":{"start":{"line":6,"column":2},"end":{"line":6,"column":66}},"4":{"start":{"line":9,"column":0},"end":{"line":9,"column":24}}},"fnMap":{"0":{"name":"(anonymous_0)","decl":{"start":{"line":5,"column":16},"end":{"line":5,"column":17}},"loc":{"start":{"line":5,"column":35},"end":{"line":7,"column":1}},"line":5}},"branchMap":{},"s":{"0":1,"1":1,"2":1,"3":0,"4":1},"f":{"0":0},"b":{},"_coverageSchema":"332fd63041d2c1bcb487cc26dd0d5f7d97098a6c","hash":"a4ddce6367ecf663f7773a54714ee07e54030a7b","contentHash":"fe0708f475a525494eb4f22cde773042_11.2.1"},"/home/traning/Desktop/Personalized-Emailer/projectPmMailer /server/express/routes/tweets.js":{"path":"/home/traning/Desktop/Personalized-Emailer/projectPmMailer /server/express/routes/tweets.js","statementMap":{"0":{"start":{"line":1,"column":14},"end":{"line":1,"column":32}},"1":{"start":{"line":2,"column":13},"end":{"line":2,"column":29}},"2":{"start":{"line":3,"column":11},"end":{"line":3,"column":26}},"3":{"start":{"line":4,"column":13},"end":{"line":4,"column":45}},"4":{"start":{"line":7,"column":14},"end":{"line":7,"column":38}},"5":{"start":{"line":9,"column":18},"end":{"line":9,"column":20}},"6":{"start":{"line":10,"column":16},"end":{"line":10,"column":19}},"7":{"start":{"line":11,"column":17},"end":{"line":11,"column":34}},"8":{"start":{"line":12,"column":24},"end":{"line":12,"column":48}},"9":{"start":{"line":17,"column":0},"end":{"line":70,"column":3}},"10":{"start":{"line":19,"column":21},"end":{"line":19,"column":23}},"11":{"start":{"line":19,"column":34},"end":{"line":19,"column":36}},"12":{"start":{"line":21,"column":11},"end":{"line":25,"column":3}},"13":{"start":{"line":28,"column":2},"end":{"line":30,"column":3}},"14":{"start":{"line":29,"column":4},"end":{"line":29,"column":37}},"15":{"start":{"line":33,"column":2},"end":{"line":42,"column":5}},"16":{"start":{"line":35,"column":4},"end":{"line":35,"column":18}},"17":{"start":{"line":37,"column":12},"end":{"line":37,"column":13}},"18":{"start":{"line":37,"column":21},"end":{"line":37,"column":34}},"19":{"start":{"line":39,"column":4},"end":{"line":41,"column":5}},"20":{"start":{"line":40,"column":6},"end":{"line":40,"column":27}},"21":{"start":{"line":50,"column":17},"end":{"line":55,"column":5}},"22":{"start":{"line":58,"column":4},"end":{"line":68,"column":7}},"23":{"start":{"line":59,"column":6},"end":{"line":59,"column":26}},"24":{"start":{"line":60,"column":6},"end":{"line":60,"column":31}},"25":{"start":{"line":61,"column":0},"end":{"line":61,"column":76}},"26":{"start":{"line":63,"column":6},"end":{"line":67,"column":7}},"27":{"start":{"line":64,"column":8},"end":{"line":64,"column":58}},"28":{"start":{"line":65,"column":8},"end":{"line":65,"column":31}},"29":{"start":{"line":72,"column":0},"end":{"line":72,"column":24}}},"fnMap":{"0":{"name":"(anonymous_0)","decl":{"start":{"line":17,"column":35},"end":{"line":17,"column":36}},"loc":{"start":{"line":17,"column":54},"end":{"line":70,"column":1}},"line":17},"1":{"name":"(anonymous_1)","decl":{"start":{"line":33,"column":41},"end":{"line":33,"column":42}},"loc":{"start":{"line":33,"column":68},"end":{"line":42,"column":3}},"line":33},"2":{"name":"getOEmbed","decl":{"start":{"line":47,"column":11},"end":{"line":47,"column":20}},"loc":{"start":{"line":47,"column":29},"end":{"line":69,"column":3}},"line":47},"3":{"name":"(anonymous_3)","decl":{"start":{"line":58,"column":37},"end":{"line":58,"column":38}},"loc":{"start":{"line":58,"column":64},"end":{"line":68,"column":5}},"line":58}},"branchMap":{"0":{"loc":{"start":{"line":28,"column":2},"end":{"line":30,"column":3}},"type":"if","locations":[{"start":{"line":28,"column":2},"end":{"line":30,"column":3}},{"start":{"line":28,"column":2},"end":{"line":30,"column":3}}],"line":28},"1":{"loc":{"start":{"line":63,"column":6},"end":{"line":67,"column":7}},"type":"if","locations":[{"start":{"line":63,"column":6},"end":{"line":67,"column":7}},{"start":{"line":63,"column":6},"end":{"line":67,"column":7}}],"line":63}},"s":{"0":1,"1":1,"2":1,"3":1,"4":1,"5":1,"6":1,"7":1,"8":1,"9":1,"10":0,"11":0,"12":0,"13":0,"14":0,"15":0,"16":0,"17":0,"18":0,"19":0,"20":0,"21":0,"22":0,"23":0,"24":0,"25":0,"26":0,"27":0,"28":0,"29":1},"f":{"0":0,"1":0,"2":0,"3":0},"b":{"0":[0,0],"1":[0,0]},"_coverageSchema":"332fd63041d2c1bcb487cc26dd0d5f7d97098a6c","hash":"16200402ebdc1073d20b45c6901027b5039c1d2b","contentHash":"727c0cebaf09b7e95f0532701da97f43_11.2.1"},"/home/traning/Desktop/Personalized-Emailer/projectPmMailer /server/express/config/tweetconfig.js":{"path":"/home/traning/Desktop/Personalized-Emailer/projectPmMailer /server/express/config/tweetconfig.js","statementMap":{"0":{"start":{"line":1,"column":0},"end":{"line":10,"column":2}}},"fnMap":{},"branchMap":{},"s":{"0":1},"f":{},"b":{},"_coverageSchema":"332fd63041d2c1bcb487cc26dd0d5f7d97098a6c","hash":"1838eae2137162afa29544d668fa14d398653e61","contentHash":"cb64172cdbb3759dd242bdc8b281ce75_11.2.1"},"/home/traning/Desktop/Personalized-Emailer/projectPmMailer /server/express/routes/liveTweets.js":{"path":"/home/traning/Desktop/Personalized-Emailer/projectPmMailer /server/express/routes/liveTweets.js","statementMap":{},"fnMap":{},"branchMap":{},"s":{},"f":{},"b":{},"_coverageSchema":"332fd63041d2c1bcb487cc26dd0d5f7d97098a6c","hash":"c52161b3e986c564ecaf00bb7aade8973893de0f","contentHash":"cca39b6ac6da8e595c75d3b479d559f9_11.2.1"}}