{"/home/traning/Desktop/workspace/Personalized-Emailer/projectPmMailer /server/express/index.js":{"path":"/home/traning/Desktop/workspace/Personalized-Emailer/projectPmMailer /server/express/index.js","statementMap":{"0":{"start":{"line":1,"column":16},"end":{"line":1,"column":34}},"1":{"start":{"line":2,"column":12},"end":{"line":2,"column":21}},"2":{"start":{"line":3,"column":17},"end":{"line":3,"column":36}},"3":{"start":{"line":5,"column":15},"end":{"line":5,"column":40}},"4":{"start":{"line":6,"column":13},"end":{"line":6,"column":28}},"5":{"start":{"line":7,"column":19},"end":{"line":7,"column":41}},"6":{"start":{"line":8,"column":17},"end":{"line":8,"column":36}},"7":{"start":{"line":9,"column":16},"end":{"line":9,"column":42}},"8":{"start":{"line":10,"column":15},"end":{"line":10,"column":43}},"9":{"start":{"line":11,"column":15},"end":{"line":11,"column":47}},"10":{"start":{"line":12,"column":18},"end":{"line":12,"column":47}},"11":{"start":{"line":14,"column":20},"end":{"line":14,"column":54}},"12":{"start":{"line":15,"column":13},"end":{"line":15,"column":37}},"13":{"start":{"line":16,"column":12},"end":{"line":16,"column":28}},"14":{"start":{"line":17,"column":13},"end":{"line":17,"column":30}},"15":{"start":{"line":18,"column":12},"end":{"line":18,"column":36}},"16":{"start":{"line":20,"column":19},"end":{"line":20,"column":43}},"17":{"start":{"line":22,"column":16},"end":{"line":22,"column":49}},"18":{"start":{"line":23,"column":11},"end":{"line":23,"column":26}},"19":{"start":{"line":25,"column":0},"end":{"line":25,"column":16}},"20":{"start":{"line":29,"column":0},"end":{"line":33,"column":4}},"21":{"start":{"line":34,"column":0},"end":{"line":34,"column":31}},"22":{"start":{"line":35,"column":0},"end":{"line":35,"column":28}},"23":{"start":{"line":37,"column":0},"end":{"line":37,"column":27}},"24":{"start":{"line":38,"column":0},"end":{"line":38,"column":52}},"25":{"start":{"line":39,"column":0},"end":{"line":39,"column":47}},"26":{"start":{"line":41,"column":0},"end":{"line":41,"column":51}},"27":{"start":{"line":42,"column":0},"end":{"line":42,"column":17}},"28":{"start":{"line":43,"column":0},"end":{"line":43,"column":24}},"29":{"start":{"line":44,"column":0},"end":{"line":44,"column":21}},"30":{"start":{"line":48,"column":0},"end":{"line":53,"column":3}},"31":{"start":{"line":51,"column":4},"end":{"line":51,"column":61}},"32":{"start":{"line":55,"column":0},"end":{"line":55,"column":21}}},"fnMap":{"0":{"name":"(anonymous_0)","decl":{"start":{"line":48,"column":24},"end":{"line":48,"column":25}},"loc":{"start":{"line":48,"column":30},"end":{"line":53,"column":1}},"line":48}},"branchMap":{},"s":{"0":1,"1":1,"2":1,"3":1,"4":1,"5":1,"6":1,"7":1,"8":1,"9":1,"10":1,"11":1,"12":1,"13":1,"14":1,"15":1,"16":1,"17":1,"18":1,"19":1,"20":1,"21":1,"22":1,"23":1,"24":1,"25":1,"26":1,"27":1,"28":1,"29":1,"30":1,"31":1,"32":1},"f":{"0":1},"b":{},"_coverageSchema":"332fd63041d2c1bcb487cc26dd0d5f7d97098a6c","hash":"d857c6202064dd8a11b156c948c1a80a520baa6d","contentHash":"9a6e93e3dec332078d6bf4a582f2fa5e_11.2.1"},"/home/traning/Desktop/workspace/Personalized-Emailer/projectPmMailer /server/express/routes/route.js":{"path":"/home/traning/Desktop/workspace/Personalized-Emailer/projectPmMailer /server/express/routes/route.js","statementMap":{"0":{"start":{"line":1,"column":15},"end":{"line":1,"column":44}},"1":{"start":{"line":2,"column":18},"end":{"line":2,"column":48}},"2":{"start":{"line":3,"column":22},"end":{"line":3,"column":56}},"3":{"start":{"line":4,"column":15},"end":{"line":4,"column":39}},"4":{"start":{"line":5,"column":14},"end":{"line":5,"column":30}},"5":{"start":{"line":6,"column":15},"end":{"line":6,"column":32}},"6":{"start":{"line":7,"column":14},"end":{"line":7,"column":38}},"7":{"start":{"line":8,"column":15},"end":{"line":8,"column":48}},"8":{"start":{"line":9,"column":21},"end":{"line":9,"column":45}},"9":{"start":{"line":10,"column":16},"end":{"line":10,"column":34}},"10":{"start":{"line":11,"column":12},"end":{"line":11,"column":21}},"11":{"start":{"line":12,"column":15},"end":{"line":12,"column":31}},"12":{"start":{"line":13,"column":23},"end":{"line":13,"column":48}},"13":{"start":{"line":14,"column":22},"end":{"line":14,"column":55}},"14":{"start":{"line":15,"column":25},"end":{"line":15,"column":52}},"15":{"start":{"line":16,"column":15},"end":{"line":16,"column":34}},"16":{"start":{"line":17,"column":14},"end":{"line":17,"column":32}},"17":{"start":{"line":18,"column":22},"end":{"line":18,"column":48}},"18":{"start":{"line":19,"column":15},"end":{"line":19,"column":34}},"19":{"start":{"line":20,"column":19},"end":{"line":20,"column":42}},"20":{"start":{"line":21,"column":21},"end":{"line":21,"column":46}},"21":{"start":{"line":22,"column":15},"end":{"line":22,"column":34}},"22":{"start":{"line":23,"column":17},"end":{"line":23,"column":37}},"23":{"start":{"line":25,"column":19},"end":{"line":25,"column":42}},"24":{"start":{"line":26,"column":14},"end":{"line":26,"column":32}},"25":{"start":{"line":27,"column":14},"end":{"line":27,"column":32}},"26":{"start":{"line":28,"column":15},"end":{"line":28,"column":34}},"27":{"start":{"line":29,"column":19},"end":{"line":29,"column":42}},"28":{"start":{"line":30,"column":0},"end":{"line":30,"column":27}},"29":{"start":{"line":31,"column":0},"end":{"line":31,"column":25}},"30":{"start":{"line":32,"column":0},"end":{"line":32,"column":36}},"31":{"start":{"line":33,"column":0},"end":{"line":33,"column":27}},"32":{"start":{"line":34,"column":0},"end":{"line":34,"column":28}},"33":{"start":{"line":35,"column":0},"end":{"line":35,"column":26}},"34":{"start":{"line":36,"column":0},"end":{"line":36,"column":35}},"35":{"start":{"line":37,"column":0},"end":{"line":37,"column":39}},"36":{"start":{"line":38,"column":0},"end":{"line":38,"column":26}},"37":{"start":{"line":39,"column":0},"end":{"line":39,"column":36}},"38":{"start":{"line":40,"column":0},"end":{"line":40,"column":20}},"39":{"start":{"line":41,"column":0},"end":{"line":41,"column":27}},"40":{"start":{"line":43,"column":0},"end":{"line":43,"column":21}}},"fnMap":{},"branchMap":{},"s":{"0":1,"1":1,"2":1,"3":1,"4":1,"5":1,"6":1,"7":1,"8":1,"9":1,"10":1,"11":1,"12":1,"13":1,"14":1,"15":1,"16":1,"17":1,"18":1,"19":1,"20":1,"21":1,"22":1,"23":1,"24":1,"25":1,"26":1,"27":1,"28":1,"29":1,"30":1,"31":1,"32":1,"33":1,"34":1,"35":1,"36":1,"37":1,"38":1,"39":1,"40":1},"f":{},"b":{},"_coverageSchema":"332fd63041d2c1bcb487cc26dd0d5f7d97098a6c","hash":"c1d6e36bf0fb614df30509e2310cec1dedc5bd11","contentHash":"9c87d6a88a05adda1b95048d928a46ce_11.2.1"},"/home/traning/Desktop/workspace/Personalized-Emailer/projectPmMailer /server/express/config/database.js":{"path":"/home/traning/Desktop/workspace/Personalized-Emailer/projectPmMailer /server/express/config/database.js","statementMap":{"0":{"start":{"line":1,"column":0},"end":{"line":5,"column":1}}},"fnMap":{},"branchMap":{},"s":{"0":1},"f":{},"b":{},"_coverageSchema":"332fd63041d2c1bcb487cc26dd0d5f7d97098a6c","hash":"db96eb60a26f3356853a904be979af0f51e9c366","contentHash":"ce542606cfde14c1158f8f426e1ecfaa_11.2.1"},"/home/traning/Desktop/workspace/Personalized-Emailer/projectPmMailer /server/express/config/configure.js":{"path":"/home/traning/Desktop/workspace/Personalized-Emailer/projectPmMailer /server/express/config/configure.js","statementMap":{"0":{"start":{"line":2,"column":0},"end":{"line":10,"column":1}}},"fnMap":{},"branchMap":{},"s":{"0":1},"f":{},"b":{},"_coverageSchema":"332fd63041d2c1bcb487cc26dd0d5f7d97098a6c","hash":"18b1625fad34763b2af8c7c0d6e21254e83562f1","contentHash":"dfc9ac7caa0571be88be274b7c32c6ac_11.2.1"},"/home/traning/Desktop/workspace/Personalized-Emailer/projectPmMailer /server/express/services/app.logger.js":{"path":"/home/traning/Desktop/workspace/Personalized-Emailer/projectPmMailer /server/express/services/app.logger.js","statementMap":{"0":{"start":{"line":2,"column":15},"end":{"line":2,"column":32}},"1":{"start":{"line":5,"column":21},"end":{"line":5,"column":48}},"2":{"start":{"line":8,"column":0},"end":{"line":8,"column":31}},"3":{"start":{"line":11,"column":15},"end":{"line":11,"column":33}},"4":{"start":{"line":14,"column":0},"end":{"line":14,"column":24}}},"fnMap":{},"branchMap":{},"s":{"0":1,"1":1,"2":1,"3":1,"4":1},"f":{},"b":{},"_coverageSchema":"332fd63041d2c1bcb487cc26dd0d5f7d97098a6c","hash":"6a5e472d19649d593c25bbe8c8cfb54f20ff32dd","contentHash":"9ab121e83c797e11b847920ea7b3eee9_11.2.1"},"/home/traning/Desktop/workspace/Personalized-Emailer/projectPmMailer /server/express/config/logger.js":{"path":"/home/traning/Desktop/workspace/Personalized-Emailer/projectPmMailer /server/express/config/logger.js","statementMap":{"0":{"start":{"line":1,"column":0},"end":{"line":25,"column":2}}},"fnMap":{},"branchMap":{},"s":{"0":1},"f":{},"b":{},"_coverageSchema":"332fd63041d2c1bcb487cc26dd0d5f7d97098a6c","hash":"4bf073d23cafbbf26bbca7a6c03512cf36062c7d","contentHash":"2b1abc4b738e5b1390c96b04259fc08b_11.2.1"},"/home/traning/Desktop/workspace/Personalized-Emailer/projectPmMailer /server/express/auth/google.js":{"path":"/home/traning/Desktop/workspace/Personalized-Emailer/projectPmMailer /server/express/auth/google.js","statementMap":{"0":{"start":{"line":1,"column":17},"end":{"line":1,"column":36}},"1":{"start":{"line":2,"column":13},"end":{"line":2,"column":43}},"2":{"start":{"line":3,"column":23},"end":{"line":3,"column":65}},"3":{"start":{"line":4,"column":15},"end":{"line":4,"column":46}},"4":{"start":{"line":6,"column":0},"end":{"line":31,"column":8}},"5":{"start":{"line":14,"column":28},"end":{"line":17,"column":10}},"6":{"start":{"line":20,"column":8},"end":{"line":30,"column":11}},"7":{"start":{"line":21,"column":12},"end":{"line":29,"column":13}},"8":{"start":{"line":22,"column":16},"end":{"line":25,"column":19}},"9":{"start":{"line":23,"column":20},"end":{"line":23,"column":46}},"10":{"start":{"line":23,"column":29},"end":{"line":23,"column":46}},"11":{"start":{"line":24,"column":20},"end":{"line":24,"column":44}},"12":{"start":{"line":28,"column":16},"end":{"line":28,"column":33}},"13":{"start":{"line":32,"column":0},"end":{"line":32,"column":15}}},"fnMap":{"0":{"name":"(anonymous_0)","decl":{"start":{"line":12,"column":4},"end":{"line":12,"column":5}},"loc":{"start":{"line":12,"column":55},"end":{"line":31,"column":5}},"line":12},"1":{"name":"(anonymous_1)","decl":{"start":{"line":20,"column":51},"end":{"line":20,"column":52}},"loc":{"start":{"line":20,"column":71},"end":{"line":30,"column":9}},"line":20},"2":{"name":"(anonymous_2)","decl":{"start":{"line":22,"column":33},"end":{"line":22,"column":34}},"loc":{"start":{"line":22,"column":60},"end":{"line":25,"column":17}},"line":22}},"branchMap":{"0":{"loc":{"start":{"line":21,"column":12},"end":{"line":29,"column":13}},"type":"if","locations":[{"start":{"line":21,"column":12},"end":{"line":29,"column":13}},{"start":{"line":21,"column":12},"end":{"line":29,"column":13}}],"line":21},"1":{"loc":{"start":{"line":23,"column":20},"end":{"line":23,"column":46}},"type":"if","locations":[{"start":{"line":23,"column":20},"end":{"line":23,"column":46}},{"start":{"line":23,"column":20},"end":{"line":23,"column":46}}],"line":23}},"s":{"0":1,"1":1,"2":1,"3":1,"4":1,"5":0,"6":0,"7":0,"8":0,"9":0,"10":0,"11":0,"12":0,"13":1},"f":{"0":0,"1":0,"2":0},"b":{"0":[0,0],"1":[0,0]},"_coverageSchema":"332fd63041d2c1bcb487cc26dd0d5f7d97098a6c","hash":"67aef73d840e730cef3b7125bf711599438e4cf0","contentHash":"93feabdee0f74d4a1ce1ec38af6c6c52_11.2.1"},"/home/traning/Desktop/workspace/Personalized-Emailer/projectPmMailer /server/express/models/userModel.js":{"path":"/home/traning/Desktop/workspace/Personalized-Emailer/projectPmMailer /server/express/models/userModel.js","statementMap":{"0":{"start":{"line":1,"column":17},"end":{"line":1,"column":36}},"1":{"start":{"line":2,"column":15},"end":{"line":2,"column":30}},"2":{"start":{"line":3,"column":15},"end":{"line":3,"column":39}},"3":{"start":{"line":4,"column":16},"end":{"line":4,"column":46}},"4":{"start":{"line":5,"column":17},"end":{"line":5,"column":46}},"5":{"start":{"line":8,"column":17},"end":{"line":22,"column":2}},"6":{"start":{"line":24,"column":0},"end":{"line":33,"column":3}},"7":{"start":{"line":25,"column":14},"end":{"line":28,"column":5}},"8":{"start":{"line":29,"column":4},"end":{"line":30,"column":35}},"9":{"start":{"line":30,"column":8},"end":{"line":30,"column":35}},"10":{"start":{"line":32,"column":4},"end":{"line":32,"column":11}},"11":{"start":{"line":35,"column":0},"end":{"line":44,"column":2}},"12":{"start":{"line":36,"column":15},"end":{"line":36,"column":19}},"13":{"start":{"line":37,"column":4},"end":{"line":42,"column":7}},"14":{"start":{"line":38,"column":8},"end":{"line":38,"column":55}},"15":{"start":{"line":38,"column":17},"end":{"line":38,"column":55}},"16":{"start":{"line":39,"column":8},"end":{"line":39,"column":29}},"17":{"start":{"line":40,"column":8},"end":{"line":40,"column":34}},"18":{"start":{"line":41,"column":8},"end":{"line":41,"column":15}},"19":{"start":{"line":46,"column":0},"end":{"line":49,"column":3}},"20":{"start":{"line":51,"column":0},"end":{"line":58,"column":2}},"21":{"start":{"line":52,"column":4},"end":{"line":57,"column":7}},"22":{"start":{"line":53,"column":8},"end":{"line":55,"column":9}},"23":{"start":{"line":54,"column":12},"end":{"line":54,"column":27}},"24":{"start":{"line":56,"column":8},"end":{"line":56,"column":26}},"25":{"start":{"line":61,"column":0},"end":{"line":61,"column":52}}},"fnMap":{"0":{"name":"(anonymous_0)","decl":{"start":{"line":24,"column":23},"end":{"line":24,"column":24}},"loc":{"start":{"line":24,"column":38},"end":{"line":33,"column":1}},"line":24},"1":{"name":"(anonymous_1)","decl":{"start":{"line":35,"column":23},"end":{"line":35,"column":24}},"loc":{"start":{"line":35,"column":38},"end":{"line":44,"column":1}},"line":35},"2":{"name":"(anonymous_2)","decl":{"start":{"line":37,"column":43},"end":{"line":37,"column":44}},"loc":{"start":{"line":37,"column":58},"end":{"line":42,"column":5}},"line":37},"3":{"name":"(anonymous_3)","decl":{"start":{"line":51,"column":37},"end":{"line":51,"column":38}},"loc":{"start":{"line":51,"column":57},"end":{"line":58,"column":1}},"line":51},"4":{"name":"(anonymous_4)","decl":{"start":{"line":52,"column":41},"end":{"line":52,"column":42}},"loc":{"start":{"line":52,"column":64},"end":{"line":57,"column":5}},"line":52}},"branchMap":{"0":{"loc":{"start":{"line":29,"column":4},"end":{"line":30,"column":35}},"type":"if","locations":[{"start":{"line":29,"column":4},"end":{"line":30,"column":35}},{"start":{"line":29,"column":4},"end":{"line":30,"column":35}}],"line":29},"1":{"loc":{"start":{"line":38,"column":8},"end":{"line":38,"column":55}},"type":"if","locations":[{"start":{"line":38,"column":8},"end":{"line":38,"column":55}},{"start":{"line":38,"column":8},"end":{"line":38,"column":55}}],"line":38},"2":{"loc":{"start":{"line":53,"column":8},"end":{"line":55,"column":9}},"type":"if","locations":[{"start":{"line":53,"column":8},"end":{"line":55,"column":9}},{"start":{"line":53,"column":8},"end":{"line":55,"column":9}}],"line":53}},"s":{"0":1,"1":1,"2":1,"3":1,"4":1,"5":1,"6":1,"7":0,"8":0,"9":0,"10":0,"11":1,"12":0,"13":0,"14":0,"15":0,"16":0,"17":0,"18":0,"19":1,"20":1,"21":0,"22":0,"23":0,"24":0,"25":1},"f":{"0":0,"1":0,"2":0,"3":0,"4":0},"b":{"0":[0,0],"1":[0,0],"2":[0,0]},"_coverageSchema":"332fd63041d2c1bcb487cc26dd0d5f7d97098a6c","hash":"fb3ff221ce393eb3d8c13dd578ea7d5015be6715","contentHash":"1cf22d288563fc417b7b94d4e3c5270c_11.2.1"},"/home/traning/Desktop/workspace/Personalized-Emailer/projectPmMailer /server/express/config/googleAuth.js":{"path":"/home/traning/Desktop/workspace/Personalized-Emailer/projectPmMailer /server/express/config/googleAuth.js","statementMap":{"0":{"start":{"line":3,"column":0},"end":{"line":9,"column":1}}},"fnMap":{},"branchMap":{},"s":{"0":1},"f":{},"b":{},"_coverageSchema":"332fd63041d2c1bcb487cc26dd0d5f7d97098a6c","hash":"3d96e63aad11d4e9a9786a137201b854cd35e584","contentHash":"c2ed8c4212d1c0b1ae388170095b81cb_11.2.1"},"/home/traning/Desktop/workspace/Personalized-Emailer/projectPmMailer /server/express/auth/facebook.js":{"path":"/home/traning/Desktop/workspace/Personalized-Emailer/projectPmMailer /server/express/auth/facebook.js","statementMap":{"0":{"start":{"line":1,"column":17},"end":{"line":1,"column":36}},"1":{"start":{"line":2,"column":25},"end":{"line":2,"column":62}},"2":{"start":{"line":3,"column":13},"end":{"line":3,"column":43}},"3":{"start":{"line":4,"column":15},"end":{"line":4,"column":48}},"4":{"start":{"line":6,"column":0},"end":{"line":34,"column":8}},"5":{"start":{"line":17,"column":30},"end":{"line":20,"column":10}},"6":{"start":{"line":23,"column":8},"end":{"line":33,"column":11}},"7":{"start":{"line":24,"column":12},"end":{"line":32,"column":13}},"8":{"start":{"line":25,"column":16},"end":{"line":28,"column":19}},"9":{"start":{"line":26,"column":20},"end":{"line":26,"column":46}},"10":{"start":{"line":26,"column":29},"end":{"line":26,"column":46}},"11":{"start":{"line":27,"column":20},"end":{"line":27,"column":46}},"12":{"start":{"line":31,"column":16},"end":{"line":31,"column":33}},"13":{"start":{"line":35,"column":0},"end":{"line":35,"column":15}}},"fnMap":{"0":{"name":"(anonymous_0)","decl":{"start":{"line":15,"column":4},"end":{"line":15,"column":5}},"loc":{"start":{"line":15,"column":55},"end":{"line":34,"column":5}},"line":15},"1":{"name":"(anonymous_1)","decl":{"start":{"line":23,"column":53},"end":{"line":23,"column":54}},"loc":{"start":{"line":23,"column":73},"end":{"line":33,"column":9}},"line":23},"2":{"name":"(anonymous_2)","decl":{"start":{"line":25,"column":35},"end":{"line":25,"column":36}},"loc":{"start":{"line":25,"column":64},"end":{"line":28,"column":17}},"line":25}},"branchMap":{"0":{"loc":{"start":{"line":24,"column":12},"end":{"line":32,"column":13}},"type":"if","locations":[{"start":{"line":24,"column":12},"end":{"line":32,"column":13}},{"start":{"line":24,"column":12},"end":{"line":32,"column":13}}],"line":24},"1":{"loc":{"start":{"line":26,"column":20},"end":{"line":26,"column":46}},"type":"if","locations":[{"start":{"line":26,"column":20},"end":{"line":26,"column":46}},{"start":{"line":26,"column":20},"end":{"line":26,"column":46}}],"line":26}},"s":{"0":1,"1":1,"2":1,"3":1,"4":1,"5":0,"6":0,"7":0,"8":0,"9":0,"10":0,"11":0,"12":0,"13":1},"f":{"0":0,"1":0,"2":0},"b":{"0":[0,0],"1":[0,0]},"_coverageSchema":"332fd63041d2c1bcb487cc26dd0d5f7d97098a6c","hash":"80d1223a2394f4e552607039cedd6cb70fa65452","contentHash":"5906740b630f22b5c97d15efec0e3acc_11.2.1"},"/home/traning/Desktop/workspace/Personalized-Emailer/projectPmMailer /server/express/config/facebookAuth.js":{"path":"/home/traning/Desktop/workspace/Personalized-Emailer/projectPmMailer /server/express/config/facebookAuth.js","statementMap":{"0":{"start":{"line":2,"column":0},"end":{"line":9,"column":1}}},"fnMap":{},"branchMap":{},"s":{"0":1},"f":{},"b":{},"_coverageSchema":"332fd63041d2c1bcb487cc26dd0d5f7d97098a6c","hash":"1a66a4dbd24d3ce236402b2f78b73e567377951a","contentHash":"d0c4f308eab93b5c4944d25283476007_11.2.1"},"/home/traning/Desktop/workspace/Personalized-Emailer/projectPmMailer /server/express/routes/signup.js":{"path":"/home/traning/Desktop/workspace/Personalized-Emailer/projectPmMailer /server/express/routes/signup.js","statementMap":{"0":{"start":{"line":1,"column":13},"end":{"line":1,"column":43}},"1":{"start":{"line":2,"column":13},"end":{"line":2,"column":28}},"2":{"start":{"line":3,"column":12},"end":{"line":3,"column":35}},"3":{"start":{"line":4,"column":15},"end":{"line":4,"column":44}},"4":{"start":{"line":5,"column":18},"end":{"line":5,"column":48}},"5":{"start":{"line":6,"column":19},"end":{"line":6,"column":40}},"6":{"start":{"line":7,"column":15},"end":{"line":7,"column":48}},"7":{"start":{"line":8,"column":16},"end":{"line":8,"column":34}},"8":{"start":{"line":9,"column":15},"end":{"line":9,"column":31}},"9":{"start":{"line":14,"column":0},"end":{"line":67,"column":3}},"10":{"start":{"line":16,"column":15},"end":{"line":16,"column":25}},"11":{"start":{"line":17,"column":4},"end":{"line":17,"column":30}},"12":{"start":{"line":18,"column":4},"end":{"line":18,"column":38}},"13":{"start":{"line":19,"column":4},"end":{"line":19,"column":32}},"14":{"start":{"line":20,"column":4},"end":{"line":20,"column":34}},"15":{"start":{"line":21,"column":4},"end":{"line":21,"column":16}},"16":{"start":{"line":23,"column":4},"end":{"line":66,"column":5}},"17":{"start":{"line":24,"column":8},"end":{"line":24,"column":101}},"18":{"start":{"line":25,"column":8},"end":{"line":25,"column":52}},"19":{"start":{"line":29,"column":8},"end":{"line":65,"column":10}},"20":{"start":{"line":31,"column":12},"end":{"line":64,"column":13}},"21":{"start":{"line":33,"column":16},"end":{"line":36,"column":17}},"22":{"start":{"line":34,"column":20},"end":{"line":34,"column":102}},"23":{"start":{"line":35,"column":20},"end":{"line":35,"column":64}},"24":{"start":{"line":39,"column":34},"end":{"line":45,"column":18}},"25":{"start":{"line":47,"column":34},"end":{"line":54,"column":17}},"26":{"start":{"line":56,"column":16},"end":{"line":62,"column":19}},"27":{"start":{"line":57,"column":20},"end":{"line":61,"column":21}},"28":{"start":{"line":58,"column":24},"end":{"line":58,"column":56}},"29":{"start":{"line":60,"column":24},"end":{"line":60,"column":81}},"30":{"start":{"line":63,"column":16},"end":{"line":63,"column":88}},"31":{"start":{"line":69,"column":0},"end":{"line":69,"column":24}}},"fnMap":{"0":{"name":"(anonymous_0)","decl":{"start":{"line":14,"column":22},"end":{"line":14,"column":23}},"loc":{"start":{"line":14,"column":36},"end":{"line":67,"column":1}},"line":14},"1":{"name":"(anonymous_1)","decl":{"start":{"line":29,"column":18},"end":{"line":29,"column":19}},"loc":{"start":{"line":29,"column":27},"end":{"line":65,"column":9}},"line":29},"2":{"name":"(anonymous_2)","decl":{"start":{"line":56,"column":50},"end":{"line":56,"column":51}},"loc":{"start":{"line":56,"column":72},"end":{"line":62,"column":17}},"line":56}},"branchMap":{"0":{"loc":{"start":{"line":23,"column":4},"end":{"line":66,"column":5}},"type":"if","locations":[{"start":{"line":23,"column":4},"end":{"line":66,"column":5}},{"start":{"line":23,"column":4},"end":{"line":66,"column":5}}],"line":23},"1":{"loc":{"start":{"line":23,"column":8},"end":{"line":23,"column":111}},"type":"binary-expr","locations":[{"start":{"line":23,"column":8},"end":{"line":23,"column":29}},{"start":{"line":23,"column":33},"end":{"line":23,"column":58}},{"start":{"line":23,"column":62},"end":{"line":23,"column":84}},{"start":{"line":23,"column":88},"end":{"line":23,"column":111}}],"line":23},"2":{"loc":{"start":{"line":31,"column":12},"end":{"line":64,"column":13}},"type":"if","locations":[{"start":{"line":31,"column":12},"end":{"line":64,"column":13}},{"start":{"line":31,"column":12},"end":{"line":64,"column":13}}],"line":31},"3":{"loc":{"start":{"line":33,"column":16},"end":{"line":36,"column":17}},"type":"if","locations":[{"start":{"line":33,"column":16},"end":{"line":36,"column":17}},{"start":{"line":33,"column":16},"end":{"line":36,"column":17}}],"line":33},"4":{"loc":{"start":{"line":57,"column":20},"end":{"line":61,"column":21}},"type":"if","locations":[{"start":{"line":57,"column":20},"end":{"line":61,"column":21}},{"start":{"line":57,"column":20},"end":{"line":61,"column":21}}],"line":57}},"s":{"0":1,"1":1,"2":1,"3":1,"4":1,"5":1,"6":1,"7":1,"8":1,"9":1,"10":1,"11":1,"12":1,"13":1,"14":1,"15":1,"16":1,"17":0,"18":0,"19":1,"20":1,"21":0,"22":0,"23":0,"24":1,"25":1,"26":1,"27":1,"28":0,"29":1,"30":1,"31":1},"f":{"0":1,"1":1,"2":1},"b":{"0":[0,1],"1":[1,1,1,1],"2":[0,1],"3":[0,0],"4":[0,1]},"_coverageSchema":"332fd63041d2c1bcb487cc26dd0d5f7d97098a6c","hash":"f7925218fa78d3168310b52211d16a8ab5a4b524","contentHash":"7fad8b4545d7bdfb3a739eb6967b763b_11.2.1"},"/home/traning/Desktop/workspace/Personalized-Emailer/projectPmMailer /server/express/routes/login.js":{"path":"/home/traning/Desktop/workspace/Personalized-Emailer/projectPmMailer /server/express/routes/login.js","statementMap":{"0":{"start":{"line":1,"column":13},"end":{"line":1,"column":43}},"1":{"start":{"line":2,"column":13},"end":{"line":2,"column":28}},"2":{"start":{"line":3,"column":12},"end":{"line":3,"column":35}},"3":{"start":{"line":4,"column":15},"end":{"line":4,"column":44}},"4":{"start":{"line":5,"column":15},"end":{"line":5,"column":48}},"5":{"start":{"line":6,"column":16},"end":{"line":6,"column":34}},"6":{"start":{"line":7,"column":15},"end":{"line":7,"column":31}},"7":{"start":{"line":10,"column":0},"end":{"line":43,"column":3}},"8":{"start":{"line":11,"column":4},"end":{"line":42,"column":7}},"9":{"start":{"line":14,"column":8},"end":{"line":17,"column":9}},"10":{"start":{"line":15,"column":12},"end":{"line":15,"column":97}},"11":{"start":{"line":16,"column":12},"end":{"line":16,"column":33}},"12":{"start":{"line":18,"column":8},"end":{"line":41,"column":9}},"13":{"start":{"line":20,"column":12},"end":{"line":20,"column":106}},"14":{"start":{"line":21,"column":12},"end":{"line":21,"column":65}},"15":{"start":{"line":25,"column":12},"end":{"line":40,"column":15}},"16":{"start":{"line":26,"column":16},"end":{"line":39,"column":17}},"17":{"start":{"line":28,"column":32},"end":{"line":28,"column":65}},"18":{"start":{"line":31,"column":20},"end":{"line":31,"column":109}},"19":{"start":{"line":32,"column":20},"end":{"line":32,"column":64}},"20":{"start":{"line":37,"column":20},"end":{"line":37,"column":115}},"21":{"start":{"line":38,"column":20},"end":{"line":38,"column":74}},"22":{"start":{"line":45,"column":0},"end":{"line":55,"column":2}},"23":{"start":{"line":46,"column":4},"end":{"line":54,"column":6}},"24":{"start":{"line":47,"column":8},"end":{"line":53,"column":9}},"25":{"start":{"line":48,"column":12},"end":{"line":48,"column":69}},"26":{"start":{"line":49,"column":12},"end":{"line":49,"column":33}},"27":{"start":{"line":51,"column":12},"end":{"line":51,"column":26}},"28":{"start":{"line":52,"column":12},"end":{"line":52,"column":53}},"29":{"start":{"line":57,"column":0},"end":{"line":57,"column":24}}},"fnMap":{"0":{"name":"(anonymous_0)","decl":{"start":{"line":10,"column":39},"end":{"line":10,"column":40}},"loc":{"start":{"line":10,"column":58},"end":{"line":43,"column":1}},"line":10},"1":{"name":"(anonymous_1)","decl":{"start":{"line":13,"column":7},"end":{"line":13,"column":8}},"loc":{"start":{"line":13,"column":27},"end":{"line":42,"column":5}},"line":13},"2":{"name":"(anonymous_2)","decl":{"start":{"line":25,"column":54},"end":{"line":25,"column":55}},"loc":{"start":{"line":25,"column":77},"end":{"line":40,"column":13}},"line":25},"3":{"name":"(anonymous_3)","decl":{"start":{"line":45,"column":16},"end":{"line":45,"column":17}},"loc":{"start":{"line":45,"column":35},"end":{"line":55,"column":1}},"line":45},"4":{"name":"(anonymous_4)","decl":{"start":{"line":46,"column":14},"end":{"line":46,"column":15}},"loc":{"start":{"line":46,"column":29},"end":{"line":54,"column":5}},"line":46}},"branchMap":{"0":{"loc":{"start":{"line":14,"column":8},"end":{"line":17,"column":9}},"type":"if","locations":[{"start":{"line":14,"column":8},"end":{"line":17,"column":9}},{"start":{"line":14,"column":8},"end":{"line":17,"column":9}}],"line":14},"1":{"loc":{"start":{"line":18,"column":8},"end":{"line":41,"column":9}},"type":"if","locations":[{"start":{"line":18,"column":8},"end":{"line":41,"column":9}},{"start":{"line":18,"column":8},"end":{"line":41,"column":9}}],"line":18},"2":{"loc":{"start":{"line":26,"column":16},"end":{"line":39,"column":17}},"type":"if","locations":[{"start":{"line":26,"column":16},"end":{"line":39,"column":17}},{"start":{"line":26,"column":16},"end":{"line":39,"column":17}}],"line":26},"3":{"loc":{"start":{"line":26,"column":20},"end":{"line":26,"column":35}},"type":"binary-expr","locations":[{"start":{"line":26,"column":20},"end":{"line":26,"column":27}},{"start":{"line":26,"column":31},"end":{"line":26,"column":35}}],"line":26},"4":{"loc":{"start":{"line":47,"column":8},"end":{"line":53,"column":9}},"type":"if","locations":[{"start":{"line":47,"column":8},"end":{"line":53,"column":9}},{"start":{"line":47,"column":8},"end":{"line":53,"column":9}}],"line":47}},"s":{"0":1,"1":1,"2":1,"3":1,"4":1,"5":1,"6":1,"7":1,"8":1,"9":1,"10":0,"11":0,"12":1,"13":1,"14":0,"15":0,"16":0,"17":0,"18":0,"19":0,"20":0,"21":0,"22":1,"23":2,"24":2,"25":0,"26":0,"27":2,"28":2,"29":1},"f":{"0":1,"1":1,"2":0,"3":2,"4":2},"b":{"0":[0,1],"1":[1,0],"2":[0,0],"3":[0,0],"4":[0,2]},"_coverageSchema":"332fd63041d2c1bcb487cc26dd0d5f7d97098a6c","hash":"8a05f5d1f7751a06bf6de86c9fbdbee9c0b9c749","contentHash":"4fec99e355581d40179b035805eacf67_11.2.1"},"/home/traning/Desktop/workspace/Personalized-Emailer/projectPmMailer /server/express/routes/resetPassword.js":{"path":"/home/traning/Desktop/workspace/Personalized-Emailer/projectPmMailer /server/express/routes/resetPassword.js","statementMap":{"0":{"start":{"line":1,"column":13},"end":{"line":1,"column":43}},"1":{"start":{"line":2,"column":18},"end":{"line":2,"column":48}},"2":{"start":{"line":3,"column":19},"end":{"line":3,"column":40}},"3":{"start":{"line":4,"column":16},"end":{"line":4,"column":34}},"4":{"start":{"line":5,"column":14},"end":{"line":5,"column":30}},"5":{"start":{"line":6,"column":15},"end":{"line":6,"column":31}},"6":{"start":{"line":7,"column":17},"end":{"line":7,"column":36}},"7":{"start":{"line":8,"column":22},"end":{"line":8,"column":56}},"8":{"start":{"line":9,"column":15},"end":{"line":9,"column":48}},"9":{"start":{"line":10,"column":15},"end":{"line":10,"column":32}},"10":{"start":{"line":13,"column":0},"end":{"line":25,"column":4}},"11":{"start":{"line":14,"column":4},"end":{"line":24,"column":7}},"12":{"start":{"line":15,"column":8},"end":{"line":15,"column":34}},"13":{"start":{"line":15,"column":17},"end":{"line":15,"column":34}},"14":{"start":{"line":16,"column":8},"end":{"line":16,"column":77}},"15":{"start":{"line":16,"column":19},"end":{"line":16,"column":77}},"16":{"start":{"line":17,"column":8},"end":{"line":23,"column":11}},"17":{"start":{"line":18,"column":12},"end":{"line":22,"column":13}},"18":{"start":{"line":19,"column":16},"end":{"line":19,"column":40}},"19":{"start":{"line":21,"column":16},"end":{"line":21,"column":77}},"20":{"start":{"line":27,"column":0},"end":{"line":29,"column":3}},"21":{"start":{"line":28,"column":4},"end":{"line":28,"column":24}},"22":{"start":{"line":31,"column":0},"end":{"line":35,"column":3}},"23":{"start":{"line":32,"column":4},"end":{"line":34,"column":7}},"24":{"start":{"line":33,"column":8},"end":{"line":33,"column":24}},"25":{"start":{"line":37,"column":0},"end":{"line":102,"column":3}},"26":{"start":{"line":38,"column":4},"end":{"line":101,"column":7}},"27":{"start":{"line":40,"column":12},"end":{"line":43,"column":15}},"28":{"start":{"line":41,"column":28},"end":{"line":41,"column":47}},"29":{"start":{"line":42,"column":16},"end":{"line":42,"column":33}},"30":{"start":{"line":47,"column":12},"end":{"line":47,"column":29}},"31":{"start":{"line":48,"column":12},"end":{"line":61,"column":15}},"32":{"start":{"line":49,"column":16},"end":{"line":54,"column":17}},"33":{"start":{"line":51,"column":20},"end":{"line":51,"column":78}},"34":{"start":{"line":52,"column":20},"end":{"line":52,"column":122}},"35":{"start":{"line":56,"column":16},"end":{"line":56,"column":48}},"36":{"start":{"line":57,"column":16},"end":{"line":57,"column":81}},"37":{"start":{"line":58,"column":16},"end":{"line":60,"column":19}},"38":{"start":{"line":59,"column":20},"end":{"line":59,"column":43}},"39":{"start":{"line":68,"column":29},"end":{"line":68,"column":50}},"40":{"start":{"line":70,"column":30},"end":{"line":76,"column":14}},"41":{"start":{"line":78,"column":30},"end":{"line":87,"column":13}},"42":{"start":{"line":89,"column":12},"end":{"line":95,"column":15}},"43":{"start":{"line":90,"column":16},"end":{"line":94,"column":17}},"44":{"start":{"line":91,"column":20},"end":{"line":91,"column":49}},"45":{"start":{"line":93,"column":20},"end":{"line":93,"column":72}},"46":{"start":{"line":98,"column":8},"end":{"line":98,"column":34}},"47":{"start":{"line":98,"column":17},"end":{"line":98,"column":34}},"48":{"start":{"line":99,"column":8},"end":{"line":99,"column":32}},"49":{"start":{"line":100,"column":8},"end":{"line":100,"column":41}},"50":{"start":{"line":104,"column":0},"end":{"line":116,"column":3}},"51":{"start":{"line":105,"column":19},"end":{"line":105,"column":35}},"52":{"start":{"line":107,"column":4},"end":{"line":115,"column":7}},"53":{"start":{"line":108,"column":8},"end":{"line":111,"column":9}},"54":{"start":{"line":109,"column":12},"end":{"line":109,"column":75}},"55":{"start":{"line":110,"column":12},"end":{"line":110,"column":108}},"56":{"start":{"line":112,"column":8},"end":{"line":112,"column":61}},"57":{"start":{"line":113,"column":8},"end":{"line":113,"column":55}},"58":{"start":{"line":118,"column":0},"end":{"line":144,"column":3}},"59":{"start":{"line":119,"column":4},"end":{"line":143,"column":7}},"60":{"start":{"line":121,"column":12},"end":{"line":135,"column":15}},"61":{"start":{"line":122,"column":16},"end":{"line":125,"column":17}},"62":{"start":{"line":123,"column":20},"end":{"line":123,"column":83}},"63":{"start":{"line":124,"column":20},"end":{"line":124,"column":116}},"64":{"start":{"line":126,"column":16},"end":{"line":126,"column":50}},"65":{"start":{"line":127,"column":16},"end":{"line":127,"column":52}},"66":{"start":{"line":128,"column":16},"end":{"line":128,"column":54}},"67":{"start":{"line":130,"column":16},"end":{"line":134,"column":19}},"68":{"start":{"line":131,"column":20},"end":{"line":133,"column":23}},"69":{"start":{"line":132,"column":24},"end":{"line":132,"column":40}},"70":{"start":{"line":139,"column":8},"end":{"line":139,"column":34}},"71":{"start":{"line":139,"column":17},"end":{"line":139,"column":34}},"72":{"start":{"line":140,"column":8},"end":{"line":140,"column":52}},"73":{"start":{"line":141,"column":8},"end":{"line":141,"column":36}},"74":{"start":{"line":146,"column":0},"end":{"line":146,"column":24}}},"fnMap":{"0":{"name":"(anonymous_0)","decl":{"start":{"line":13,"column":31},"end":{"line":13,"column":32}},"loc":{"start":{"line":13,"column":63},"end":{"line":25,"column":1}},"line":13},"1":{"name":"(anonymous_1)","decl":{"start":{"line":14,"column":35},"end":{"line":14,"column":36}},"loc":{"start":{"line":14,"column":55},"end":{"line":24,"column":5}},"line":14},"2":{"name":"(anonymous_2)","decl":{"start":{"line":17,"column":39},"end":{"line":17,"column":40}},"loc":{"start":{"line":17,"column":62},"end":{"line":23,"column":9}},"line":17},"3":{"name":"(anonymous_3)","decl":{"start":{"line":27,"column":23},"end":{"line":27,"column":24}},"loc":{"start":{"line":27,"column":44},"end":{"line":29,"column":1}},"line":27},"4":{"name":"(anonymous_4)","decl":{"start":{"line":31,"column":25},"end":{"line":31,"column":26}},"loc":{"start":{"line":31,"column":44},"end":{"line":35,"column":1}},"line":31},"5":{"name":"(anonymous_5)","decl":{"start":{"line":32,"column":22},"end":{"line":32,"column":23}},"loc":{"start":{"line":32,"column":42},"end":{"line":34,"column":5}},"line":32},"6":{"name":"(anonymous_6)","decl":{"start":{"line":37,"column":29},"end":{"line":37,"column":30}},"loc":{"start":{"line":37,"column":54},"end":{"line":102,"column":1}},"line":37},"7":{"name":"(anonymous_7)","decl":{"start":{"line":39,"column":8},"end":{"line":39,"column":9}},"loc":{"start":{"line":39,"column":23},"end":{"line":44,"column":9}},"line":39},"8":{"name":"(anonymous_8)","decl":{"start":{"line":40,"column":35},"end":{"line":40,"column":36}},"loc":{"start":{"line":40,"column":54},"end":{"line":43,"column":13}},"line":40},"9":{"name":"(anonymous_9)","decl":{"start":{"line":46,"column":8},"end":{"line":46,"column":9}},"loc":{"start":{"line":46,"column":30},"end":{"line":62,"column":9}},"line":46},"10":{"name":"(anonymous_10)","decl":{"start":{"line":48,"column":54},"end":{"line":48,"column":55}},"loc":{"start":{"line":48,"column":74},"end":{"line":61,"column":13}},"line":48},"11":{"name":"(anonymous_11)","decl":{"start":{"line":58,"column":26},"end":{"line":58,"column":27}},"loc":{"start":{"line":58,"column":40},"end":{"line":60,"column":17}},"line":58},"12":{"name":"(anonymous_12)","decl":{"start":{"line":64,"column":8},"end":{"line":64,"column":9}},"loc":{"start":{"line":64,"column":36},"end":{"line":96,"column":9}},"line":64},"13":{"name":"(anonymous_13)","decl":{"start":{"line":89,"column":46},"end":{"line":89,"column":47}},"loc":{"start":{"line":89,"column":68},"end":{"line":95,"column":13}},"line":89},"14":{"name":"(anonymous_14)","decl":{"start":{"line":97,"column":7},"end":{"line":97,"column":8}},"loc":{"start":{"line":97,"column":21},"end":{"line":101,"column":5}},"line":97},"15":{"name":"(anonymous_15)","decl":{"start":{"line":104,"column":28},"end":{"line":104,"column":29}},"loc":{"start":{"line":104,"column":47},"end":{"line":116,"column":1}},"line":104},"16":{"name":"(anonymous_16)","decl":{"start":{"line":107,"column":102},"end":{"line":107,"column":103}},"loc":{"start":{"line":107,"column":122},"end":{"line":115,"column":5}},"line":107},"17":{"name":"(anonymous_17)","decl":{"start":{"line":118,"column":29},"end":{"line":118,"column":30}},"loc":{"start":{"line":118,"column":48},"end":{"line":144,"column":1}},"line":118},"18":{"name":"(anonymous_18)","decl":{"start":{"line":120,"column":8},"end":{"line":120,"column":9}},"loc":{"start":{"line":120,"column":23},"end":{"line":136,"column":9}},"line":120},"19":{"name":"(anonymous_19)","decl":{"start":{"line":121,"column":110},"end":{"line":121,"column":111}},"loc":{"start":{"line":121,"column":130},"end":{"line":135,"column":13}},"line":121},"20":{"name":"(anonymous_20)","decl":{"start":{"line":130,"column":26},"end":{"line":130,"column":27}},"loc":{"start":{"line":130,"column":40},"end":{"line":134,"column":17}},"line":130},"21":{"name":"(anonymous_21)","decl":{"start":{"line":131,"column":36},"end":{"line":131,"column":37}},"loc":{"start":{"line":131,"column":50},"end":{"line":133,"column":21}},"line":131},"22":{"name":"(anonymous_22)","decl":{"start":{"line":138,"column":7},"end":{"line":138,"column":8}},"loc":{"start":{"line":138,"column":21},"end":{"line":143,"column":5}},"line":138}},"branchMap":{"0":{"loc":{"start":{"line":15,"column":8},"end":{"line":15,"column":34}},"type":"if","locations":[{"start":{"line":15,"column":8},"end":{"line":15,"column":34}},{"start":{"line":15,"column":8},"end":{"line":15,"column":34}}],"line":15},"1":{"loc":{"start":{"line":16,"column":8},"end":{"line":16,"column":77}},"type":"if","locations":[{"start":{"line":16,"column":8},"end":{"line":16,"column":77}},{"start":{"line":16,"column":8},"end":{"line":16,"column":77}}],"line":16},"2":{"loc":{"start":{"line":18,"column":12},"end":{"line":22,"column":13}},"type":"if","locations":[{"start":{"line":18,"column":12},"end":{"line":22,"column":13}},{"start":{"line":18,"column":12},"end":{"line":22,"column":13}}],"line":18},"3":{"loc":{"start":{"line":49,"column":16},"end":{"line":54,"column":17}},"type":"if","locations":[{"start":{"line":49,"column":16},"end":{"line":54,"column":17}},{"start":{"line":49,"column":16},"end":{"line":54,"column":17}}],"line":49},"4":{"loc":{"start":{"line":90,"column":16},"end":{"line":94,"column":17}},"type":"if","locations":[{"start":{"line":90,"column":16},"end":{"line":94,"column":17}},{"start":{"line":90,"column":16},"end":{"line":94,"column":17}}],"line":90},"5":{"loc":{"start":{"line":98,"column":8},"end":{"line":98,"column":34}},"type":"if","locations":[{"start":{"line":98,"column":8},"end":{"line":98,"column":34}},{"start":{"line":98,"column":8},"end":{"line":98,"column":34}}],"line":98},"6":{"loc":{"start":{"line":108,"column":8},"end":{"line":111,"column":9}},"type":"if","locations":[{"start":{"line":108,"column":8},"end":{"line":111,"column":9}},{"start":{"line":108,"column":8},"end":{"line":111,"column":9}}],"line":108},"7":{"loc":{"start":{"line":122,"column":16},"end":{"line":125,"column":17}},"type":"if","locations":[{"start":{"line":122,"column":16},"end":{"line":125,"column":17}},{"start":{"line":122,"column":16},"end":{"line":125,"column":17}}],"line":122},"8":{"loc":{"start":{"line":139,"column":8},"end":{"line":139,"column":34}},"type":"if","locations":[{"start":{"line":139,"column":8},"end":{"line":139,"column":34}},{"start":{"line":139,"column":8},"end":{"line":139,"column":34}}],"line":139}},"s":{"0":1,"1":1,"2":1,"3":1,"4":1,"5":1,"6":1,"7":1,"8":1,"9":1,"10":1,"11":0,"12":0,"13":0,"14":0,"15":0,"16":0,"17":0,"18":0,"19":0,"20":1,"21":0,"22":1,"23":0,"24":0,"25":1,"26":1,"27":1,"28":1,"29":1,"30":1,"31":1,"32":1,"33":1,"34":1,"35":0,"36":0,"37":0,"38":0,"39":0,"40":0,"41":0,"42":0,"43":0,"44":0,"45":0,"46":0,"47":0,"48":0,"49":0,"50":1,"51":0,"52":0,"53":0,"54":0,"55":0,"56":0,"57":0,"58":1,"59":0,"60":0,"61":0,"62":0,"63":0,"64":0,"65":0,"66":0,"67":0,"68":0,"69":0,"70":0,"71":0,"72":0,"73":0,"74":1},"f":{"0":0,"1":0,"2":0,"3":0,"4":0,"5":0,"6":1,"7":1,"8":1,"9":1,"10":1,"11":0,"12":0,"13":0,"14":0,"15":0,"16":0,"17":0,"18":0,"19":0,"20":0,"21":0,"22":0},"b":{"0":[0,0],"1":[0,0],"2":[0,0],"3":[1,0],"4":[0,0],"5":[0,0],"6":[0,0],"7":[0,0],"8":[0,0]},"_coverageSchema":"332fd63041d2c1bcb487cc26dd0d5f7d97098a6c","hash":"e67ad526707d832cd9a4fc82006f8088a5d71c56","contentHash":"cc121e4e8f955891b490439da71e2b3a_11.2.1"},"/home/traning/Desktop/workspace/Personalized-Emailer/projectPmMailer /server/express/routes/logout.js":{"path":"/home/traning/Desktop/workspace/Personalized-Emailer/projectPmMailer /server/express/routes/logout.js","statementMap":{"0":{"start":{"line":1,"column":16},"end":{"line":1,"column":34}},"1":{"start":{"line":2,"column":15},"end":{"line":2,"column":31}},"2":{"start":{"line":3,"column":15},"end":{"line":3,"column":48}},"3":{"start":{"line":6,"column":4},"end":{"line":9,"column":7}},"4":{"start":{"line":7,"column":8},"end":{"line":7,"column":48}},"5":{"start":{"line":8,"column":8},"end":{"line":8,"column":46}},"6":{"start":{"line":11,"column":4},"end":{"line":11,"column":28}}},"fnMap":{"0":{"name":"(anonymous_0)","decl":{"start":{"line":6,"column":26},"end":{"line":6,"column":27}},"loc":{"start":{"line":6,"column":45},"end":{"line":9,"column":5}},"line":6}},"branchMap":{},"s":{"0":1,"1":1,"2":1,"3":1,"4":2,"5":2,"6":1},"f":{"0":2},"b":{},"_coverageSchema":"332fd63041d2c1bcb487cc26dd0d5f7d97098a6c","hash":"6d3642a482144791bf16ec2c79e9e5520bf687ae","contentHash":"c4ddcfb98a3aae571fbf4d5cf241bbf9_11.2.1"},"/home/traning/Desktop/workspace/Personalized-Emailer/projectPmMailer /server/express/routes/googleAuth.js":{"path":"/home/traning/Desktop/workspace/Personalized-Emailer/projectPmMailer /server/express/routes/googleAuth.js","statementMap":{"0":{"start":{"line":1,"column":22},"end":{"line":1,"column":55}},"1":{"start":{"line":2,"column":16},"end":{"line":2,"column":34}},"2":{"start":{"line":3,"column":15},"end":{"line":3,"column":31}},"3":{"start":{"line":4,"column":17},"end":{"line":4,"column":36}},"4":{"start":{"line":7,"column":0},"end":{"line":11,"column":2}},"5":{"start":{"line":13,"column":0},"end":{"line":18,"column":2}},"6":{"start":{"line":20,"column":0},"end":{"line":20,"column":24}}},"fnMap":{},"branchMap":{},"s":{"0":1,"1":1,"2":1,"3":1,"4":1,"5":1,"6":1},"f":{},"b":{},"_coverageSchema":"332fd63041d2c1bcb487cc26dd0d5f7d97098a6c","hash":"0742db527b79c03b347361a4ef667c9bafcc65ed","contentHash":"d1d8483812cfe39e4f873b323e26c157_11.2.1"},"/home/traning/Desktop/workspace/Personalized-Emailer/projectPmMailer /server/express/routes/facebookAuth.js":{"path":"/home/traning/Desktop/workspace/Personalized-Emailer/projectPmMailer /server/express/routes/facebookAuth.js","statementMap":{"0":{"start":{"line":1,"column":24},"end":{"line":1,"column":59}},"1":{"start":{"line":2,"column":16},"end":{"line":2,"column":34}},"2":{"start":{"line":3,"column":15},"end":{"line":3,"column":31}},"3":{"start":{"line":4,"column":17},"end":{"line":4,"column":36}},"4":{"start":{"line":8,"column":0},"end":{"line":10,"column":2}},"5":{"start":{"line":12,"column":0},"end":{"line":17,"column":2}},"6":{"start":{"line":18,"column":0},"end":{"line":21,"column":3}},"7":{"start":{"line":19,"column":3},"end":{"line":19,"column":21}},"8":{"start":{"line":20,"column":3},"end":{"line":20,"column":24}},"9":{"start":{"line":31,"column":0},"end":{"line":31,"column":24}}},"fnMap":{"0":{"name":"(anonymous_0)","decl":{"start":{"line":18,"column":23},"end":{"line":18,"column":24}},"loc":{"start":{"line":18,"column":44},"end":{"line":21,"column":1}},"line":18}},"branchMap":{},"s":{"0":1,"1":1,"2":1,"3":1,"4":1,"5":1,"6":1,"7":0,"8":0,"9":1},"f":{"0":0},"b":{},"_coverageSchema":"332fd63041d2c1bcb487cc26dd0d5f7d97098a6c","hash":"6dfa439c405178b34a6697a71e80d1d78b5a3963","contentHash":"26aa790a189be6f8b1a424306fe6fea4_11.2.1"},"/home/traning/Desktop/workspace/Personalized-Emailer/projectPmMailer /server/express/routes/update.js":{"path":"/home/traning/Desktop/workspace/Personalized-Emailer/projectPmMailer /server/express/routes/update.js","statementMap":{"0":{"start":{"line":1,"column":16},"end":{"line":1,"column":34}},"1":{"start":{"line":2,"column":12},"end":{"line":2,"column":21}},"2":{"start":{"line":3,"column":15},"end":{"line":3,"column":31}},"3":{"start":{"line":4,"column":17},"end":{"line":4,"column":36}},"4":{"start":{"line":5,"column":19},"end":{"line":5,"column":41}},"5":{"start":{"line":7,"column":13},"end":{"line":7,"column":43}},"6":{"start":{"line":8,"column":15},"end":{"line":8,"column":44}},"7":{"start":{"line":9,"column":18},"end":{"line":9,"column":48}},"8":{"start":{"line":10,"column":15},"end":{"line":10,"column":48}},"9":{"start":{"line":13,"column":0},"end":{"line":26,"column":3}},"10":{"start":{"line":14,"column":4},"end":{"line":25,"column":7}},"11":{"start":{"line":19,"column":8},"end":{"line":24,"column":9}},"12":{"start":{"line":20,"column":12},"end":{"line":20,"column":25}},"13":{"start":{"line":22,"column":12},"end":{"line":22,"column":28}},"14":{"start":{"line":23,"column":12},"end":{"line":23,"column":55}},"15":{"start":{"line":31,"column":0},"end":{"line":45,"column":3}},"16":{"start":{"line":32,"column":4},"end":{"line":44,"column":7}},"17":{"start":{"line":39,"column":8},"end":{"line":43,"column":9}},"18":{"start":{"line":40,"column":12},"end":{"line":40,"column":25}},"19":{"start":{"line":42,"column":12},"end":{"line":42,"column":28}},"20":{"start":{"line":50,"column":0},"end":{"line":63,"column":3}},"21":{"start":{"line":51,"column":4},"end":{"line":62,"column":6}},"22":{"start":{"line":55,"column":12},"end":{"line":60,"column":13}},"23":{"start":{"line":56,"column":16},"end":{"line":56,"column":29}},"24":{"start":{"line":58,"column":16},"end":{"line":58,"column":49}},"25":{"start":{"line":59,"column":16},"end":{"line":59,"column":64}},"26":{"start":{"line":67,"column":0},"end":{"line":92,"column":2}},"27":{"start":{"line":69,"column":4},"end":{"line":90,"column":6}},"28":{"start":{"line":70,"column":8},"end":{"line":89,"column":9}},"29":{"start":{"line":71,"column":12},"end":{"line":71,"column":87}},"30":{"start":{"line":73,"column":12},"end":{"line":88,"column":14}},"31":{"start":{"line":74,"column":16},"end":{"line":87,"column":17}},"32":{"start":{"line":75,"column":20},"end":{"line":75,"column":52}},"33":{"start":{"line":76,"column":20},"end":{"line":84,"column":22}},"34":{"start":{"line":77,"column":24},"end":{"line":83,"column":25}},"35":{"start":{"line":78,"column":28},"end":{"line":78,"column":69}},"36":{"start":{"line":79,"column":28},"end":{"line":79,"column":106}},"37":{"start":{"line":81,"column":28},"end":{"line":81,"column":75}},"38":{"start":{"line":82,"column":28},"end":{"line":82,"column":109}},"39":{"start":{"line":86,"column":20},"end":{"line":86,"column":90}},"40":{"start":{"line":94,"column":0},"end":{"line":111,"column":3}},"41":{"start":{"line":95,"column":4},"end":{"line":95,"column":22}},"42":{"start":{"line":96,"column":4},"end":{"line":110,"column":7}},"43":{"start":{"line":103,"column":8},"end":{"line":108,"column":9}},"44":{"start":{"line":104,"column":12},"end":{"line":104,"column":42}},"45":{"start":{"line":107,"column":12},"end":{"line":107,"column":27}},"46":{"start":{"line":113,"column":0},"end":{"line":113,"column":24}}},"fnMap":{"0":{"name":"(anonymous_0)","decl":{"start":{"line":13,"column":33},"end":{"line":13,"column":34}},"loc":{"start":{"line":13,"column":47},"end":{"line":26,"column":1}},"line":13},"1":{"name":"(anonymous_1)","decl":{"start":{"line":18,"column":7},"end":{"line":18,"column":8}},"loc":{"start":{"line":18,"column":24},"end":{"line":25,"column":5}},"line":18},"2":{"name":"(anonymous_2)","decl":{"start":{"line":31,"column":33},"end":{"line":31,"column":34}},"loc":{"start":{"line":31,"column":47},"end":{"line":45,"column":1}},"line":31},"3":{"name":"(anonymous_3)","decl":{"start":{"line":38,"column":7},"end":{"line":38,"column":8}},"loc":{"start":{"line":38,"column":24},"end":{"line":44,"column":5}},"line":38},"4":{"name":"(anonymous_4)","decl":{"start":{"line":50,"column":36},"end":{"line":50,"column":37}},"loc":{"start":{"line":50,"column":50},"end":{"line":63,"column":1}},"line":50},"5":{"name":"(anonymous_5)","decl":{"start":{"line":54,"column":8},"end":{"line":54,"column":9}},"loc":{"start":{"line":54,"column":23},"end":{"line":61,"column":9}},"line":54},"6":{"name":"(anonymous_6)","decl":{"start":{"line":67,"column":38},"end":{"line":67,"column":39}},"loc":{"start":{"line":67,"column":52},"end":{"line":92,"column":1}},"line":67},"7":{"name":"(anonymous_7)","decl":{"start":{"line":69,"column":46},"end":{"line":69,"column":47}},"loc":{"start":{"line":69,"column":66},"end":{"line":90,"column":5}},"line":69},"8":{"name":"(anonymous_8)","decl":{"start":{"line":73,"column":54},"end":{"line":73,"column":55}},"loc":{"start":{"line":73,"column":77},"end":{"line":88,"column":13}},"line":73},"9":{"name":"(anonymous_9)","decl":{"start":{"line":76,"column":30},"end":{"line":76,"column":31}},"loc":{"start":{"line":76,"column":39},"end":{"line":84,"column":21}},"line":76},"10":{"name":"(anonymous_10)","decl":{"start":{"line":94,"column":27},"end":{"line":94,"column":28}},"loc":{"start":{"line":94,"column":41},"end":{"line":111,"column":1}},"line":94},"11":{"name":"(anonymous_11)","decl":{"start":{"line":101,"column":7},"end":{"line":101,"column":8}},"loc":{"start":{"line":101,"column":22},"end":{"line":110,"column":5}},"line":101}},"branchMap":{"0":{"loc":{"start":{"line":19,"column":8},"end":{"line":24,"column":9}},"type":"if","locations":[{"start":{"line":19,"column":8},"end":{"line":24,"column":9}},{"start":{"line":19,"column":8},"end":{"line":24,"column":9}}],"line":19},"1":{"loc":{"start":{"line":39,"column":8},"end":{"line":43,"column":9}},"type":"if","locations":[{"start":{"line":39,"column":8},"end":{"line":43,"column":9}},{"start":{"line":39,"column":8},"end":{"line":43,"column":9}}],"line":39},"2":{"loc":{"start":{"line":55,"column":12},"end":{"line":60,"column":13}},"type":"if","locations":[{"start":{"line":55,"column":12},"end":{"line":60,"column":13}},{"start":{"line":55,"column":12},"end":{"line":60,"column":13}}],"line":55},"3":{"loc":{"start":{"line":70,"column":8},"end":{"line":89,"column":9}},"type":"if","locations":[{"start":{"line":70,"column":8},"end":{"line":89,"column":9}},{"start":{"line":70,"column":8},"end":{"line":89,"column":9}}],"line":70},"4":{"loc":{"start":{"line":74,"column":16},"end":{"line":87,"column":17}},"type":"if","locations":[{"start":{"line":74,"column":16},"end":{"line":87,"column":17}},{"start":{"line":74,"column":16},"end":{"line":87,"column":17}}],"line":74},"5":{"loc":{"start":{"line":74,"column":20},"end":{"line":74,"column":35}},"type":"binary-expr","locations":[{"start":{"line":74,"column":20},"end":{"line":74,"column":27}},{"start":{"line":74,"column":31},"end":{"line":74,"column":35}}],"line":74},"6":{"loc":{"start":{"line":77,"column":24},"end":{"line":83,"column":25}},"type":"if","locations":[{"start":{"line":77,"column":24},"end":{"line":83,"column":25}},{"start":{"line":77,"column":24},"end":{"line":83,"column":25}}],"line":77},"7":{"loc":{"start":{"line":103,"column":8},"end":{"line":108,"column":9}},"type":"if","locations":[{"start":{"line":103,"column":8},"end":{"line":108,"column":9}},{"start":{"line":103,"column":8},"end":{"line":108,"column":9}}],"line":103}},"s":{"0":1,"1":1,"2":1,"3":1,"4":1,"5":1,"6":1,"7":1,"8":1,"9":1,"10":1,"11":1,"12":0,"13":1,"14":1,"15":1,"16":3,"17":0,"18":0,"19":0,"20":1,"21":1,"22":1,"23":0,"24":1,"25":1,"26":1,"27":1,"28":1,"29":0,"30":1,"31":0,"32":0,"33":0,"34":0,"35":0,"36":0,"37":0,"38":0,"39":0,"40":1,"41":0,"42":0,"43":0,"44":0,"45":0,"46":1},"f":{"0":1,"1":1,"2":3,"3":0,"4":1,"5":1,"6":1,"7":1,"8":0,"9":0,"10":0,"11":0},"b":{"0":[0,1],"1":[0,0],"2":[0,1],"3":[0,1],"4":[0,0],"5":[0,0],"6":[0,0],"7":[0,0]},"_coverageSchema":"332fd63041d2c1bcb487cc26dd0d5f7d97098a6c","hash":"f5949413597738c2935f34d34e2e755406dbef72","contentHash":"548700c03a71d6e443b878bbf193ca1e_11.2.1"},"/home/traning/Desktop/workspace/Personalized-Emailer/projectPmMailer /server/express/routes/getData.js":{"path":"/home/traning/Desktop/workspace/Personalized-Emailer/projectPmMailer /server/express/routes/getData.js","statementMap":{"0":{"start":{"line":1,"column":13},"end":{"line":1,"column":43}},"1":{"start":{"line":2,"column":18},"end":{"line":2,"column":48}},"2":{"start":{"line":3,"column":19},"end":{"line":3,"column":40}},"3":{"start":{"line":4,"column":16},"end":{"line":4,"column":34}},"4":{"start":{"line":5,"column":14},"end":{"line":5,"column":30}},"5":{"start":{"line":6,"column":15},"end":{"line":6,"column":31}},"6":{"start":{"line":7,"column":17},"end":{"line":7,"column":36}},"7":{"start":{"line":8,"column":22},"end":{"line":8,"column":56}},"8":{"start":{"line":9,"column":15},"end":{"line":9,"column":48}},"9":{"start":{"line":10,"column":15},"end":{"line":10,"column":32}},"10":{"start":{"line":13,"column":0},"end":{"line":24,"column":2}},"11":{"start":{"line":15,"column":4},"end":{"line":23,"column":6}},"12":{"start":{"line":16,"column":8},"end":{"line":22,"column":9}},"13":{"start":{"line":17,"column":12},"end":{"line":17,"column":45}},"14":{"start":{"line":18,"column":12},"end":{"line":18,"column":67}},"15":{"start":{"line":20,"column":12},"end":{"line":20,"column":49}},"16":{"start":{"line":21,"column":12},"end":{"line":21,"column":27}},"17":{"start":{"line":26,"column":0},"end":{"line":26,"column":24}}},"fnMap":{"0":{"name":"(anonymous_0)","decl":{"start":{"line":13,"column":31},"end":{"line":13,"column":32}},"loc":{"start":{"line":13,"column":50},"end":{"line":24,"column":1}},"line":13},"1":{"name":"(anonymous_1)","decl":{"start":{"line":15,"column":46},"end":{"line":15,"column":47}},"loc":{"start":{"line":15,"column":61},"end":{"line":23,"column":5}},"line":15}},"branchMap":{"0":{"loc":{"start":{"line":16,"column":8},"end":{"line":22,"column":9}},"type":"if","locations":[{"start":{"line":16,"column":8},"end":{"line":22,"column":9}},{"start":{"line":16,"column":8},"end":{"line":22,"column":9}}],"line":16}},"s":{"0":1,"1":1,"2":1,"3":1,"4":1,"5":1,"6":1,"7":1,"8":1,"9":1,"10":1,"11":3,"12":3,"13":0,"14":0,"15":3,"16":3,"17":1},"f":{"0":3,"1":3},"b":{"0":[0,3]},"_coverageSchema":"332fd63041d2c1bcb487cc26dd0d5f7d97098a6c","hash":"53552b148e6d2b46d79dcaf4085b9d33e33e8459","contentHash":"8d3f23232b2eac71e488f6901ff9c7cf_11.2.1"},"/home/traning/Desktop/workspace/Personalized-Emailer/projectPmMailer /server/express/routes/preference.js":{"path":"/home/traning/Desktop/workspace/Personalized-Emailer/projectPmMailer /server/express/routes/preference.js","statementMap":{"0":{"start":{"line":1,"column":14},"end":{"line":1,"column":32}},"1":{"start":{"line":2,"column":11},"end":{"line":2,"column":41}},"2":{"start":{"line":3,"column":13},"end":{"line":3,"column":29}},"3":{"start":{"line":4,"column":13},"end":{"line":4,"column":46}},"4":{"start":{"line":6,"column":0},"end":{"line":29,"column":3}},"5":{"start":{"line":8,"column":14},"end":{"line":11,"column":5}},"6":{"start":{"line":12,"column":4},"end":{"line":28,"column":7}},"7":{"start":{"line":19,"column":8},"end":{"line":26,"column":9}},"8":{"start":{"line":20,"column":12},"end":{"line":20,"column":42}},"9":{"start":{"line":23,"column":12},"end":{"line":23,"column":55}},"10":{"start":{"line":24,"column":12},"end":{"line":24,"column":27}},"11":{"start":{"line":31,"column":0},"end":{"line":31,"column":24}}},"fnMap":{"0":{"name":"(anonymous_0)","decl":{"start":{"line":6,"column":33},"end":{"line":6,"column":34}},"loc":{"start":{"line":6,"column":47},"end":{"line":29,"column":1}},"line":6},"1":{"name":"(anonymous_1)","decl":{"start":{"line":17,"column":7},"end":{"line":17,"column":8}},"loc":{"start":{"line":17,"column":22},"end":{"line":28,"column":5}},"line":17}},"branchMap":{"0":{"loc":{"start":{"line":19,"column":8},"end":{"line":26,"column":9}},"type":"if","locations":[{"start":{"line":19,"column":8},"end":{"line":26,"column":9}},{"start":{"line":19,"column":8},"end":{"line":26,"column":9}}],"line":19}},"s":{"0":1,"1":1,"2":1,"3":1,"4":1,"5":0,"6":0,"7":0,"8":0,"9":0,"10":0,"11":1},"f":{"0":0,"1":0},"b":{"0":[0,0]},"_coverageSchema":"332fd63041d2c1bcb487cc26dd0d5f7d97098a6c","hash":"d789bc67cbeb097498d143cea36d10df64ad4a6f","contentHash":"53a08542f343c46f5a4df01f06fd5862_11.2.1"},"/home/traning/Desktop/workspace/Personalized-Emailer/projectPmMailer /server/express/routes/scrap.js":{"path":"/home/traning/Desktop/workspace/Personalized-Emailer/projectPmMailer /server/express/routes/scrap.js","statementMap":{"0":{"start":{"line":1,"column":14},"end":{"line":1,"column":32}},"1":{"start":{"line":2,"column":13},"end":{"line":2,"column":29}},"2":{"start":{"line":3,"column":15},"end":{"line":3,"column":34}},"3":{"start":{"line":4,"column":13},"end":{"line":4,"column":42}},"4":{"start":{"line":5,"column":14},"end":{"line":5,"column":72}},"5":{"start":{"line":6,"column":20},"end":{"line":6,"column":54}},"6":{"start":{"line":7,"column":17},"end":{"line":7,"column":43}},"7":{"start":{"line":8,"column":13},"end":{"line":8,"column":40}},"8":{"start":{"line":9,"column":14},"end":{"line":9,"column":32}},"9":{"start":{"line":10,"column":14},"end":{"line":10,"column":37}},"10":{"start":{"line":11,"column":14},"end":{"line":11,"column":32}},"11":{"start":{"line":12,"column":17},"end":{"line":12,"column":38}},"12":{"start":{"line":13,"column":16},"end":{"line":13,"column":47}},"13":{"start":{"line":14,"column":11},"end":{"line":14,"column":41}},"14":{"start":{"line":15,"column":16},"end":{"line":15,"column":46}},"15":{"start":{"line":16,"column":13},"end":{"line":16,"column":46}},"16":{"start":{"line":21,"column":0},"end":{"line":32,"column":2}},"17":{"start":{"line":22,"column":4},"end":{"line":30,"column":6}},"18":{"start":{"line":23,"column":8},"end":{"line":29,"column":9}},"19":{"start":{"line":24,"column":12},"end":{"line":24,"column":53}},"20":{"start":{"line":28,"column":12},"end":{"line":28,"column":26}},"21":{"start":{"line":34,"column":0},"end":{"line":46,"column":2}},"22":{"start":{"line":35,"column":4},"end":{"line":35,"column":22}},"23":{"start":{"line":36,"column":4},"end":{"line":44,"column":6}},"24":{"start":{"line":37,"column":8},"end":{"line":43,"column":9}},"25":{"start":{"line":38,"column":12},"end":{"line":38,"column":58}},"26":{"start":{"line":41,"column":12},"end":{"line":41,"column":26}},"27":{"start":{"line":49,"column":0},"end":{"line":62,"column":2}},"28":{"start":{"line":50,"column":4},"end":{"line":50,"column":22}},"29":{"start":{"line":51,"column":4},"end":{"line":60,"column":6}},"30":{"start":{"line":52,"column":8},"end":{"line":59,"column":9}},"31":{"start":{"line":53,"column":12},"end":{"line":53,"column":67}},"32":{"start":{"line":57,"column":12},"end":{"line":57,"column":26}},"33":{"start":{"line":64,"column":0},"end":{"line":76,"column":2}},"34":{"start":{"line":65,"column":4},"end":{"line":65,"column":22}},"35":{"start":{"line":66,"column":4},"end":{"line":74,"column":6}},"36":{"start":{"line":67,"column":8},"end":{"line":73,"column":9}},"37":{"start":{"line":68,"column":12},"end":{"line":68,"column":53}},"38":{"start":{"line":71,"column":12},"end":{"line":71,"column":26}},"39":{"start":{"line":81,"column":0},"end":{"line":111,"column":3}},"40":{"start":{"line":82,"column":15},"end":{"line":82,"column":28}},"41":{"start":{"line":83,"column":4},"end":{"line":83,"column":53}},"42":{"start":{"line":84,"column":4},"end":{"line":110,"column":6}},"43":{"start":{"line":85,"column":8},"end":{"line":109,"column":9}},"44":{"start":{"line":86,"column":20},"end":{"line":86,"column":38}},"45":{"start":{"line":87,"column":24},"end":{"line":87,"column":26}},"46":{"start":{"line":88,"column":12},"end":{"line":105,"column":15}},"47":{"start":{"line":89,"column":28},"end":{"line":89,"column":70}},"48":{"start":{"line":90,"column":28},"end":{"line":90,"column":72}},"49":{"start":{"line":91,"column":29},"end":{"line":91,"column":73}},"50":{"start":{"line":92,"column":28},"end":{"line":92,"column":74}},"51":{"start":{"line":93,"column":29},"end":{"line":93,"column":76}},"52":{"start":{"line":94,"column":30},"end":{"line":94,"column":71}},"53":{"start":{"line":95,"column":32},"end":{"line":103,"column":17}},"54":{"start":{"line":104,"column":16},"end":{"line":104,"column":38}},"55":{"start":{"line":108,"column":12},"end":{"line":108,"column":38}},"56":{"start":{"line":115,"column":4},"end":{"line":119,"column":5}},"57":{"start":{"line":116,"column":8},"end":{"line":116,"column":28}},"58":{"start":{"line":117,"column":8},"end":{"line":117,"column":28}},"59":{"start":{"line":122,"column":8},"end":{"line":146,"column":10}},"60":{"start":{"line":123,"column":12},"end":{"line":145,"column":13}},"61":{"start":{"line":124,"column":24},"end":{"line":124,"column":42}},"62":{"start":{"line":127,"column":16},"end":{"line":144,"column":18}},"63":{"start":{"line":128,"column":31},"end":{"line":128,"column":59}},"64":{"start":{"line":129,"column":36},"end":{"line":129,"column":38}},"65":{"start":{"line":130,"column":20},"end":{"line":130,"column":42}},"66":{"start":{"line":131,"column":20},"end":{"line":131,"column":42}},"67":{"start":{"line":132,"column":20},"end":{"line":132,"column":38}},"68":{"start":{"line":133,"column":20},"end":{"line":133,"column":50}},"69":{"start":{"line":134,"column":20},"end":{"line":134,"column":54}},"70":{"start":{"line":135,"column":20},"end":{"line":135,"column":56}},"71":{"start":{"line":136,"column":20},"end":{"line":136,"column":58}},"72":{"start":{"line":137,"column":20},"end":{"line":143,"column":23}},"73":{"start":{"line":138,"column":24},"end":{"line":142,"column":25}},"74":{"start":{"line":139,"column":28},"end":{"line":139,"column":53}},"75":{"start":{"line":140,"column":31},"end":{"line":142,"column":25}},"76":{"start":{"line":153,"column":19},"end":{"line":153,"column":21}},"77":{"start":{"line":154,"column":4},"end":{"line":185,"column":6}},"78":{"start":{"line":155,"column":8},"end":{"line":184,"column":9}},"79":{"start":{"line":156,"column":20},"end":{"line":156,"column":38}},"80":{"start":{"line":157,"column":24},"end":{"line":157,"column":26}},"81":{"start":{"line":158,"column":12},"end":{"line":182,"column":15}},"82":{"start":{"line":159,"column":32},"end":{"line":159,"column":77}},"83":{"start":{"line":160,"column":36},"end":{"line":160,"column":75}},"84":{"start":{"line":161,"column":32},"end":{"line":161,"column":80}},"85":{"start":{"line":163,"column":16},"end":{"line":163,"column":42}},"86":{"start":{"line":164,"column":16},"end":{"line":164,"column":50}},"87":{"start":{"line":165,"column":16},"end":{"line":165,"column":42}},"88":{"start":{"line":166,"column":16},"end":{"line":166,"column":34}},"89":{"start":{"line":167,"column":16},"end":{"line":167,"column":34}},"90":{"start":{"line":168,"column":16},"end":{"line":168,"column":45}},"91":{"start":{"line":169,"column":16},"end":{"line":169,"column":49}},"92":{"start":{"line":170,"column":16},"end":{"line":170,"column":51}},"93":{"start":{"line":172,"column":33},"end":{"line":172,"column":56}},"94":{"start":{"line":173,"column":16},"end":{"line":181,"column":18}},"95":{"start":{"line":174,"column":20},"end":{"line":179,"column":21}},"96":{"start":{"line":175,"column":24},"end":{"line":175,"column":68}},"97":{"start":{"line":177,"column":27},"end":{"line":179,"column":21}},"98":{"start":{"line":190,"column":23},"end":{"line":190,"column":25}},"99":{"start":{"line":191,"column":4},"end":{"line":223,"column":6}},"100":{"start":{"line":192,"column":8},"end":{"line":222,"column":9}},"101":{"start":{"line":193,"column":20},"end":{"line":193,"column":38}},"102":{"start":{"line":194,"column":27},"end":{"line":194,"column":29}},"103":{"start":{"line":195,"column":12},"end":{"line":221,"column":15}},"104":{"start":{"line":196,"column":35},"end":{"line":196,"column":80}},"105":{"start":{"line":197,"column":39},"end":{"line":197,"column":78}},"106":{"start":{"line":198,"column":35},"end":{"line":198,"column":83}},"107":{"start":{"line":201,"column":16},"end":{"line":201,"column":49}},"108":{"start":{"line":202,"column":16},"end":{"line":202,"column":57}},"109":{"start":{"line":203,"column":16},"end":{"line":203,"column":49}},"110":{"start":{"line":204,"column":16},"end":{"line":204,"column":34}},"111":{"start":{"line":205,"column":16},"end":{"line":205,"column":49}},"112":{"start":{"line":206,"column":16},"end":{"line":206,"column":53}},"113":{"start":{"line":207,"column":16},"end":{"line":207,"column":55}},"114":{"start":{"line":209,"column":37},"end":{"line":209,"column":68}},"115":{"start":{"line":210,"column":16},"end":{"line":219,"column":18}},"116":{"start":{"line":211,"column":20},"end":{"line":217,"column":21}},"117":{"start":{"line":212,"column":24},"end":{"line":212,"column":69}},"118":{"start":{"line":214,"column":27},"end":{"line":217,"column":21}},"119":{"start":{"line":215,"column":24},"end":{"line":215,"column":76}},"120":{"start":{"line":227,"column":19},"end":{"line":294,"column":2}},"121":{"start":{"line":233,"column":8},"end":{"line":289,"column":10}},"122":{"start":{"line":234,"column":12},"end":{"line":288,"column":13}},"123":{"start":{"line":235,"column":16},"end":{"line":235,"column":89}},"124":{"start":{"line":237,"column":16},"end":{"line":286,"column":17}},"125":{"start":{"line":238,"column":20},"end":{"line":282,"column":21}},"126":{"start":{"line":239,"column":24},"end":{"line":281,"column":25}},"127":{"start":{"line":241,"column":39},"end":{"line":241,"column":73}},"128":{"start":{"line":242,"column":28},"end":{"line":250,"column":30}},"129":{"start":{"line":243,"column":32},"end":{"line":249,"column":33}},"130":{"start":{"line":244,"column":36},"end":{"line":244,"column":72}},"131":{"start":{"line":246,"column":48},"end":{"line":246,"column":78}},"132":{"start":{"line":246,"column":69},"end":{"line":246,"column":77}},"133":{"start":{"line":248,"column":36},"end":{"line":248,"column":67}},"134":{"start":{"line":253,"column":31},"end":{"line":281,"column":25}},"135":{"start":{"line":255,"column":39},"end":{"line":255,"column":72}},"136":{"start":{"line":256,"column":28},"end":{"line":264,"column":30}},"137":{"start":{"line":257,"column":32},"end":{"line":263,"column":33}},"138":{"start":{"line":259,"column":36},"end":{"line":259,"column":58}},"139":{"start":{"line":261,"column":47},"end":{"line":261,"column":76}},"140":{"start":{"line":261,"column":67},"end":{"line":261,"column":75}},"141":{"start":{"line":262,"column":36},"end":{"line":262,"column":66}},"142":{"start":{"line":267,"column":31},"end":{"line":281,"column":25}},"143":{"start":{"line":269,"column":39},"end":{"line":269,"column":76}},"144":{"start":{"line":270,"column":28},"end":{"line":278,"column":30}},"145":{"start":{"line":271,"column":32},"end":{"line":277,"column":33}},"146":{"start":{"line":272,"column":36},"end":{"line":272,"column":89}},"147":{"start":{"line":274,"column":51},"end":{"line":274,"column":84}},"148":{"start":{"line":274,"column":75},"end":{"line":274,"column":83}},"149":{"start":{"line":276,"column":36},"end":{"line":276,"column":70}},"150":{"start":{"line":295,"column":0},"end":{"line":295,"column":21}},"151":{"start":{"line":298,"column":20},"end":{"line":361,"column":2}},"152":{"start":{"line":302,"column":8},"end":{"line":356,"column":10}},"153":{"start":{"line":303,"column":12},"end":{"line":355,"column":13}},"154":{"start":{"line":304,"column":16},"end":{"line":304,"column":89}},"155":{"start":{"line":306,"column":16},"end":{"line":353,"column":17}},"156":{"start":{"line":307,"column":20},"end":{"line":350,"column":21}},"157":{"start":{"line":308,"column":24},"end":{"line":348,"column":25}},"158":{"start":{"line":310,"column":39},"end":{"line":310,"column":73}},"159":{"start":{"line":311,"column":28},"end":{"line":318,"column":30}},"160":{"start":{"line":312,"column":32},"end":{"line":317,"column":33}},"161":{"start":{"line":313,"column":36},"end":{"line":313,"column":71}},"162":{"start":{"line":315,"column":48},"end":{"line":315,"column":78}},"163":{"start":{"line":315,"column":69},"end":{"line":315,"column":77}},"164":{"start":{"line":316,"column":36},"end":{"line":316,"column":67}},"165":{"start":{"line":321,"column":31},"end":{"line":348,"column":25}},"166":{"start":{"line":323,"column":39},"end":{"line":323,"column":72}},"167":{"start":{"line":324,"column":28},"end":{"line":331,"column":30}},"168":{"start":{"line":325,"column":32},"end":{"line":330,"column":33}},"169":{"start":{"line":326,"column":36},"end":{"line":326,"column":91}},"170":{"start":{"line":328,"column":47},"end":{"line":328,"column":76}},"171":{"start":{"line":328,"column":67},"end":{"line":328,"column":75}},"172":{"start":{"line":329,"column":36},"end":{"line":329,"column":66}},"173":{"start":{"line":334,"column":31},"end":{"line":348,"column":25}},"174":{"start":{"line":336,"column":39},"end":{"line":336,"column":76}},"175":{"start":{"line":337,"column":28},"end":{"line":345,"column":30}},"176":{"start":{"line":338,"column":32},"end":{"line":344,"column":33}},"177":{"start":{"line":339,"column":36},"end":{"line":339,"column":56}},"178":{"start":{"line":341,"column":51},"end":{"line":341,"column":84}},"179":{"start":{"line":341,"column":75},"end":{"line":341,"column":83}},"180":{"start":{"line":343,"column":36},"end":{"line":343,"column":70}},"181":{"start":{"line":362,"column":0},"end":{"line":362,"column":22}},"182":{"start":{"line":365,"column":21},"end":{"line":428,"column":2}},"183":{"start":{"line":369,"column":8},"end":{"line":423,"column":10}},"184":{"start":{"line":370,"column":12},"end":{"line":422,"column":13}},"185":{"start":{"line":371,"column":16},"end":{"line":371,"column":89}},"186":{"start":{"line":373,"column":16},"end":{"line":421,"column":17}},"187":{"start":{"line":374,"column":20},"end":{"line":417,"column":21}},"188":{"start":{"line":375,"column":24},"end":{"line":415,"column":25}},"189":{"start":{"line":377,"column":39},"end":{"line":377,"column":73}},"190":{"start":{"line":378,"column":28},"end":{"line":385,"column":30}},"191":{"start":{"line":379,"column":32},"end":{"line":384,"column":33}},"192":{"start":{"line":380,"column":36},"end":{"line":380,"column":71}},"193":{"start":{"line":382,"column":48},"end":{"line":382,"column":78}},"194":{"start":{"line":382,"column":69},"end":{"line":382,"column":77}},"195":{"start":{"line":383,"column":36},"end":{"line":383,"column":67}},"196":{"start":{"line":388,"column":31},"end":{"line":415,"column":25}},"197":{"start":{"line":390,"column":39},"end":{"line":390,"column":72}},"198":{"start":{"line":391,"column":28},"end":{"line":398,"column":30}},"199":{"start":{"line":392,"column":32},"end":{"line":397,"column":33}},"200":{"start":{"line":393,"column":36},"end":{"line":393,"column":56}},"201":{"start":{"line":395,"column":47},"end":{"line":395,"column":76}},"202":{"start":{"line":395,"column":67},"end":{"line":395,"column":75}},"203":{"start":{"line":396,"column":36},"end":{"line":396,"column":66}},"204":{"start":{"line":401,"column":31},"end":{"line":415,"column":25}},"205":{"start":{"line":403,"column":39},"end":{"line":403,"column":76}},"206":{"start":{"line":404,"column":28},"end":{"line":412,"column":30}},"207":{"start":{"line":405,"column":32},"end":{"line":411,"column":33}},"208":{"start":{"line":406,"column":36},"end":{"line":406,"column":56}},"209":{"start":{"line":408,"column":51},"end":{"line":408,"column":84}},"210":{"start":{"line":408,"column":75},"end":{"line":408,"column":83}},"211":{"start":{"line":410,"column":36},"end":{"line":410,"column":70}},"212":{"start":{"line":429,"column":0},"end":{"line":429,"column":23}},"213":{"start":{"line":433,"column":22},"end":{"line":439,"column":6}},"214":{"start":{"line":441,"column":22},"end":{"line":449,"column":5}},"215":{"start":{"line":451,"column":4},"end":{"line":459,"column":7}},"216":{"start":{"line":452,"column":8},"end":{"line":458,"column":9}},"217":{"start":{"line":453,"column":12},"end":{"line":453,"column":44}},"218":{"start":{"line":456,"column":12},"end":{"line":456,"column":64}},"219":{"start":{"line":463,"column":10},"end":{"line":483,"column":2}},"220":{"start":{"line":467,"column":8},"end":{"line":477,"column":10}},"221":{"start":{"line":468,"column":12},"end":{"line":476,"column":13}},"222":{"start":{"line":469,"column":16},"end":{"line":469,"column":37}},"223":{"start":{"line":471,"column":16},"end":{"line":471,"column":45}},"224":{"start":{"line":472,"column":16},"end":{"line":472,"column":32}},"225":{"start":{"line":473,"column":16},"end":{"line":473,"column":28}},"226":{"start":{"line":474,"column":16},"end":{"line":474,"column":31}},"227":{"start":{"line":484,"column":0},"end":{"line":484,"column":12}},"228":{"start":{"line":487,"column":0},"end":{"line":487,"column":24}}},"fnMap":{"0":{"name":"(anonymous_0)","decl":{"start":{"line":21,"column":23},"end":{"line":21,"column":24}},"loc":{"start":{"line":21,"column":48},"end":{"line":32,"column":1}},"line":21},"1":{"name":"(anonymous_1)","decl":{"start":{"line":22,"column":16},"end":{"line":22,"column":17}},"loc":{"start":{"line":22,"column":31},"end":{"line":30,"column":5}},"line":22},"2":{"name":"(anonymous_2)","decl":{"start":{"line":34,"column":20},"end":{"line":34,"column":21}},"loc":{"start":{"line":34,"column":45},"end":{"line":46,"column":1}},"line":34},"3":{"name":"(anonymous_3)","decl":{"start":{"line":36,"column":93},"end":{"line":36,"column":94}},"loc":{"start":{"line":36,"column":108},"end":{"line":44,"column":5}},"line":36},"4":{"name":"(anonymous_4)","decl":{"start":{"line":49,"column":24},"end":{"line":49,"column":25}},"loc":{"start":{"line":49,"column":49},"end":{"line":62,"column":1}},"line":49},"5":{"name":"(anonymous_5)","decl":{"start":{"line":51,"column":115},"end":{"line":51,"column":116}},"loc":{"start":{"line":51,"column":130},"end":{"line":60,"column":5}},"line":51},"6":{"name":"(anonymous_6)","decl":{"start":{"line":64,"column":24},"end":{"line":64,"column":25}},"loc":{"start":{"line":64,"column":49},"end":{"line":76,"column":1}},"line":64},"7":{"name":"(anonymous_7)","decl":{"start":{"line":66,"column":97},"end":{"line":66,"column":98}},"loc":{"start":{"line":66,"column":112},"end":{"line":74,"column":5}},"line":66},"8":{"name":"(anonymous_8)","decl":{"start":{"line":81,"column":22},"end":{"line":81,"column":23}},"loc":{"start":{"line":81,"column":47},"end":{"line":111,"column":1}},"line":81},"9":{"name":"(anonymous_9)","decl":{"start":{"line":84,"column":45},"end":{"line":84,"column":46}},"loc":{"start":{"line":84,"column":77},"end":{"line":110,"column":5}},"line":84},"10":{"name":"(anonymous_10)","decl":{"start":{"line":88,"column":38},"end":{"line":88,"column":39}},"loc":{"start":{"line":88,"column":59},"end":{"line":105,"column":13}},"line":88},"11":{"name":"getnasdaq","decl":{"start":{"line":114,"column":9},"end":{"line":114,"column":18}},"loc":{"start":{"line":114,"column":25},"end":{"line":148,"column":1}},"line":114},"12":{"name":"liststockdata","decl":{"start":{"line":121,"column":13},"end":{"line":121,"column":26}},"loc":{"start":{"line":121,"column":33},"end":{"line":147,"column":5}},"line":121},"13":{"name":"(anonymous_13)","decl":{"start":{"line":122,"column":49},"end":{"line":122,"column":50}},"loc":{"start":{"line":122,"column":81},"end":{"line":146,"column":9}},"line":122},"14":{"name":"(anonymous_14)","decl":{"start":{"line":127,"column":58},"end":{"line":127,"column":59}},"loc":{"start":{"line":127,"column":79},"end":{"line":144,"column":17}},"line":127},"15":{"name":"(anonymous_15)","decl":{"start":{"line":137,"column":35},"end":{"line":137,"column":36}},"loc":{"start":{"line":137,"column":50},"end":{"line":143,"column":21}},"line":137},"16":{"name":"fundsnews","decl":{"start":{"line":151,"column":9},"end":{"line":151,"column":18}},"loc":{"start":{"line":151,"column":21},"end":{"line":186,"column":1}},"line":151},"17":{"name":"(anonymous_17)","decl":{"start":{"line":154,"column":58},"end":{"line":154,"column":59}},"loc":{"start":{"line":154,"column":90},"end":{"line":185,"column":5}},"line":154},"18":{"name":"(anonymous_18)","decl":{"start":{"line":158,"column":33},"end":{"line":158,"column":34}},"loc":{"start":{"line":158,"column":54},"end":{"line":182,"column":13}},"line":158},"19":{"name":"(anonymous_19)","decl":{"start":{"line":173,"column":32},"end":{"line":173,"column":33}},"loc":{"start":{"line":173,"column":47},"end":{"line":181,"column":17}},"line":173},"20":{"name":"currencynews","decl":{"start":{"line":189,"column":9},"end":{"line":189,"column":21}},"loc":{"start":{"line":189,"column":24},"end":{"line":224,"column":1}},"line":189},"21":{"name":"(anonymous_21)","decl":{"start":{"line":191,"column":63},"end":{"line":191,"column":64}},"loc":{"start":{"line":191,"column":95},"end":{"line":223,"column":5}},"line":191},"22":{"name":"(anonymous_22)","decl":{"start":{"line":195,"column":33},"end":{"line":195,"column":34}},"loc":{"start":{"line":195,"column":54},"end":{"line":221,"column":13}},"line":195},"23":{"name":"(anonymous_23)","decl":{"start":{"line":210,"column":36},"end":{"line":210,"column":37}},"loc":{"start":{"line":210,"column":51},"end":{"line":219,"column":17}},"line":210},"24":{"name":"(anonymous_24)","decl":{"start":{"line":231,"column":12},"end":{"line":231,"column":13}},"loc":{"start":{"line":231,"column":31},"end":{"line":290,"column":5}},"line":231},"25":{"name":"(anonymous_25)","decl":{"start":{"line":233,"column":18},"end":{"line":233,"column":19}},"loc":{"start":{"line":233,"column":33},"end":{"line":289,"column":9}},"line":233},"26":{"name":"(anonymous_26)","decl":{"start":{"line":242,"column":38},"end":{"line":242,"column":39}},"loc":{"start":{"line":242,"column":63},"end":{"line":250,"column":29}},"line":242},"27":{"name":"(anonymous_27)","decl":{"start":{"line":246,"column":62},"end":{"line":246,"column":63}},"loc":{"start":{"line":246,"column":69},"end":{"line":246,"column":77}},"line":246},"28":{"name":"(anonymous_28)","decl":{"start":{"line":256,"column":38},"end":{"line":256,"column":39}},"loc":{"start":{"line":256,"column":62},"end":{"line":264,"column":29}},"line":256},"29":{"name":"(anonymous_29)","decl":{"start":{"line":261,"column":60},"end":{"line":261,"column":61}},"loc":{"start":{"line":261,"column":67},"end":{"line":261,"column":75}},"line":261},"30":{"name":"(anonymous_30)","decl":{"start":{"line":270,"column":38},"end":{"line":270,"column":39}},"loc":{"start":{"line":270,"column":66},"end":{"line":278,"column":29}},"line":270},"31":{"name":"(anonymous_31)","decl":{"start":{"line":274,"column":68},"end":{"line":274,"column":69}},"loc":{"start":{"line":274,"column":75},"end":{"line":274,"column":83}},"line":274},"32":{"name":"(anonymous_32)","decl":{"start":{"line":301,"column":12},"end":{"line":301,"column":13}},"loc":{"start":{"line":301,"column":31},"end":{"line":357,"column":5}},"line":301},"33":{"name":"(anonymous_33)","decl":{"start":{"line":302,"column":18},"end":{"line":302,"column":19}},"loc":{"start":{"
[...]
55,"column":48}},"type":"binary-expr","locations":[{"start":{"line":155,"column":12},"end":{"line":155,"column":18}},{"start":{"line":155,"column":22},"end":{"line":155,"column":48}}],"line":155},"12":{"loc":{"start":{"line":174,"column":20},"end":{"line":179,"column":21}},"type":"if","locations":[{"start":{"line":174,"column":20},"end":{"line":179,"column":21}},{"start":{"line":174,"column":20},"end":{"line":179,"column":21}}],"line":174},"13":{"loc":{"start":{"line":177,"column":27},"end":{"line":179,"column":21}},"type":"if","locations":[{"start":{"line":177,"column":27},"end":{"line":179,"column":21}},{"start":{"line":177,"column":27},"end":{"line":179,"column":21}}],"line":177},"14":{"loc":{"start":{"line":192,"column":8},"end":{"line":222,"column":9}},"type":"if","locations":[{"start":{"line":192,"column":8},"end":{"line":222,"column":9}},{"start":{"line":192,"column":8},"end":{"line":222,"column":9}}],"line":192},"15":{"loc":{"start":{"line":192,"column":12},"end":{"line":192,"column":48}},"type":"binary-expr","locations":[{"start":{"line":192,"column":12},"end":{"line":192,"column":18}},{"start":{"line":192,"column":22},"end":{"line":192,"column":48}}],"line":192},"16":{"loc":{"start":{"line":211,"column":20},"end":{"line":217,"column":21}},"type":"if","locations":[{"start":{"line":211,"column":20},"end":{"line":217,"column":21}},{"start":{"line":211,"column":20},"end":{"line":217,"column":21}}],"line":211},"17":{"loc":{"start":{"line":214,"column":27},"end":{"line":217,"column":21}},"type":"if","locations":[{"start":{"line":214,"column":27},"end":{"line":217,"column":21}},{"start":{"line":214,"column":27},"end":{"line":217,"column":21}}],"line":214},"18":{"loc":{"start":{"line":234,"column":12},"end":{"line":288,"column":13}},"type":"if","locations":[{"start":{"line":234,"column":12},"end":{"line":288,"column":13}},{"start":{"line":234,"column":12},"end":{"line":288,"column":13}}],"line":234},"19":{"loc":{"start":{"line":238,"column":20},"end":{"line":282,"column":21}},"type":"if","locations":[{"start":{"line":238,"column":20},"end":{"line":282,"column":21}},{"start":{"line":238,"column":20},"end":{"line":282,"column":21}}],"line":238},"20":{"loc":{"start":{"line":239,"column":24},"end":{"line":281,"column":25}},"type":"if","locations":[{"start":{"line":239,"column":24},"end":{"line":281,"column":25}},{"start":{"line":239,"column":24},"end":{"line":281,"column":25}}],"line":239},"21":{"loc":{"start":{"line":243,"column":32},"end":{"line":249,"column":33}},"type":"if","locations":[{"start":{"line":243,"column":32},"end":{"line":249,"column":33}},{"start":{"line":243,"column":32},"end":{"line":249,"column":33}}],"line":243},"22":{"loc":{"start":{"line":253,"column":31},"end":{"line":281,"column":25}},"type":"if","locations":[{"start":{"line":253,"column":31},"end":{"line":281,"column":25}},{"start":{"line":253,"column":31},"end":{"line":281,"column":25}}],"line":253},"23":{"loc":{"start":{"line":257,"column":32},"end":{"line":263,"column":33}},"type":"if","locations":[{"start":{"line":257,"column":32},"end":{"line":263,"column":33}},{"start":{"line":257,"column":32},"end":{"line":263,"column":33}}],"line":257},"24":{"loc":{"start":{"line":267,"column":31},"end":{"line":281,"column":25}},"type":"if","locations":[{"start":{"line":267,"column":31},"end":{"line":281,"column":25}},{"start":{"line":267,"column":31},"end":{"line":281,"column":25}}],"line":267},"25":{"loc":{"start":{"line":271,"column":32},"end":{"line":277,"column":33}},"type":"if","locations":[{"start":{"line":271,"column":32},"end":{"line":277,"column":33}},{"start":{"line":271,"column":32},"end":{"line":277,"column":33}}],"line":271},"26":{"loc":{"start":{"line":303,"column":12},"end":{"line":355,"column":13}},"type":"if","locations":[{"start":{"line":303,"column":12},"end":{"line":355,"column":13}},{"start":{"line":303,"column":12},"end":{"line":355,"column":13}}],"line":303},"27":{"loc":{"start":{"line":307,"column":20},"end":{"line":350,"column":21}},"type":"if","locations":[{"start":{"line":307,"column":20},"end":{"line":350,"column":21}},{"start":{"line":307,"column":20},"end":{"line":350,"column":21}}],"line":307},"28":{"loc":{"start":{"line":308,"column":24},"end":{"line":348,"column":25}},"type":"if","locations":[{"start":{"line":308,"column":24},"end":{"line":348,"column":25}},{"start":{"line":308,"column":24},"end":{"line":348,"column":25}}],"line":308},"29":{"loc":{"start":{"line":312,"column":32},"end":{"line":317,"column":33}},"type":"if","locations":[{"start":{"line":312,"column":32},"end":{"line":317,"column":33}},{"start":{"line":312,"column":32},"end":{"line":317,"column":33}}],"line":312},"30":{"loc":{"start":{"line":321,"column":31},"end":{"line":348,"column":25}},"type":"if","locations":[{"start":{"line":321,"column":31},"end":{"line":348,"column":25}},{"start":{"line":321,"column":31},"end":{"line":348,"column":25}}],"line":321},"31":{"loc":{"start":{"line":325,"column":32},"end":{"line":330,"column":33}},"type":"if","locations":[{"start":{"line":325,"column":32},"end":{"line":330,"column":33}},{"start":{"line":325,"column":32},"end":{"line":330,"column":33}}],"line":325},"32":{"loc":{"start":{"line":334,"column":31},"end":{"line":348,"column":25}},"type":"if","locations":[{"start":{"line":334,"column":31},"end":{"line":348,"column":25}},{"start":{"line":334,"column":31},"end":{"line":348,"column":25}}],"line":334},"33":{"loc":{"start":{"line":338,"column":32},"end":{"line":344,"column":33}},"type":"if","locations":[{"start":{"line":338,"column":32},"end":{"line":344,"column":33}},{"start":{"line":338,"column":32},"end":{"line":344,"column":33}}],"line":338},"34":{"loc":{"start":{"line":370,"column":12},"end":{"line":422,"column":13}},"type":"if","locations":[{"start":{"line":370,"column":12},"end":{"line":422,"column":13}},{"start":{"line":370,"column":12},"end":{"line":422,"column":13}}],"line":370},"35":{"loc":{"start":{"line":374,"column":20},"end":{"line":417,"column":21}},"type":"if","locations":[{"start":{"line":374,"column":20},"end":{"line":417,"column":21}},{"start":{"line":374,"column":20},"end":{"line":417,"column":21}}],"line":374},"36":{"loc":{"start":{"line":375,"column":24},"end":{"line":415,"column":25}},"type":"if","locations":[{"start":{"line":375,"column":24},"end":{"line":415,"column":25}},{"start":{"line":375,"column":24},"end":{"line":415,"column":25}}],"line":375},"37":{"loc":{"start":{"line":379,"column":32},"end":{"line":384,"column":33}},"type":"if","locations":[{"start":{"line":379,"column":32},"end":{"line":384,"column":33}},{"start":{"line":379,"column":32},"end":{"line":384,"column":33}}],"line":379},"38":{"loc":{"start":{"line":388,"column":31},"end":{"line":415,"column":25}},"type":"if","locations":[{"start":{"line":388,"column":31},"end":{"line":415,"column":25}},{"start":{"line":388,"column":31},"end":{"line":415,"column":25}}],"line":388},"39":{"loc":{"start":{"line":392,"column":32},"end":{"line":397,"column":33}},"type":"if","locations":[{"start":{"line":392,"column":32},"end":{"line":397,"column":33}},{"start":{"line":392,"column":32},"end":{"line":397,"column":33}}],"line":392},"40":{"loc":{"start":{"line":401,"column":31},"end":{"line":415,"column":25}},"type":"if","locations":[{"start":{"line":401,"column":31},"end":{"line":415,"column":25}},{"start":{"line":401,"column":31},"end":{"line":415,"column":25}}],"line":401},"41":{"loc":{"start":{"line":405,"column":32},"end":{"line":411,"column":33}},"type":"if","locations":[{"start":{"line":405,"column":32},"end":{"line":411,"column":33}},{"start":{"line":405,"column":32},"end":{"line":411,"column":33}}],"line":405},"42":{"loc":{"start":{"line":452,"column":8},"end":{"line":458,"column":9}},"type":"if","locations":[{"start":{"line":452,"column":8},"end":{"line":458,"column":9}},{"start":{"line":452,"column":8},"end":{"line":458,"column":9}}],"line":452},"43":{"loc":{"start":{"line":468,"column":12},"end":{"line":476,"column":13}},"type":"if","locations":[{"start":{"line":468,"column":12},"end":{"line":476,"column":13}},{"start":{"line":468,"column":12},"end":{"line":476,"column":13}}],"line":468}},"s":{"0":1,"1":1,"2":1,"3":1,"4":1,"5":1,"6":1,"7":1,"8":1,"9":1,"10":1,"11":1,"12":1,"13":1,"14":1,"15":1,"16":1,"17":2,"18":2,"19":0,"20":2,"21":1,"22":2,"23":2,"24":2,"25":0,"26":2,"27":1,"28":2,"29":2,"30":2,"31":0,"32":2,"33":1,"34":2,"35":2,"36":2,"37":0,"38":2,"39":1,"40":0,"41":0,"42":0,"43":0,"44":0,"45":0,"46":0,"47":0,"48":0,"49":0,"50":0,"51":0,"52":0,"53":0,"54":0,"55":0,"56":0,"57":0,"58":0,"59":0,"60":0,"61":0,"62":0,"63":0,"64":0,"65":0,"66":0,"67":0,"68":0,"69":0,"70":0,"71":0,"72":0,"73":0,"74":0,"75":0,"76":0,"77":0,"78":0,"79":0,"80":0,"81":0,"82":0,"83":0,"84":0,"85":0,"86":0,"87":0,"88":0,"89":0,"90":0,"91":0,"92":0,"93":0,"94":0,"95":0,"96":0,"97":0,"98":0,"99":0,"100":0,"101":0,"102":0,"103":0,"104":0,"105":0,"106":0,"107":0,"108":0,"109":0,"110":0,"111":0,"112":0,"113":0,"114":0,"115":0,"116":0,"117":0,"118":0,"119":0,"120":1,"121":0,"122":0,"123":0,"124":0,"125":0,"126":0,"127":0,"128":0,"129":0,"130":0,"131":0,"132":0,"133":0,"134":0,"135":0,"136":0,"137":0,"138":0,"139":0,"140":0,"141":0,"142":0,"143":0,"144":0,"145":0,"146":0,"147":0,"148":0,"149":0,"150":1,"151":1,"152":0,"153":0,"154":0,"155":0,"156":0,"157":0,"158":0,"159":0,"160":0,"161":0,"162":0,"163":0,"164":0,"165":0,"166":0,"167":0,"168":0,"169":0,"170":0,"171":0,"172":0,"173":0,"174":0,"175":0,"176":0,"177":0,"178":0,"179":0,"180":0,"181":1,"182":1,"183":0,"184":0,"185":0,"186":0,"187":0,"188":0,"189":0,"190":0,"191":0,"192":0,"193":0,"194":0,"195":0,"196":0,"197":0,"198":0,"199":0,"200":0,"201":0,"202":0,"203":0,"204":0,"205":0,"206":0,"207":0,"208":0,"209":0,"210":0,"211":0,"212":1,"213":0,"214":0,"215":0,"216":0,"217":0,"218":0,"219":1,"220":0,"221":0,"222":0,"223":0,"224":0,"225":0,"226":0,"227":1,"228":1},"f":{"0":2,"1":2,"2":2,"3":2,"4":2,"5":2,"6":2,"7":2,"8":0,"9":0,"10":0,"11":0,"12":0,"13":0,"14":0,"15":0,"16":0,"17":0,"18":0,"19":0,"20":0,"21":0,"22":0,"23":0,"24":0,"25":0,"26":0,"27":0,"28":0,"29":0,"30":0,"31":0,"32":0,"33":0,"34":0,"35":0,"36":0,"37":0,"38":0,"39":0,"40":0,"41":0,"42":0,"43":0,"44":0,"45":0,"46":0,"47":0,"48":0,"49":0,"50":0,"51":0},"b":{"0":[0,2],"1":[0,2],"2":[0,2],"3":[0,2],"4":[0,0],"5":[0,0],"6":[0,0],"7":[0,0],"8":[0,0],"9":[0,0],"10":[0,0],"11":[0,0],"12":[0,0],"13":[0,0],"14":[0,0],"15":[0,0],"16":[0,0],"17":[0,0],"18":[0,0],"19":[0,0],"20":[0,0],"21":[0,0],"22":[0,0],"23":[0,0],"24":[0,0],"25":[0,0],"26":[0,0],"27":[0,0],"28":[0,0],"29":[0,0],"30":[0,0],"31":[0,0],"32":[0,0],"33":[0,0],"34":[0,0],"35":[0,0],"36":[0,0],"37":[0,0],"38":[0,0],"39":[0,0],"40":[0,0],"41":[0,0],"42":[0,0],"43":[0,0]},"_coverageSchema":"332fd63041d2c1bcb487cc26dd0d5f7d97098a6c","hash":"1568c2c131bced942494e0aeaa0db80b99bf24ca","contentHash":"ab46aba7aec5623830906c482630f5e2_11.2.1"},"/home/traning/Desktop/workspace/Personalized-Emailer/projectPmMailer /server/express/models/currencymodel.js":{"path":"/home/traning/Desktop/workspace/Personalized-Emailer/projectPmMailer /server/express/models/currencymodel.js","statementMap":{"0":{"start":{"line":1,"column":17},"end":{"line":1,"column":36}},"1":{"start":{"line":2,"column":15},"end":{"line":2,"column":30}},"2":{"start":{"line":4,"column":23},"end":{"line":12,"column":30}},"3":{"start":{"line":14,"column":20},"end":{"line":14,"column":62}},"4":{"start":{"line":16,"column":0},"end":{"line":16,"column":31}}},"fnMap":{},"branchMap":{},"s":{"0":1,"1":1,"2":1,"3":1,"4":1},"f":{},"b":{},"_coverageSchema":"332fd63041d2c1bcb487cc26dd0d5f7d97098a6c","hash":"419cfd6663d95ae551add390a7dc7454e039a4d6","contentHash":"2555e135cc07e5a1a03f5037bc48f713_11.2.1"},"/home/traning/Desktop/workspace/Personalized-Emailer/projectPmMailer /server/express/models/stock.js":{"path":"/home/traning/Desktop/workspace/Personalized-Emailer/projectPmMailer /server/express/models/stock.js","statementMap":{"0":{"start":{"line":1,"column":17},"end":{"line":1,"column":36}},"1":{"start":{"line":2,"column":15},"end":{"line":2,"column":30}},"2":{"start":{"line":4,"column":20},"end":{"line":10,"column":27}},"3":{"start":{"line":12,"column":16},"end":{"line":12,"column":52}},"4":{"start":{"line":14,"column":0},"end":{"line":14,"column":27}}},"fnMap":{},"branchMap":{},"s":{"0":1,"1":1,"2":1,"3":1,"4":1},"f":{},"b":{},"_coverageSchema":"332fd63041d2c1bcb487cc26dd0d5f7d97098a6c","hash":"e416f53bc9168369c6ea46bb98281ce5f524cd7d","contentHash":"acdaa235e6360fda67cfa7025177e665_11.2.1"},"/home/traning/Desktop/workspace/Personalized-Emailer/projectPmMailer /server/express/models/nasdaq.js":{"path":"/home/traning/Desktop/workspace/Personalized-Emailer/projectPmMailer /server/express/models/nasdaq.js","statementMap":{"0":{"start":{"line":1,"column":17},"end":{"line":1,"column":36}},"1":{"start":{"line":2,"column":15},"end":{"line":2,"column":30}},"2":{"start":{"line":4,"column":21},"end":{"line":9,"column":28}},"3":{"start":{"line":11,"column":17},"end":{"line":11,"column":55}},"4":{"start":{"line":13,"column":0},"end":{"line":13,"column":28}}},"fnMap":{},"branchMap":{},"s":{"0":1,"1":1,"2":1,"3":1,"4":1},"f":{},"b":{},"_coverageSchema":"332fd63041d2c1bcb487cc26dd0d5f7d97098a6c","hash":"31339705b6238a138c4a42d0cd1162f845ccac7a","contentHash":"a7975d48c59e9b47eaa5349ad6f44362_11.2.1"},"/home/traning/Desktop/workspace/Personalized-Emailer/projectPmMailer /server/express/models/fundsmodel.js":{"path":"/home/traning/Desktop/workspace/Personalized-Emailer/projectPmMailer /server/express/models/fundsmodel.js","statementMap":{"0":{"start":{"line":1,"column":17},"end":{"line":1,"column":36}},"1":{"start":{"line":2,"column":15},"end":{"line":2,"column":30}},"2":{"start":{"line":4,"column":19},"end":{"line":11,"column":26}},"3":{"start":{"line":13,"column":16},"end":{"line":13,"column":50}},"4":{"start":{"line":15,"column":0},"end":{"line":15,"column":27}}},"fnMap":{},"branchMap":{},"s":{"0":1,"1":1,"2":1,"3":1,"4":1},"f":{},"b":{},"_coverageSchema":"332fd63041d2c1bcb487cc26dd0d5f7d97098a6c","hash":"e71f27c26355700bea1fe1c0c5f58e3d630851a5","contentHash":"f27dafdeb998d32c32d3d7f509cce475_11.2.1"},"/home/traning/Desktop/workspace/Personalized-Emailer/projectPmMailer /server/express/routes/index.js":{"path":"/home/traning/Desktop/workspace/Personalized-Emailer/projectPmMailer /server/express/routes/index.js","statementMap":{"0":{"start":{"line":1,"column":14},"end":{"line":1,"column":32}},"1":{"start":{"line":2,"column":13},"end":{"line":2,"column":29}},"2":{"start":{"line":5,"column":0},"end":{"line":7,"column":3}},"3":{"start":{"line":6,"column":2},"end":{"line":6,"column":66}},"4":{"start":{"line":9,"column":0},"end":{"line":9,"column":24}}},"fnMap":{"0":{"name":"(anonymous_0)","decl":{"start":{"line":5,"column":16},"end":{"line":5,"column":17}},"loc":{"start":{"line":5,"column":35},"end":{"line":7,"column":1}},"line":5}},"branchMap":{},"s":{"0":1,"1":1,"2":1,"3":0,"4":1},"f":{"0":0},"b":{},"_coverageSchema":"332fd63041d2c1bcb487cc26dd0d5f7d97098a6c","hash":"c55af45afa3aca46db32b48094d1ec8528a1a2c9","contentHash":"6afd419a5625ae3730991dac20d10b1e_11.2.1"},"/home/traning/Desktop/workspace/Personalized-Emailer/projectPmMailer /server/express/routes/tweets.js":{"path":"/home/traning/Desktop/workspace/Personalized-Emailer/projectPmMailer /server/express/routes/tweets.js","statementMap":{"0":{"start":{"line":1,"column":14},"end":{"line":1,"column":32}},"1":{"start":{"line":2,"column":13},"end":{"line":2,"column":29}},"2":{"start":{"line":3,"column":11},"end":{"line":3,"column":26}},"3":{"start":{"line":4,"column":13},"end":{"line":4,"column":45}},"4":{"start":{"line":7,"column":14},"end":{"line":7,"column":38}},"5":{"start":{"line":9,"column":18},"end":{"line":9,"column":20}},"6":{"start":{"line":10,"column":16},"end":{"line":10,"column":19}},"7":{"start":{"line":11,"column":17},"end":{"line":11,"column":34}},"8":{"start":{"line":12,"column":24},"end":{"line":12,"column":48}},"9":{"start":{"line":17,"column":0},"end":{"line":73,"column":3}},"10":{"start":{"line":19,"column":23},"end":{"line":19,"column":25}},"11":{"start":{"line":20,"column":17},"end":{"line":20,"column":19}},"12":{"start":{"line":22,"column":17},"end":{"line":26,"column":9}},"13":{"start":{"line":29,"column":4},"end":{"line":31,"column":5}},"14":{"start":{"line":30,"column":8},"end":{"line":30,"column":41}},"15":{"start":{"line":34,"column":4},"end":{"line":44,"column":7}},"16":{"start":{"line":36,"column":8},"end":{"line":36,"column":22}},"17":{"start":{"line":38,"column":16},"end":{"line":38,"column":17}},"18":{"start":{"line":39,"column":18},"end":{"line":39,"column":31}},"19":{"start":{"line":41,"column":8},"end":{"line":43,"column":9}},"20":{"start":{"line":42,"column":12},"end":{"line":42,"column":33}},"21":{"start":{"line":52,"column":21},"end":{"line":57,"column":9}},"22":{"start":{"line":60,"column":8},"end":{"line":71,"column":11}},"23":{"start":{"line":61,"column":12},"end":{"line":61,"column":32}},"24":{"start":{"line":62,"column":12},"end":{"line":62,"column":37}},"25":{"start":{"line":63,"column":12},"end":{"line":63,"column":39}},"26":{"start":{"line":66,"column":12},"end":{"line":70,"column":13}},"27":{"start":{"line":67,"column":16},"end":{"line":67,"column":66}},"28":{"start":{"line":68,"column":16},"end":{"line":68,"column":39}},"29":{"start":{"line":75,"column":0},"end":{"line":75,"column":24}}},"fnMap":{"0":{"name":"(anonymous_0)","decl":{"start":{"line":17,"column":35},"end":{"line":17,"column":36}},"loc":{"start":{"line":17,"column":54},"end":{"line":73,"column":1}},"line":17},"1":{"name":"(anonymous_1)","decl":{"start":{"line":34,"column":43},"end":{"line":34,"column":44}},"loc":{"start":{"line":34,"column":69},"end":{"line":44,"column":5}},"line":34},"2":{"name":"getOEmbed","decl":{"start":{"line":49,"column":13},"end":{"line":49,"column":22}},"loc":{"start":{"line":49,"column":30},"end":{"line":72,"column":5}},"line":49},"3":{"name":"(anonymous_3)","decl":{"start":{"line":60,"column":41},"end":{"line":60,"column":42}},"loc":{"start":{"line":60,"column":67},"end":{"line":71,"column":9}},"line":60}},"branchMap":{"0":{"loc":{"start":{"line":29,"column":4},"end":{"line":31,"column":5}},"type":"if","locations":[{"start":{"line":29,"column":4},"end":{"line":31,"column":5}},{"start":{"line":29,"column":4},"end":{"line":31,"column":5}}],"line":29},"1":{"loc":{"start":{"line":66,"column":12},"end":{"line":70,"column":13}},"type":"if","locations":[{"start":{"line":66,"column":12},"end":{"line":70,"column":13}},{"start":{"line":66,"column":12},"end":{"line":70,"column":13}}],"line":66}},"s":{"0":1,"1":1,"2":1,"3":1,"4":1,"5":1,"6":1,"7":1,"8":1,"9":1,"10":2,"11":2,"12":2,"13":2,"14":0,"15":2,"16":1,"17":1,"18":1,"19":1,"20":0,"21":0,"22":0,"23":0,"24":0,"25":0,"26":0,"27":0,"28":0,"29":1},"f":{"0":2,"1":1,"2":0,"3":0},"b":{"0":[0,2],"1":[0,0]},"_coverageSchema":"332fd63041d2c1bcb487cc26dd0d5f7d97098a6c","hash":"edbbf4d7877226bcb1e1fd56ec4505bb9f3b5fb0","contentHash":"b7bf833bfb23c4616659286f921438b9_11.2.1"},"/home/traning/Desktop/workspace/Personalized-Emailer/projectPmMailer /server/express/config/tweetconfig.js":{"path":"/home/traning/Desktop/workspace/Personalized-Emailer/projectPmMailer /server/express/config/tweetconfig.js","statementMap":{"0":{"start":{"line":1,"column":0},"end":{"line":10,"column":2}}},"fnMap":{},"branchMap":{},"s":{"0":1},"f":{},"b":{},"_coverageSchema":"332fd63041d2c1bcb487cc26dd0d5f7d97098a6c","hash":"84e3c73653ee601adcb460b4e86e73c167c5da24","contentHash":"909d708521710dac1d71de220b9e44fe_11.2.1"},"/home/traning/Desktop/workspace/Personalized-Emailer/projectPmMailer /server/express/routes/liveTweets.js":{"path":"/home/traning/Desktop/workspace/Personalized-Emailer/projectPmMailer /server/express/routes/liveTweets.js","statementMap":{},"fnMap":{},"branchMap":{},"s":{},"f":{},"b":{},"_coverageSchema":"332fd63041d2c1bcb487cc26dd0d5f7d97098a6c","hash":"d5febec237ef745628a6689bd2dbb28ec6534905","contentHash":"0c4522e772d68208267479f83ad9a6c6_11.2.1"}}